Log file open, 04/27/17 16:45:41
LogInit:Display: Running engine for game: Projecto3Dcars
LogPlatformFile: Not using cached read wrapper
LogInit:Display: RandInit(783763672) SRandInit(783763672).
LogTaskGraph: Started task graph with 5 named threads and 8 total threads with 1 sets of task threads.
LogStats: Stats thread started at 0.391256
LogInit: Using libcurl 7.47.1
LogInit:  - built for x86_64-pc-win32
LogInit:  - supports SSL with OpenSSL/1.0.2g
LogInit:  - supports HTTP deflate (compression) using libz 1.2.8
LogInit:  - other features:
LogInit:      CURL_VERSION_SSL
LogInit:      CURL_VERSION_LIBZ
LogInit:      CURL_VERSION_IPV6
LogInit:      CURL_VERSION_ASYNCHDNS
LogInit:      CURL_VERSION_LARGEFILE
LogInit:      CURL_VERSION_IDN
LogInit:  CurlRequestOptions (configurable via config and command line):
LogInit:  - bVerifyPeer = false  - Libcurl will NOT verify peer certificate
LogInit:  - bUseHttpProxy = false  - Libcurl will NOT use HTTP proxy
LogInit:  - bDontReuseConnections = false  - Libcurl will reuse connections
LogInit:  - CertBundlePath = nullptr  - Libcurl will use whatever was configured at build time.
LogInit: Build: ++UE4+Release-4.15-CL-3348071
LogInit: Engine Version: 4.15.1-3348071+++UE4+Release-4.15
LogInit: Compatible Engine Version: 4.15.0-3299760+++UE4+Release-4.15
LogInit: Net CL: 3299760
LogDevObjectVersion: Number of dev versions registered: 14
LogDevObjectVersion:   Dev-Blueprints (B0D832E4-1F89-4F0D-ACCF-7EB736FD4AA2): 8
LogDevObjectVersion:   Dev-Build (E1C64328-A22C-4D53-A36C-8E866417BD8C): 0
LogDevObjectVersion:   Dev-Core (375EC13C-06E4-48FB-B500-84F0262A717E): 2
LogDevObjectVersion:   Dev-Editor (E4B068ED-F494-42E9-A231-DA0B2E46BB41): 14
LogDevObjectVersion:   Dev-Framework (CFFC743F-43B0-4480-9391-14DF171D2073): 22
LogDevObjectVersion:   Dev-Mobile (B02B49B5-BB20-44E9-A304-32B752E40360): 0
LogDevObjectVersion:   Dev-Networking (A4E4105C-59A1-49B5-A7C5-40C4547EDFEE): 0
LogDevObjectVersion:   Dev-Online (39C831C9-5AE6-47DC-9A44-9C173E1C8E7C): 0
LogDevObjectVersion:   Dev-Physics (78F01B33-EBEA-4F98-B9B4-84EACCB95AA2): 0
LogDevObjectVersion:   Dev-Platform (6631380F-2D4D-43E0-8009-CF276956A95A): 0
LogDevObjectVersion:   Dev-Rendering (12F88B9F-8875-4AFC-A67C-D90C383ABD29): 12
LogDevObjectVersion:   Dev-Sequencer (7B5AE74C-D270-4C10-A958-57980B212A5A): 3
LogDevObjectVersion:   Dev-VR (D7296918-1DD6-4BDD-9DE2-64A83CC13884): 0
LogDevObjectVersion:   Dev-LoadTimes (C2A15278-BFE7-4AFE-6C17-90FF531DF755): 1
LogInit: Compiled (64-bit): Mar 15 2017 16:52:47
LogInit: Compiled with Visual C++: 19.00.23026.00
LogInit: Build Configuration: Development
LogInit: Branch Name: ++UE4+Release-4.15
LogInit: Command line: -EpicPortal 
LogInit: Base directory: C:/Program Files (x86)/Epic Games/UE_4.15/Engine/Binaries/Win64/
LogInit: Installed Engine Build: 1
LogInit: Presizing for max 8388607 objects, including 0 objects not considered by GC, pre-allocating 0 bytes for permanent pool.
LogInit: Object subsystem initialized
[2017.04.27-15.45.44:181][  0]LogInit: Selected Device Profile: [Windows]
[2017.04.27-15.45.44:181][  0]LogInit: Applying CVar settings loaded from the selected device profile: [Windows]
[2017.04.27-15.45.44:331][  0]LogInit: Computer: DESKTOP-ADB3IOJ
[2017.04.27-15.45.44:331][  0]LogInit: User: nelso
[2017.04.27-15.45.44:331][  0]LogInit: CPU Page size=65536, Cores=4
[2017.04.27-15.45.44:331][  0]LogInit: High frequency timer resolution =2.249999 MHz
[2017.04.27-15.45.44:331][  0]LogMemory: Memory total: Physical=7.9GB (8GB approx)
[2017.04.27-15.45.44:331][  0]LogMemory: Platform Memory Stats for Windows
[2017.04.27-15.45.44:331][  0]LogMemory: Process Physical Memory: 263.16 MB used, 263.16 MB peak
[2017.04.27-15.45.44:331][  0]LogMemory: Process Virtual Memory: 262.36 MB used, 262.36 MB peak
[2017.04.27-15.45.44:331][  0]LogMemory: Physical Memory: 7350.20 MB used,  737.91 MB free, 8088.11 MB total
[2017.04.27-15.45.44:331][  0]LogMemory: Virtual Memory: 645.45 MB used,  737.91 MB free, 134217728.00 MB total
[2017.04.27-15.45.45:518][  0]LogTextLocalizationManager: No translations for ('pt-PT') exist, falling back to 'en' for localization and internationalization data.
[2017.04.27-15.45.58:912][  0]LogD3D11RHI: D3D11 adapters:
[2017.04.27-15.46.00:260][  0]LogD3D11RHI:    0. 'NVIDIA GeForce GTX 950M' (Feature Level 11_0)
[2017.04.27-15.46.00:260][  0]LogD3D11RHI:       4065/0/4044 MB DedicatedVideo/DedicatedSystem/SharedSystem, Outputs:1, VendorId:0x10de
[2017.04.27-15.46.00:433][  0]LogD3D11RHI:    1. 'Intel(R) HD Graphics 530' (Feature Level 11_0)
[2017.04.27-15.46.00:433][  0]LogD3D11RHI:       128/0/4044 MB DedicatedVideo/DedicatedSystem/SharedSystem, Outputs:0, VendorId:0x8086
[2017.04.27-15.46.00:501][  0]LogD3D11RHI:    2. 'Microsoft Basic Render Driver' (Feature Level 11_0)
[2017.04.27-15.46.00:501][  0]LogD3D11RHI:       0/0/4044 MB DedicatedVideo/DedicatedSystem/SharedSystem, Outputs:0, VendorId:0x1414
[2017.04.27-15.46.00:501][  0]LogD3D11RHI: Chosen D3D11 Adapter: 0
[2017.04.27-15.46.00:508][  0]LogD3D11RHI: Creating new Direct3DDevice
[2017.04.27-15.46.00:508][  0]LogD3D11RHI:     GPU DeviceId: 0x139a (for the marketing name, search the web for "GPU Device Id")
[2017.04.27-15.46.00:508][  0]LogWindows: EnumDisplayDevices:
[2017.04.27-15.46.00:509][  0]LogWindows:    0. 'Intel(R) HD Graphics 530' (P:1 D:1)
[2017.04.27-15.46.00:509][  0]LogWindows:    1. 'Intel(R) HD Graphics 530' (P:0 D:0)
[2017.04.27-15.46.00:509][  0]LogWindows:    2. 'Intel(R) HD Graphics 530' (P:0 D:0)
[2017.04.27-15.46.00:509][  0]LogWindows: DebugString: PrimaryIsNotTheChoosenAdapter PrimaryIsNotTheChoosenAdapter PrimaryIsNotTheChoosenAdapter FoundDriverCount:0 
[2017.04.27-15.46.00:509][  0]LogD3D11RHI:     Adapter Name: NVIDIA GeForce GTX 950M
[2017.04.27-15.46.00:509][  0]LogD3D11RHI:   Driver Version: Unknown (internal:Unknown, unified:Unknown)
[2017.04.27-15.46.00:509][  0]LogD3D11RHI:      Driver Date: Unknown
[2017.04.27-15.46.00:509][  0]LogRHI: Texture pool is 1361 MB (70% of 1945 MB)
[2017.04.27-15.46.01:544][  0]LogD3D11RHI: Async texture creation enabled
[2017.04.27-15.46.01:639][  0]LogD3D11RHI: GPU Timing Frequency: 1000.000000 (Debug: 2 1)
[2017.04.27-15.46.01:640][  0]LogShaderCompilers: Guid format shader working directory is -33 characters bigger than the processId version (../../../../../../Users/nelso/OneDrive/Documents/Unreal Projects/Projecto3Dcars/Intermediate/Shaders/WorkingDirectory/5508/).
[2017.04.27-15.46.01:641][  0]LogShaderCompilers: Cleaned the shader compiler working directory 'C:/Users/nelso/AppData/Local/Temp/UnrealShaderWorkingDir/463696E34E4C00B1DC2F979858F8F4A2/'.
[2017.04.27-15.46.01:641][  0]LogShaderCompilers:Display: Using Local Shader Compiler.
[2017.04.27-15.46.09:199][  0]LogTemp:Display: Loaded TP AllDesktopTargetPlatform
[2017.04.27-15.46.09:467][  0]LogTemp:Display: Loaded TP MacClientTargetPlatform
[2017.04.27-15.46.09:602][  0]LogTemp:Display: Loaded TP MacNoEditorTargetPlatform
[2017.04.27-15.46.09:714][  0]LogTemp:Display: Loaded TP MacServerTargetPlatform
[2017.04.27-15.46.09:833][  0]LogTemp:Display: Loaded TP MacTargetPlatform
[2017.04.27-15.46.09:945][  0]LogTemp:Display: Loaded TP WindowsClientTargetPlatform
[2017.04.27-15.46.10:038][  0]LogTemp:Display: Loaded TP WindowsNoEditorTargetPlatform
[2017.04.27-15.46.10:137][  0]LogTemp:Display: Loaded TP WindowsServerTargetPlatform
[2017.04.27-15.46.10:222][  0]LogTemp:Display: Loaded TP WindowsTargetPlatform
[2017.04.27-15.46.10:330][  0]LogTemp:Display: Loaded TP AndroidTargetPlatform
[2017.04.27-15.46.10:434][  0]LogTemp:Display: Loaded TP Android_ASTCTargetPlatform
[2017.04.27-15.46.10:523][  0]LogTemp:Display: Loaded TP Android_ATCTargetPlatform
[2017.04.27-15.46.10:611][  0]LogTemp:Display: Loaded TP Android_DXTTargetPlatform
[2017.04.27-15.46.10:712][  0]LogTemp:Display: Loaded TP Android_ETC1TargetPlatform
[2017.04.27-15.46.10:810][  0]LogTemp:Display: Loaded TP Android_ETC2TargetPlatform
[2017.04.27-15.46.11:104][  0]LogTemp:Display: Loaded TP Android_MultiTargetPlatform
[2017.04.27-15.46.11:104][  0]LogTemp:Display: Loaded TP Android_PVRTCTargetPlatform
[2017.04.27-15.46.11:215][  0]LogTemp:Display: Loaded TP HTML5TargetPlatform
[2017.04.27-15.46.11:406][  0]LogTemp:Display: Loaded TP IOSTargetPlatform
[2017.04.27-15.46.11:464][  0]LogTemp:Display: Loaded TP TVOSTargetPlatform
[2017.04.27-15.46.11:563][  0]LogTemp:Display: Loaded TP LinuxClientTargetPlatform
[2017.04.27-15.46.11:662][  0]LogTemp:Display: Loaded TP LinuxNoEditorTargetPlatform
[2017.04.27-15.46.11:812][  0]LogTemp:Display: Loaded TP LinuxServerTargetPlatform
[2017.04.27-15.46.12:012][  0]LogTemp:Display: Loaded TP LinuxTargetPlatform
[2017.04.27-15.46.12:012][  0]LogTargetPlatformManager:Display: Building Assets For Windows
[2017.04.27-15.46.14:069][  0]LogDerivedDataCache:Display: Max Cache Size: 512 MB
[2017.04.27-15.46.15:372][  0]LogDerivedDataCache: Loaded boot cache 1.30s 50MB C:/Users/nelso/AppData/Local/UnrealEngine/4.15/DerivedDataCache/Boot.ddc.
[2017.04.27-15.46.15:372][  0]LogDerivedDataCache:Display: Loaded Boot cache: C:/Users/nelso/AppData/Local/UnrealEngine/4.15/DerivedDataCache/Boot.ddc
[2017.04.27-15.46.15:372][  0]LogDerivedDataCache: FDerivedDataBackendGraph:  Pak pak cache file ../../../../../../Users/nelso/OneDrive/Documents/Unreal Projects/Projecto3Dcars/DerivedDataCache/DDC.ddp not found, will not use a pak cache.
[2017.04.27-15.46.15:372][  0]LogDerivedDataCache: Unable to find inner node Pak for hierarchical cache Hierarchy.
[2017.04.27-15.46.15:373][  0]LogDerivedDataCache: FDerivedDataBackendGraph:  CompressedPak pak cache file ../../../../../../Users/nelso/OneDrive/Documents/Unreal Projects/Projecto3Dcars/DerivedDataCache/Compressed.ddp not found, will not use a pak cache.
[2017.04.27-15.46.15:373][  0]LogDerivedDataCache: Unable to find inner node CompressedPak for hierarchical cache Hierarchy.
[2017.04.27-15.46.15:424][  0]LogDerivedDataCache:Display: Pak cache opened for reading ../../../Engine/DerivedDataCache/Compressed.ddp.
[2017.04.27-15.46.15:437][  0]LogDerivedDataCache: Using Local data cache path C:/Users/nelso/AppData/Local/UnrealEngine/Common/DerivedDataCache: Writable
[2017.04.27-15.46.15:455][  0]LogSlate: Using Freetype 2.6.0
[2017.04.27-15.46.15:489][  0]LogSlate: SlateFontCache - WITH_FREETYPE: 1, WITH_HARFBUZZ: 1
[2017.04.27-15.46.15:489][  0]LogSlate: SlateFontCache - WITH_FREETYPE: 1, WITH_HARFBUZZ: 1
[2017.04.27-15.46.21:385][  0]LogInit: Selected Device Profile: [Windows]
[2017.04.27-15.46.21:404][  0]LogContentStreaming: Texture pool size is 0.00 MB
[2017.04.27-15.46.22:009][  0]LogMeshUtilities: Using QuadricMeshReduction for automatic static mesh reduction
[2017.04.27-15.46.22:159][  0]LogSimplygon: Simplygon DLL not present - disabling.
[2017.04.27-15.46.22:288][  0]LogMeshUtilities: Using SimplygonSwarm for distributed automatic mesh merging
[2017.04.27-15.46.22:288][  0]LogMeshUtilities: No automatic skeletal mesh reduction module available
[2017.04.27-15.46.22:288][  0]LogMeshUtilities: No automatic mesh merging module available
[2017.04.27-15.46.24:012][  0]LogNetVersion: GetLocalNetworkVersion: CL: 3299760, ProjectName: projecto3dcars, ProjectVersion: , EngineNetworkVersion: 2, GameNetworkVersion: 0, NetworkChecksum: 2483648698
[2017.04.27-15.46.24:098][  0]LogAssetRegistry: FAssetRegistry took 0.0345 seconds to start up
[2017.04.27-15.46.24:333][  0]LogPackageLocalizationCache: Processed 3 localized package path(s) for 1 prioritized culture(s) in 0.180142 seconds
[2017.04.27-15.46.24:340][  0]LogUObjectArray: 32493 objects as part of root set at end of initial load.
[2017.04.27-15.46.24:340][  0]LogUObjectAllocator: 7077032 out of 0 bytes used by permanent object pool.
[2017.04.27-15.46.24:340][  0]LogUObjectArray: CloseDisregardForGC: 0/0 objects in disregard for GC pool
[2017.04.27-15.46.24:585][  0]LogInit: WinSock: version 1.1 (2.2), MaxSocks=32767, MaxUdp=65467
[2017.04.27-15.46.28:918][  0]LogTcpMessaging: Initializing TcpMessaging bridge
[2017.04.27-15.46.29:024][  0]LogUdpMessaging: Initializing bridge on interface 0.0.0.0:0 to multicast group 230.0.0.1:6666.
[2017.04.27-15.46.30:066][  0]LogMaterial: Uniform references updated for custom material expression Custom.
[2017.04.27-15.46.30:843][  0]SourceControl: Info Source control is disabled
[2017.04.27-15.46.30:844][  0]SourceControl: Info Source control is disabled
[2017.04.27-15.46.30:963][  0]SourceControl: Info Source control is disabled
[2017.04.27-15.46.31:058][  0]SourceControl: Info Source control is disabled
[2017.04.27-15.46.35:093][  0]LogEngine: Initializing Engine...
[2017.04.27-15.46.35:094][  0]LogHMD: Failed to initialize OpenVR with code 110
[2017.04.27-15.46.35:767][  0]LogAIModule: Creating AISystem for world Untitled
[2017.04.27-15.46.35:778][  0]LogInit: XAudio2 using 'Altifalantes (Conexant SmartAudio HD)' : 2 channels at 48 kHz using 32 bits per sample (channel mask 0x3)
[2017.04.27-15.46.35:815][  0]LogInit: FAudioDevice initialized.
[2017.04.27-15.46.35:989][  0]LogDerivedDataCache: Saved boot cache 0.17s 50MB C:/Users/nelso/AppData/Local/UnrealEngine/4.15/DerivedDataCache/Boot.ddc.
[2017.04.27-15.46.36:015][  0]LogInit: Texture streaming: Enabled
[2017.04.27-15.46.36:323][  0]LogEngineSessionManager: EngineSessionManager initialized
[2017.04.27-15.46.37:012][  0]LogInit: Transaction tracking system initialized
[2017.04.27-15.46.37:806][  0]BlueprintLog: New page: Editor Load
[2017.04.27-15.46.40:403][  0]LocalizationService: Info Localization service is disabled
[2017.04.27-15.46.41:928][  0]LogConsoleResponse:Display: 
[2017.04.27-15.46.42:290][  0]LogCook:Display: Max memory allowance for cook 16384mb min free memory 0mb
[2017.04.27-15.46.42:290][  0]LogCook:Display: Mobile HDR setting 1
[2017.04.27-15.46.42:844][  0]LogFileCache: Scanning file cache for directory 'C:/Users/nelso/OneDrive/Documents/Unreal Projects/Projecto3Dcars/Content/' took 0.04s
[2017.04.27-15.46.44:660][  0]SourceControl: Info Source control is disabled
[2017.04.27-15.46.44:660][  0]Cmd: MAP LOAD FILE="../../../../../../Users/nelso/OneDrive/Documents/Unreal Projects/Projecto3Dcars/Content/VehicleAdvBP/Maps/VehicleAdvExampleMap.umap" TEMPLATE=0 SHOWPROGRESS=1 FEATURELEVEL=3
[2017.04.27-15.46.44:661][  0]LightingResults: New page: Lighting Build
[2017.04.27-15.46.44:752][  0]MapCheck: New page: Map Check
[2017.04.27-15.46.44:752][  0]LightingResults: New page: Lighting Build
[2017.04.27-15.46.54:754][  0]LogAIModule: Creating AISystem for world VehicleAdvExampleMap
[2017.04.27-15.46.56:329][  0]LogEditorServer: Finished looking for orphan Actors (0.000 secs)
[2017.04.27-15.46.56:378][  0]Cmd: MAP CHECKDEP NOCLEARLOG
[2017.04.27-15.46.56:457][  0]MapCheck: Info Map check complete: 0 Error(s), 0 Warning(s), took 79.117ms to complete.
[2017.04.27-15.46.56:457][  0]LogFileHelpers: Loading map 'VehicleAdvExampleMap' took 11.797
[2017.04.27-15.46.58:070][  0]LogCollectionManager: Loaded 0 collections in 0.015306 seconds
[2017.04.27-15.46.58:279][  0]LogFileCache: Scanning file cache for directory 'C:/Users/nelso/OneDrive/Documents/Unreal Projects/Projecto3Dcars/Saved/Collections/' took 0.01s
[2017.04.27-15.46.58:279][  0]LogFileCache: Scanning file cache for directory 'C:/Users/nelso/OneDrive/Documents/Unreal Projects/Projecto3Dcars/Content/Developers/nelso/Collections/' took 0.01s
[2017.04.27-15.46.58:279][  0]LogFileCache: Scanning file cache for directory 'C:/Users/nelso/OneDrive/Documents/Unreal Projects/Projecto3Dcars/Content/Collections/' took 0.01s
[2017.04.27-15.46.58:279][  0]LogCollectionManager: Rebuilt the GUID cache for 0 collections in 0.000003 seconds
[2017.04.27-15.46.58:299][  0]LogContentBrowser: Native class hierarchy populated in 0.0176 seconds. Added 2247 classes and 456 folders.
[2017.04.27-15.46.58:380][  0]LogStats: UGameplayTagsManager::ConstructGameplayTagTree: Construct from data asset -  0.000 s
[2017.04.27-15.46.58:381][  0]LogStats: UGameplayTagsManager::ConstructGameplayTagTree: GameplayTagTreeChangedEvent.Broadcast -  0.000 s
[2017.04.27-15.46.58:586][  0]LogContentBrowser: Native class hierarchy updated for 'WidgetCarousel' in 0.0025 seconds. Added 0 classes and 0 folders.
[2017.04.27-15.47.01:248][  0]LogContentBrowser: Native class hierarchy updated for 'AddContentDialog' in 0.0006 seconds. Added 0 classes and 0 folders.
[2017.04.27-15.47.01:548][  0]LogContentBrowser: Native class hierarchy updated for 'SceneOutliner' in 0.0008 seconds. Added 1 classes and 2 folders.
[2017.04.27-15.47.03:122][  0]LogCrashTracker: Crashtracker disabled due to settings.
[2017.04.27-15.47.03:314][  0]LogUObjectGlobals:Warning: Failed to find object 'Class None.'
[2017.04.27-15.47.03:469][  0]LogContentBrowser: Native class hierarchy updated for 'HierarchicalLODOutliner' in 0.0007 seconds. Added 1 classes and 2 folders.
[2017.04.27-15.47.03:470][  0]LogLoad: (Engine Initialization) Total time: 95.62 seconds
[2017.04.27-15.47.03:470][  0]LogLoad: (Engine Initialization) Total Blueprint compile time: 1.38 seconds
[2017.04.27-15.47.03:470][  0]LogExternalProfiler: Found external profiler: VSPerf
[2017.04.27-15.47.03:470][  0]LogExternalProfiler: Using external profiler: VSPerf
[2017.04.27-15.47.03:809][  0]LogOcInput: OculusInput pre-init called
[2017.04.27-15.47.03:847][  0]LogRawInputWindows:Warning: Found device 0 devices
[2017.04.27-15.47.03:847][  0]LogRawInputWindows:Warning: Found device 0 devices
[2017.04.27-15.47.03:847][  0]LogRawInputWindows:Warning: Device was registered succesfully but not connected (Usage:4 UsagePage:1
[2017.04.27-15.47.04:138][  0]LogContentStreaming: Texture pool size now 1000 MB
[2017.04.27-15.47.04:214][  0]LogSlate: Took 0.030085 seconds to synchronously load lazily loaded font '../../../Engine/Content/Slate/Fonts/Roboto-Regular.ttf' (155K)
[2017.04.27-15.47.04:239][  0]LogSlate: Took 0.020133 seconds to synchronously load lazily loaded font '../../../Engine/Content/Slate/Fonts/Roboto-Bold.ttf' (160K)
[2017.04.27-15.47.04:298][  0]LogSlate: Took 0.020013 seconds to synchronously load lazily loaded font '../../../Engine/Content/Editor/Slate/Fonts/FontAwesome.ttf' (139K)
[2017.04.27-15.47.05:725][  0]LogRenderer: Reallocating scene render targets to support 936x456 NumSamples 1 (Frame:2).
[2017.04.27-15.47.08:249][  1]LogSlate: Took 0.075422 seconds to synchronously load lazily loaded font '../../../Engine/Content/Slate/Fonts/Roboto-Light.ttf' (159K)
[2017.04.27-15.47.08:879][  2]LogSlate: Took 0.000704 seconds to synchronously load lazily loaded font '../../../Engine/Content/Slate/Fonts/Roboto-Light.ttf' (159K)
[2017.04.27-15.47.10:045][  6]LogAssetRegistry: Asset discovery search completed in 45.9804 seconds
[2017.04.27-15.47.10:045][  6]LogCollectionManager: Rebuilt the object cache for 0 collections in 0.000008 seconds (found 0 objects)
[2017.04.27-15.47.10:045][  6]LogCollectionManager: Fixed up redirectors for 0 collections in 0.000029 seconds (updated 0 objects)
[2017.04.27-15.48.04:381][368]LogSlate: Took 0.000159 seconds to synchronously load lazily loaded font '../../../Engine/Content/Slate/Fonts/Roboto-Light.ttf' (159K)
[2017.04.27-15.48.05:367][368]LogSlate: Took 0.000192 seconds to synchronously load lazily loaded font '../../../Engine/Content/Slate/Fonts/Roboto-Regular.ttf' (155K)
[2017.04.27-15.48.06:363][368]LogContentBrowser: Native class hierarchy updated for 'BlueprintGraph' in 0.0010 seconds. Added 112 classes and 0 folders.
[2017.04.27-15.48.09:395][368]LogSlate: Took 0.018590 seconds to synchronously load lazily loaded font '../../../Engine/Content/Editor/Slate/Fonts/Roboto-BoldCondensed.ttf' (158K)
[2017.04.27-15.48.10:616][369]LogSlate: Took 0.028745 seconds to synchronously load lazily loaded font '../../../Engine/Content/Editor/Slate/Fonts/Roboto-Italic.ttf' (157K)
[2017.04.27-15.54.01:791][853]BlueprintLog: New page: Compile myPlayerController
[2017.04.27-15.54.02:667][853]BlueprintEditorCompileResults: Info 'SaveGameReference' is already a 'My Save Game', you don't need  Cast To MySaveGame .
[2017.04.27-15.54.04:300][898]LogSavePackage: Save=252.59ms
[2017.04.27-15.54.04:300][898]LogSavePackage: Moving '../../../../../../Users/nelso/OneDrive/Documents/Unreal Projects/Projecto3Dcars/Saved/myPlayerController317E810F4F594A7F9D8B14BBFD18A56E.tmp' to '../../../../../../Users/nelso/OneDrive/Documents/Unreal Projects/Projecto3Dcars/Content/Blueprints/myPlayerController.uasset'
[2017.04.27-15.54.04:302][898]LogSavePackage:Display: Finished SavePackage ../../../../../../Users/nelso/OneDrive/Documents/Unreal Projects/Projecto3Dcars/Content/Blueprints/myPlayerController.uasset
[2017.04.27-15.54.24:222][906]LogSavePackage: Save=118.80ms
[2017.04.27-15.54.24:222][906]LogSavePackage: Moving '../../../../../../Users/nelso/OneDrive/Documents/Unreal Projects/Projecto3Dcars/Saved/myPlayerController65F5B2B84AE1F4A8942AD494E8E25533.tmp' to '../../../../../../Users/nelso/OneDrive/Documents/Unreal Projects/Projecto3Dcars/Content/Blueprints/myPlayerController.uasset'
[2017.04.27-15.54.24:227][906]LogSavePackage:Display: Finished SavePackage ../../../../../../Users/nelso/OneDrive/Documents/Unreal Projects/Projecto3Dcars/Content/Blueprints/myPlayerController.uasset
[2017.04.27-15.54.24:632][921]BlueprintLog: New page: Compile myPlayerController
[2017.04.27-15.54.25:118][921]BlueprintEditorCompileResults: Info 'SaveGameReference' is already a 'My Save Game', you don't need  Cast To MySaveGame .
[2017.04.27-15.54.25:702][939]LogSavePackage: Save=117.46ms
[2017.04.27-15.54.25:702][939]LogSavePackage: Moving '../../../../../../Users/nelso/OneDrive/Documents/Unreal Projects/Projecto3Dcars/Saved/myPlayerController2312F623497D56EB0D3442A980AF85AD.tmp' to '../../../../../../Users/nelso/OneDrive/Documents/Unreal Projects/Projecto3Dcars/Content/Blueprints/myPlayerController.uasset'
[2017.04.27-15.54.25:704][939]LogSavePackage:Display: Finished SavePackage ../../../../../../Users/nelso/OneDrive/Documents/Unreal Projects/Projecto3Dcars/Content/Blueprints/myPlayerController.uasset
[2017.04.27-15.58.53:586][281]LogFileHelpers: Editor autosave (incl. sublevels) for '/Game/VehicleAdvBP/Maps/VehicleAdvExampleMap' took 0.036
[2017.04.27-15.58.53:628][281]OBJ SavePackage: Generating thumbnails for [0] asset(s) in package [/Game/Blueprints/UI/HUD] ([1] browsable assets)...
[2017.04.27-15.58.53:628][281]OBJ SavePackage: Finished generating thumbnails for package [/Game/Blueprints/UI/HUD]
[2017.04.27-15.58.53:646][281]LogSavePackage: Save=9.13ms
[2017.04.27-15.58.53:646][281]LogSavePackage: Moving '../../../../../../Users/nelso/OneDrive/Documents/Unreal Projects/Projecto3Dcars/Saved/HUD_Auto1E5A3FA9943D894A498BF6DAA5DDBD843.tmp' to '../../../../../../Users/nelso/OneDrive/Documents/Unreal Projects/Projecto3Dcars/Saved/Autosaves/Game/Blueprints/UI/HUD_Auto1.uasset'
[2017.04.27-15.58.53:648][281]LogSavePackage:Display: Finished SavePackage ../../../../../../Users/nelso/OneDrive/Documents/Unreal Projects/Projecto3Dcars/Saved/Autosaves/Game/Blueprints/UI/HUD_Auto1.uasset
[2017.04.27-15.58.53:648][281]LogFileHelpers: Auto-saving content packages took 0.061
[2017.04.27-15.59.25:466][996]LogSlate: Took 0.049885 seconds to synchronously load lazily loaded font '../../../Engine/Content/Slate/Fonts/DroidSansFallback.ttf' (3848K)
[2017.04.27-15.59.49:306][607]LogUObjectHash:Warning: Ambiguous search, could be HorizontalBox /Engine/Transient.World_2:HUD_C_8.WidgetTree.HorizontalBox_0 or HorizontalBox /Game/Blueprints/UI/HUD.HUD:WidgetTree.HorizontalBox_0
[2017.04.27-15.59.49:306][607]LogUObjectHash:Warning: Ambiguous search, could be HorizontalBox /Engine/Transient.World_2:HUD_C_8.WidgetTree.HorizontalBox_0 or HorizontalBox /Engine/Transient.World_2:HUD_C_9.WidgetTree.HorizontalBox_0
[2017.04.27-15.59.49:306][607]LogUObjectHash:Warning: Ambiguous search, could be HorizontalBoxSlot /Engine/Transient.World_2:HUD_C_9.WidgetTree.HorizontalBox_0.HorizontalBoxSlot_0 or HorizontalBoxSlot /Game/Blueprints/UI/HUD.HUD:WidgetTree.HorizontalBox_0.HorizontalBoxSlot_0
[2017.04.27-15.59.49:313][607]LogProperty:Warning: Illegal TEXT reference to a private object in external package (HorizontalBoxSlot /Engine/Transient.World_2:HUD_C_9.WidgetTree.HorizontalBox_0.HorizontalBoxSlot_0) from referencer (TextBlock /Engine/UMG/Editor/Transient.TextBlock_0).  Import failed...
[2017.04.27-15.59.49:313][607]LogProperty:Warning: ObjectProperty /Script/UMG.Widget:Slot: unresolved reference to 'HorizontalBoxSlot'HorizontalBox_0.HorizontalBoxSlot_0''
[2017.04.27-16.02.49:023][ 81]LogUObjectHash:Warning: Ambiguous search, could be VerticalBox /Engine/Transient.World_2:HUD_C_8.WidgetTree.VerticalBox_0 or VerticalBox /Game/Blueprints/UI/HUD.HUD:WidgetTree.VerticalBox_0
[2017.04.27-16.02.49:023][ 81]LogUObjectHash:Warning: Ambiguous search, could be VerticalBox /Engine/Transient.World_2:HUD_C_8.WidgetTree.VerticalBox_0 or VerticalBox /Engine/Transient.World_2:HUD_C_7.WidgetTree.VerticalBox_0
[2017.04.27-16.02.49:023][ 81]LogUObjectHash:Warning: Ambiguous search, could be VerticalBox /Engine/Transient.World_2:HUD_C_8.WidgetTree.VerticalBox_0 or VerticalBox /Engine/Transient.World_2:HUD_C_9.WidgetTree.VerticalBox_0
[2017.04.27-16.02.49:023][ 81]LogUObjectHash:Warning: Ambiguous search, could be VerticalBox /Engine/Transient.World_2:HUD_C_8.WidgetTree.VerticalBox_0 or VerticalBox /Engine/Transient.World_2:HUD_C_10.WidgetTree.VerticalBox_0
[2017.04.27-16.02.49:023][ 81]LogUObjectHash:Warning: Ambiguous search, could be VerticalBox /Engine/Transient.World_2:HUD_C_8.WidgetTree.VerticalBox_0 or VerticalBox /Engine/Transient.World_2:HUD_C_11.WidgetTree.VerticalBox_0
[2017.04.27-16.02.49:023][ 81]LogUObjectHash:Warning: Ambiguous search, could be VerticalBox /Engine/Transient.World_2:HUD_C_8.WidgetTree.VerticalBox_0 or VerticalBox /Engine/Transient.World_2:HUD_C_12.WidgetTree.VerticalBox_0
[2017.04.27-16.02.49:023][ 81]LogUObjectHash:Warning: Ambiguous search, could be VerticalBox /Engine/Transient.World_2:HUD_C_8.WidgetTree.VerticalBox_0 or VerticalBox /Engine/Transient.World_2:HUD_C_13.WidgetTree.VerticalBox_0
[2017.04.27-16.02.49:023][ 81]LogUObjectHash:Warning: Ambiguous search, could be VerticalBox /Engine/Transient.World_2:HUD_C_8.WidgetTree.VerticalBox_0 or VerticalBox /Engine/Transient.World_2:HUD_C_14.WidgetTree.VerticalBox_0
[2017.04.27-16.02.49:023][ 81]LogProperty:Warning: Illegal TEXT reference to a private object in external package (VerticalBoxSlot /Engine/Transient.World_2:HUD_C_8.WidgetTree.VerticalBox_0.VerticalBoxSlot_0) from referencer (HorizontalBox /Engine/UMG/Editor/Transient.GoldTime).  Import failed...
[2017.04.27-16.02.49:023][ 81]LogProperty:Warning: ObjectProperty /Script/UMG.Widget:Slot: unresolved reference to 'VerticalBoxSlot'VerticalBox_0.VerticalBoxSlot_0''
[2017.04.27-16.02.53:235][319]LogUObjectHash:Warning: Ambiguous search, could be VerticalBox /Engine/Transient.World_2:HUD_C_8.WidgetTree.VerticalBox_0 or VerticalBox /Game/Blueprints/UI/HUD.HUD:WidgetTree.VerticalBox_0
[2017.04.27-16.02.53:235][319]LogUObjectHash:Warning: Ambiguous search, could be VerticalBox /Engine/Transient.World_2:HUD_C_8.WidgetTree.VerticalBox_0 or VerticalBox /Engine/Transient.World_2:HUD_C_7.WidgetTree.VerticalBox_0
[2017.04.27-16.02.53:235][319]LogUObjectHash:Warning: Ambiguous search, could be VerticalBox /Engine/Transient.World_2:HUD_C_8.WidgetTree.VerticalBox_0 or VerticalBox /Engine/Transient.World_2:HUD_C_9.WidgetTree.VerticalBox_0
[2017.04.27-16.02.53:235][319]LogUObjectHash:Warning: Ambiguous search, could be VerticalBox /Engine/Transient.World_2:HUD_C_8.WidgetTree.VerticalBox_0 or VerticalBox /Engine/Transient.World_2:HUD_C_10.WidgetTree.VerticalBox_0
[2017.04.27-16.02.53:235][319]LogUObjectHash:Warning: Ambiguous search, could be VerticalBox /Engine/Transient.World_2:HUD_C_8.WidgetTree.VerticalBox_0 or VerticalBox /Engine/Transient.World_2:HUD_C_11.WidgetTree.VerticalBox_0
[2017.04.27-16.02.53:235][319]LogUObjectHash:Warning: Ambiguous search, could be VerticalBox /Engine/Transient.World_2:HUD_C_8.WidgetTree.VerticalBox_0 or VerticalBox /Engine/Transient.World_2:HUD_C_12.WidgetTree.VerticalBox_0
[2017.04.27-16.02.53:235][319]LogUObjectHash:Warning: Ambiguous search, could be VerticalBox /Engine/Transient.World_2:HUD_C_8.WidgetTree.VerticalBox_0 or VerticalBox /Engine/Transient.World_2:HUD_C_13.WidgetTree.VerticalBox_0
[2017.04.27-16.02.53:235][319]LogUObjectHash:Warning: Ambiguous search, could be VerticalBox /Engine/Transient.World_2:HUD_C_8.WidgetTree.VerticalBox_0 or VerticalBox /Engine/Transient.World_2:HUD_C_14.WidgetTree.VerticalBox_0
[2017.04.27-16.02.53:235][319]LogUObjectHash:Warning: Ambiguous search, could be VerticalBox /Engine/Transient.World_2:HUD_C_8.WidgetTree.VerticalBox_0 or VerticalBox /Engine/Transient.World_2:HUD_C_15.WidgetTree.VerticalBox_0
[2017.04.27-16.02.53:235][319]LogProperty:Warning: Illegal TEXT reference to a private object in external package (VerticalBoxSlot /Engine/Transient.World_2:HUD_C_8.WidgetTree.VerticalBox_0.VerticalBoxSlot_0) from referencer (HorizontalBox /Engine/UMG/Editor/Transient.GoldTime).  Import failed...
[2017.04.27-16.02.53:236][319]LogProperty:Warning: ObjectProperty /Script/UMG.Widget:Slot: unresolved reference to 'VerticalBoxSlot'VerticalBox_0.VerticalBoxSlot_0''
[2017.04.27-16.04.54:090][854]LogUObjectHash:Warning: Ambiguous search, could be VerticalBox /Engine/Transient.World_2:HUD_C_8.WidgetTree.VerticalBox_0 or VerticalBox /Game/Blueprints/UI/HUD.HUD:WidgetTree.VerticalBox_0
[2017.04.27-16.04.54:090][854]LogUObjectHash:Warning: Ambiguous search, could be VerticalBox /Engine/Transient.World_2:HUD_C_8.WidgetTree.VerticalBox_0 or VerticalBox /Engine/Transient.World_2:HUD_C_7.WidgetTree.VerticalBox_0
[2017.04.27-16.04.54:090][854]LogUObjectHash:Warning: Ambiguous search, could be VerticalBox /Engine/Transient.World_2:HUD_C_8.WidgetTree.VerticalBox_0 or VerticalBox /Engine/Transient.World_2:HUD_C_9.WidgetTree.VerticalBox_0
[2017.04.27-16.04.54:090][854]LogUObjectHash:Warning: Ambiguous search, could be VerticalBox /Engine/Transient.World_2:HUD_C_8.WidgetTree.VerticalBox_0 or VerticalBox /Engine/Transient.World_2:HUD_C_10.WidgetTree.VerticalBox_0
[2017.04.27-16.04.54:090][854]LogUObjectHash:Warning: Ambiguous search, could be VerticalBox /Engine/Transient.World_2:HUD_C_8.WidgetTree.VerticalBox_0 or VerticalBox /Engine/Transient.World_2:HUD_C_11.WidgetTree.VerticalBox_0
[2017.04.27-16.04.54:090][854]LogUObjectHash:Warning: Ambiguous search, could be VerticalBox /Engine/Transient.World_2:HUD_C_8.WidgetTree.VerticalBox_0 or VerticalBox /Engine/Transient.World_2:HUD_C_12.WidgetTree.VerticalBox_0
[2017.04.27-16.04.54:090][854]LogUObjectHash:Warning: Ambiguous search, could be VerticalBox /Engine/Transient.World_2:HUD_C_8.WidgetTree.VerticalBox_0 or VerticalBox /Engine/Transient.World_2:HUD_C_13.WidgetTree.VerticalBox_0
[2017.04.27-16.04.54:090][854]LogUObjectHash:Warning: Ambiguous search, could be VerticalBox /Engine/Transient.World_2:HUD_C_8.WidgetTree.VerticalBox_0 or VerticalBox /Engine/Transient.World_2:HUD_C_14.WidgetTree.VerticalBox_0
[2017.04.27-16.04.54:090][854]LogUObjectHash:Warning: Ambiguous search, could be VerticalBox /Engine/Transient.World_2:HUD_C_8.WidgetTree.VerticalBox_0 or VerticalBox /Engine/Transient.World_2:HUD_C_15.WidgetTree.VerticalBox_0
[2017.04.27-16.04.54:090][854]LogUObjectHash:Warning: Ambiguous search, could be VerticalBox /Engine/Transient.World_2:HUD_C_8.WidgetTree.VerticalBox_0 or VerticalBox /Engine/Transient.World_2:HUD_C_16.WidgetTree.VerticalBox_0
[2017.04.27-16.04.54:090][854]LogUObjectHash:Warning: Ambiguous search, could be VerticalBox /Engine/Transient.World_2:HUD_C_8.WidgetTree.VerticalBox_0 or VerticalBox /Engine/Transient.World_2:HUD_C_17.WidgetTree.VerticalBox_0
[2017.04.27-16.04.54:090][854]LogUObjectHash:Warning: Ambiguous search, could be VerticalBox /Engine/Transient.World_2:HUD_C_8.WidgetTree.VerticalBox_0 or VerticalBox /Engine/Transient.World_2:HUD_C_18.WidgetTree.VerticalBox_0
[2017.04.27-16.04.54:090][854]LogUObjectHash:Warning: Ambiguous search, could be VerticalBox /Engine/Transient.World_2:HUD_C_8.WidgetTree.VerticalBox_0 or VerticalBox /Engine/Transient.World_2:HUD_C_19.WidgetTree.VerticalBox_0
[2017.04.27-16.04.54:090][854]LogUObjectHash:Warning: Ambiguous search, could be VerticalBox /Engine/Transient.World_2:HUD_C_8.WidgetTree.VerticalBox_0 or VerticalBox /Engine/Transient.World_2:HUD_C_20.WidgetTree.VerticalBox_0
[2017.04.27-16.04.54:090][854]LogUObjectHash:Warning: Ambiguous search, could be VerticalBox /Engine/Transient.World_2:HUD_C_8.WidgetTree.VerticalBox_0 or VerticalBox /Engine/Transient.World_2:HUD_C_21.WidgetTree.VerticalBox_0
[2017.04.27-16.04.54:090][854]LogUObjectHash:Warning: Ambiguous search, could be VerticalBox /Engine/Transient.World_2:HUD_C_8.WidgetTree.VerticalBox_0 or VerticalBox /Engine/Transient.World_2:HUD_C_22.WidgetTree.VerticalBox_0
[2017.04.27-16.04.54:090][854]LogUObjectHash:Warning: Ambiguous search, could be VerticalBoxSlot /Engine/Transient.World_2:HUD_C_19.WidgetTree.VerticalBox_0.VerticalBoxSlot_2 or VerticalBoxSlot /Engine/Transient.World_2:HUD_C_18.WidgetTree.VerticalBox_0.VerticalBoxSlot_2
[2017.04.27-16.04.54:090][854]LogUObjectHash:Warning: Ambiguous search, could be VerticalBoxSlot /Engine/Transient.World_2:HUD_C_19.WidgetTree.VerticalBox_0.VerticalBoxSlot_2 or VerticalBoxSlot /Engine/Transient.World_2:HUD_C_17.WidgetTree.VerticalBox_0.VerticalBoxSlot_2
[2017.04.27-16.04.54:090][854]LogUObjectHash:Warning: Ambiguous search, could be VerticalBoxSlot /Engine/Transient.World_2:HUD_C_19.WidgetTree.VerticalBox_0.VerticalBoxSlot_2 or VerticalBoxSlot /Game/Blueprints/UI/HUD.HUD:WidgetTree.VerticalBox_0.VerticalBoxSlot_2
[2017.04.27-16.04.54:090][854]LogUObjectHash:Warning: Ambiguous search, could be VerticalBoxSlot /Engine/Transient.World_2:HUD_C_19.WidgetTree.VerticalBox_0.VerticalBoxSlot_2 or VerticalBoxSlot /Engine/Transient.World_2:HUD_C_16.WidgetTree.VerticalBox_0.VerticalBoxSlot_2
[2017.04.27-16.04.54:091][854]LogUObjectHash:Warning: Ambiguous search, could be VerticalBoxSlot /Engine/Transient.World_2:HUD_C_19.WidgetTree.VerticalBox_0.VerticalBoxSlot_2 or VerticalBoxSlot /Engine/Transient.World_2:HUD_C_20.WidgetTree.VerticalBox_0.VerticalBoxSlot_2
[2017.04.27-16.04.54:091][854]LogUObjectHash:Warning: Ambiguous search, could be VerticalBoxSlot /Engine/Transient.World_2:HUD_C_19.WidgetTree.VerticalBox_0.VerticalBoxSlot_2 or VerticalBoxSlot /Engine/Transient.World_2:HUD_C_21.WidgetTree.VerticalBox_0.VerticalBoxSlot_2
[2017.04.27-16.04.54:091][854]LogUObjectHash:Warning: Ambiguous search, could be VerticalBoxSlot /Engine/Transient.World_2:HUD_C_19.WidgetTree.VerticalBox_0.VerticalBoxSlot_2 or VerticalBoxSlot /Engine/Transient.World_2:HUD_C_22.WidgetTree.VerticalBox_0.VerticalBoxSlot_2
[2017.04.27-16.04.54:091][854]LogProperty:Warning: Illegal TEXT reference to a private object in external package (VerticalBoxSlot /Engine/Transient.World_2:HUD_C_19.WidgetTree.VerticalBox_0.VerticalBoxSlot_2) from referencer (HorizontalBox /Engine/UMG/Editor/Transient.BronzeTime).  Import failed...
[2017.04.27-16.04.54:091][854]LogProperty:Warning: ObjectProperty /Script/UMG.Widget:Slot: unresolved reference to 'VerticalBoxSlot'VerticalBox_0.VerticalBoxSlot_2''
[2017.04.27-16.04.54:346][865]LogUObjectHash:Warning: Ambiguous search, could be VerticalBox /Engine/Transient.World_2:HUD_C_8.WidgetTree.VerticalBox_0 or VerticalBox /Game/Blueprints/UI/HUD.HUD:WidgetTree.VerticalBox_0
[2017.04.27-16.04.54:346][865]LogUObjectHash:Warning: Ambiguous search, could be VerticalBox /Engine/Transient.World_2:HUD_C_8.WidgetTree.VerticalBox_0 or VerticalBox /Engine/Transient.World_2:HUD_C_7.WidgetTree.VerticalBox_0
[2017.04.27-16.04.54:346][865]LogUObjectHash:Warning: Ambiguous search, could be VerticalBox /Engine/Transient.World_2:HUD_C_8.WidgetTree.VerticalBox_0 or VerticalBox /Engine/Transient.World_2:HUD_C_9.WidgetTree.VerticalBox_0
[2017.04.27-16.04.54:346][865]LogUObjectHash:Warning: Ambiguous search, could be VerticalBox /Engine/Transient.World_2:HUD_C_8.WidgetTree.VerticalBox_0 or VerticalBox /Engine/Transient.World_2:HUD_C_10.WidgetTree.VerticalBox_0
[2017.04.27-16.04.54:346][865]LogUObjectHash:Warning: Ambiguous search, could be VerticalBox /Engine/Transient.World_2:HUD_C_8.WidgetTree.VerticalBox_0 or VerticalBox /Engine/Transient.World_2:HUD_C_11.WidgetTree.VerticalBox_0
[2017.04.27-16.04.54:346][865]LogUObjectHash:Warning: Ambiguous search, could be VerticalBox /Engine/Transient.World_2:HUD_C_8.WidgetTree.VerticalBox_0 or VerticalBox /Engine/Transient.World_2:HUD_C_12.WidgetTree.VerticalBox_0
[2017.04.27-16.04.54:346][865]LogUObjectHash:Warning: Ambiguous search, could be VerticalBox /Engine/Transient.World_2:HUD_C_8.WidgetTree.VerticalBox_0 or VerticalBox /Engine/Transient.World_2:HUD_C_13.WidgetTree.VerticalBox_0
[2017.04.27-16.04.54:346][865]LogUObjectHash:Warning: Ambiguous search, could be VerticalBox /Engine/Transient.World_2:HUD_C_8.WidgetTree.VerticalBox_0 or VerticalBox /Engine/Transient.World_2:HUD_C_14.WidgetTree.VerticalBox_0
[2017.04.27-16.04.54:346][865]LogUObjectHash:Warning: Ambiguous search, could be VerticalBox /Engine/Transient.World_2:HUD_C_8.WidgetTree.VerticalBox_0 or VerticalBox /Engine/Transient.World_2:HUD_C_15.WidgetTree.VerticalBox_0
[2017.04.27-16.04.54:346][865]LogUObjectHash:Warning: Ambiguous search, could be VerticalBox /Engine/Transient.World_2:HUD_C_8.WidgetTree.VerticalBox_0 or VerticalBox /Engine/Transient.World_2:HUD_C_16.WidgetTree.VerticalBox_0
[2017.04.27-16.04.54:346][865]LogUObjectHash:Warning: Ambiguous search, could be VerticalBox /Engine/Transient.World_2:HUD_C_8.WidgetTree.VerticalBox_0 or VerticalBox /Engine/Transient.World_2:HUD_C_17.WidgetTree.VerticalBox_0
[2017.04.27-16.04.54:346][865]LogUObjectHash:Warning: Ambiguous search, could be VerticalBox /Engine/Transient.World_2:HUD_C_8.WidgetTree.VerticalBox_0 or VerticalBox /Engine/Transient.World_2:HUD_C_18.WidgetTree.VerticalBox_0
[2017.04.27-16.04.54:346][865]LogUObjectHash:Warning: Ambiguous search, could be VerticalBox /Engine/Transient.World_2:HUD_C_8.WidgetTree.VerticalBox_0 or VerticalBox /Engine/Transient.World_2:HUD_C_19.WidgetTree.VerticalBox_0
[2017.04.27-16.04.54:346][865]LogUObjectHash:Warning: Ambiguous search, could be VerticalBox /Engine/Transient.World_2:HUD_C_8.WidgetTree.VerticalBox_0 or VerticalBox /Engine/Transient.World_2:HUD_C_20.WidgetTree.VerticalBox_0
[2017.04.27-16.04.54:346][865]LogUObjectHash:Warning: Ambiguous search, could be VerticalBox /Engine/Transient.World_2:HUD_C_8.WidgetTree.VerticalBox_0 or VerticalBox /Engine/Transient.World_2:HUD_C_21.WidgetTree.VerticalBox_0
[2017.04.27-16.04.54:346][865]LogUObjectHash:Warning: Ambiguous search, could be VerticalBox /Engine/Transient.World_2:HUD_C_8.WidgetTree.VerticalBox_0 or VerticalBox /Engine/Transient.World_2:HUD_C_22.WidgetTree.VerticalBox_0
[2017.04.27-16.04.54:346][865]LogUObjectHash:Warning: Ambiguous search, could be VerticalBox /Engine/Transient.World_2:HUD_C_8.WidgetTree.VerticalBox_0 or VerticalBox /Engine/Transient.World_2:HUD_C_23.WidgetTree.VerticalBox_0
[2017.04.27-16.04.54:346][865]LogUObjectHash:Warning: Ambiguous search, could be VerticalBoxSlot /Engine/Transient.World_2:HUD_C_19.WidgetTree.VerticalBox_0.VerticalBoxSlot_2 or VerticalBoxSlot /Engine/Transient.World_2:HUD_C_18.WidgetTree.VerticalBox_0.VerticalBoxSlot_2
[2017.04.27-16.04.54:346][865]LogUObjectHash:Warning: Ambiguous search, could be VerticalBoxSlot /Engine/Transient.World_2:HUD_C_19.WidgetTree.VerticalBox_0.VerticalBoxSlot_2 or VerticalBoxSlot /Engine/Transient.World_2:HUD_C_17.WidgetTree.VerticalBox_0.VerticalBoxSlot_2
[2017.04.27-16.04.54:346][865]LogUObjectHash:Warning: Ambiguous search, could be VerticalBoxSlot /Engine/Transient.World_2:HUD_C_19.WidgetTree.VerticalBox_0.VerticalBoxSlot_2 or VerticalBoxSlot /Game/Blueprints/UI/HUD.HUD:WidgetTree.VerticalBox_0.VerticalBoxSlot_2
[2017.04.27-16.04.54:346][865]LogUObjectHash:Warning: Ambiguous search, could be VerticalBoxSlot /Engine/Transient.World_2:HUD_C_19.WidgetTree.VerticalBox_0.VerticalBoxSlot_2 or VerticalBoxSlot /Engine/Transient.World_2:HUD_C_16.WidgetTree.VerticalBox_0.VerticalBoxSlot_2
[2017.04.27-16.04.54:346][865]LogUObjectHash:Warning: Ambiguous search, could be VerticalBoxSlot /Engine/Transient.World_2:HUD_C_19.WidgetTree.VerticalBox_0.VerticalBoxSlot_2 or VerticalBoxSlot /Engine/Transient.World_2:HUD_C_20.WidgetTree.VerticalBox_0.VerticalBoxSlot_2
[2017.04.27-16.04.54:346][865]LogUObjectHash:Warning: Ambiguous search, could be VerticalBoxSlot /Engine/Transient.World_2:HUD_C_19.WidgetTree.VerticalBox_0.VerticalBoxSlot_2 or VerticalBoxSlot /Engine/Transient.World_2:HUD_C_21.WidgetTree.VerticalBox_0.VerticalBoxSlot_2
[2017.04.27-16.04.54:346][865]LogUObjectHash:Warning: Ambiguous search, could be VerticalBoxSlot /Engine/Transient.World_2:HUD_C_19.WidgetTree.VerticalBox_0.VerticalBoxSlot_2 or VerticalBoxSlot /Engine/Transient.World_2:HUD_C_22.WidgetTree.VerticalBox_0.VerticalBoxSlot_2
[2017.04.27-16.04.54:346][865]LogUObjectHash:Warning: Ambiguous search, could be VerticalBoxSlot /Engine/Transient.World_2:HUD_C_19.WidgetTree.VerticalBox_0.VerticalBoxSlot_2 or VerticalBoxSlot /Engine/Transient.World_2:HUD_C_23.WidgetTree.VerticalBox_0.VerticalBoxSlot_2
[2017.04.27-16.04.54:346][865]LogProperty:Warning: Illegal TEXT reference to a private object in external package (VerticalBoxSlot /Engine/Transient.World_2:HUD_C_19.WidgetTree.VerticalBox_0.VerticalBoxSlot_2) from referencer (HorizontalBox /Engine/UMG/Editor/Transient.BronzeTime).  Import failed...
[2017.04.27-16.04.54:346][865]LogProperty:Warning: ObjectProperty /Script/UMG.Widget:Slot: unresolved reference to 'VerticalBoxSlot'VerticalBox_0.VerticalBoxSlot_2''
[2017.04.27-16.06.18:520][390]LogUObjectHash:Warning: Ambiguous search, could be HorizontalBox /Engine/Transient.World_2:HUD_C_27.WidgetTree.LapCounter or HorizontalBox /Game/Blueprints/UI/HUD.HUD:WidgetTree.LapCounter
[2017.04.27-16.06.18:520][390]LogUObjectHash:Warning: Ambiguous search, could be HorizontalBox /Engine/Transient.World_2:HUD_C_27.WidgetTree.LapCounter or HorizontalBox /Engine/Transient.World_2:HUD_C_28.WidgetTree.LapCounter
[2017.04.27-16.06.18:520][390]LogProperty:Warning: Illegal TEXT reference to a private object in external package (HorizontalBoxSlot /Engine/Transient.World_2:HUD_C_27.WidgetTree.LapCounter.HorizontalBoxSlot_0) from referencer (TextBlock /Engine/UMG/Editor/Transient.TextBlock_6).  Import failed...
[2017.04.27-16.06.18:520][390]LogProperty:Warning: ObjectProperty /Script/UMG.Widget:Slot: unresolved reference to 'HorizontalBoxSlot'LapCounter.HorizontalBoxSlot_0''
[2017.04.27-16.06.19:172][424]LogUObjectHash:Warning: Ambiguous search, could be HorizontalBox /Engine/Transient.World_2:HUD_C_27.WidgetTree.LapCounter or HorizontalBox /Game/Blueprints/UI/HUD.HUD:WidgetTree.LapCounter
[2017.04.27-16.06.19:172][424]LogUObjectHash:Warning: Ambiguous search, could be HorizontalBox /Engine/Transient.World_2:HUD_C_27.WidgetTree.LapCounter or HorizontalBox /Engine/Transient.World_2:HUD_C_28.WidgetTree.LapCounter
[2017.04.27-16.06.19:172][424]LogUObjectHash:Warning: Ambiguous search, could be HorizontalBox /Engine/Transient.World_2:HUD_C_27.WidgetTree.LapCounter or HorizontalBox /Engine/Transient.World_2:HUD_C_29.WidgetTree.LapCounter
[2017.04.27-16.06.19:172][424]LogProperty:Warning: Illegal TEXT reference to a private object in external package (HorizontalBoxSlot /Engine/Transient.World_2:HUD_C_27.WidgetTree.LapCounter.HorizontalBoxSlot_0) from referencer (TextBlock /Engine/UMG/Editor/Transient.TextBlock_6).  Import failed...
[2017.04.27-16.06.19:172][424]LogProperty:Warning: ObjectProperty /Script/UMG.Widget:Slot: unresolved reference to 'HorizontalBoxSlot'LapCounter.HorizontalBoxSlot_0''
[2017.04.27-16.09.12:341][ 42]LogFileHelpers: Editor autosave (incl. sublevels) for '/Game/VehicleAdvBP/Maps/VehicleAdvExampleMap' took 0.027
[2017.04.27-16.09.12:343][ 42]OBJ SavePackage: Generating thumbnails for [0] asset(s) in package [/Game/Blueprints/UI/HUD] ([1] browsable assets)...
[2017.04.27-16.09.12:343][ 42]OBJ SavePackage: Finished generating thumbnails for package [/Game/Blueprints/UI/HUD]
[2017.04.27-16.09.12:370][ 42]LogSavePackage: Save=13.91ms
[2017.04.27-16.09.12:370][ 42]LogSavePackage: Moving '../../../../../../Users/nelso/OneDrive/Documents/Unreal Projects/Projecto3Dcars/Saved/HUD_Auto2EF2F6EAA467488F5E0C08082B1C9F803.tmp' to '../../../../../../Users/nelso/OneDrive/Documents/Unreal Projects/Projecto3Dcars/Saved/Autosaves/Game/Blueprints/UI/HUD_Auto2.uasset'
[2017.04.27-16.09.12:372][ 42]LogSavePackage:Display: Finished SavePackage ../../../../../../Users/nelso/OneDrive/Documents/Unreal Projects/Projecto3Dcars/Saved/Autosaves/Game/Blueprints/UI/HUD_Auto2.uasset
[2017.04.27-16.09.12:372][ 42]LogFileHelpers: Auto-saving content packages took 0.031
[2017.04.27-16.09.30:224][860]LogUObjectHash:Warning: Ambiguous search, could be HorizontalBox /Engine/Transient.World_2:HUD_C_27.WidgetTree.LapCounter or HorizontalBox /Game/Blueprints/UI/HUD.HUD:WidgetTree.LapCounter
[2017.04.27-16.09.30:224][860]LogUObjectHash:Warning: Ambiguous search, could be HorizontalBox /Engine/Transient.World_2:HUD_C_27.WidgetTree.LapCounter or HorizontalBox /Engine/Transient.World_2:HUD_C_28.WidgetTree.LapCounter
[2017.04.27-16.09.30:224][860]LogUObjectHash:Warning: Ambiguous search, could be HorizontalBox /Engine/Transient.World_2:HUD_C_27.WidgetTree.LapCounter or HorizontalBox /Engine/Transient.World_2:HUD_C_29.WidgetTree.LapCounter
[2017.04.27-16.09.30:224][860]LogUObjectHash:Warning: Ambiguous search, could be HorizontalBox /Engine/Transient.World_2:HUD_C_27.WidgetTree.LapCounter or HorizontalBox /Engine/Transient.World_2:HUD_C_30.WidgetTree.LapCounter
[2017.04.27-16.09.30:224][860]LogUObjectHash:Warning: Ambiguous search, could be HorizontalBox /Engine/Transient.World_2:HUD_C_27.WidgetTree.LapCounter or HorizontalBox /Engine/Transient.World_2:HUD_C_31.WidgetTree.LapCounter
[2017.04.27-16.09.30:224][860]LogUObjectHash:Warning: Ambiguous search, could be HorizontalBox /Engine/Transient.World_2:HUD_C_27.WidgetTree.LapCounter or HorizontalBox /Engine/Transient.World_2:HUD_C_32.WidgetTree.LapCounter
[2017.04.27-16.09.30:224][860]LogUObjectHash:Warning: Ambiguous search, could be HorizontalBox /Engine/Transient.World_2:HUD_C_27.WidgetTree.LapCounter or HorizontalBox /Engine/Transient.World_2:HUD_C_33.WidgetTree.LapCounter
[2017.04.27-16.09.30:224][860]LogUObjectHash:Warning: Ambiguous search, could be HorizontalBox /Engine/Transient.World_2:HUD_C_27.WidgetTree.LapCounter or HorizontalBox /Engine/Transient.World_2:HUD_C_34.WidgetTree.LapCounter
[2017.04.27-16.09.30:224][860]LogUObjectHash:Warning: Ambiguous search, could be HorizontalBox /Engine/Transient.World_2:HUD_C_27.WidgetTree.LapCounter or HorizontalBox /Engine/Transient.World_2:HUD_C_35.WidgetTree.LapCounter
[2017.04.27-16.09.30:224][860]LogUObjectHash:Warning: Ambiguous search, could be HorizontalBox /Engine/Transient.World_2:HUD_C_27.WidgetTree.LapCounter or HorizontalBox /Engine/Transient.World_2:HUD_C_36.WidgetTree.LapCounter
[2017.04.27-16.09.30:224][860]LogUObjectHash:Warning: Ambiguous search, could be HorizontalBoxSlot /Engine/Transient.World_2:HUD_C_36.WidgetTree.LapCounter.HorizontalBoxSlot_5 or HorizontalBoxSlot /Game/Blueprints/UI/HUD.HUD:WidgetTree.LapCounter.HorizontalBoxSlot_5
[2017.04.27-16.09.30:224][860]LogProperty:Warning: Illegal TEXT reference to a private object in external package (HorizontalBoxSlot /Engine/Transient.World_2:HUD_C_36.WidgetTree.LapCounter.HorizontalBoxSlot_5) from referencer (Spacer /Engine/UMG/Editor/Transient.Spacer_50).  Import failed...
[2017.04.27-16.09.30:224][860]LogProperty:Warning: ObjectProperty /Script/UMG.Widget:Slot: unresolved reference to 'HorizontalBoxSlot'LapCounter.HorizontalBoxSlot_5''
[2017.04.27-16.09.35:919][168]LogUObjectHash:Warning: Ambiguous search, could be HorizontalBox /Engine/Transient.World_2:HUD_C_27.WidgetTree.LapCounter or HorizontalBox /Game/Blueprints/UI/HUD.HUD:WidgetTree.LapCounter
[2017.04.27-16.09.35:919][168]LogUObjectHash:Warning: Ambiguous search, could be HorizontalBox /Engine/Transient.World_2:HUD_C_27.WidgetTree.LapCounter or HorizontalBox /Engine/Transient.World_2:HUD_C_28.WidgetTree.LapCounter
[2017.04.27-16.09.35:919][168]LogUObjectHash:Warning: Ambiguous search, could be HorizontalBox /Engine/Transient.World_2:HUD_C_27.WidgetTree.LapCounter or HorizontalBox /Engine/Transient.World_2:HUD_C_29.WidgetTree.LapCounter
[2017.04.27-16.09.35:919][168]LogUObjectHash:Warning: Ambiguous search, could be HorizontalBox /Engine/Transient.World_2:HUD_C_27.WidgetTree.LapCounter or HorizontalBox /Engine/Transient.World_2:HUD_C_30.WidgetTree.LapCounter
[2017.04.27-16.09.35:919][168]LogUObjectHash:Warning: Ambiguous search, could be HorizontalBox /Engine/Transient.World_2:HUD_C_27.WidgetTree.LapCounter or HorizontalBox /Engine/Transient.World_2:HUD_C_31.WidgetTree.LapCounter
[2017.04.27-16.09.35:919][168]LogUObjectHash:Warning: Ambiguous search, could be HorizontalBox /Engine/Transient.World_2:HUD_C_27.WidgetTree.LapCounter or HorizontalBox /Engine/Transient.World_2:HUD_C_32.WidgetTree.LapCounter
[2017.04.27-16.09.35:919][168]LogUObjectHash:Warning: Ambiguous search, could be HorizontalBox /Engine/Transient.World_2:HUD_C_27.WidgetTree.LapCounter or HorizontalBox /Engine/Transient.World_2:HUD_C_33.WidgetTree.LapCounter
[2017.04.27-16.09.35:919][168]LogUObjectHash:Warning: Ambiguous search, could be HorizontalBox /Engine/Transient.World_2:HUD_C_27.WidgetTree.LapCounter or HorizontalBox /Engine/Transient.World_2:HUD_C_34.WidgetTree.LapCounter
[2017.04.27-16.09.35:919][168]LogUObjectHash:Warning: Ambiguous search, could be HorizontalBox /Engine/Transient.World_2:HUD_C_27.WidgetTree.LapCounter or HorizontalBox /Engine/Transient.World_2:HUD_C_35.WidgetTree.LapCounter
[2017.04.27-16.09.35:919][168]LogUObjectHash:Warning: Ambiguous search, could be HorizontalBox /Engine/Transient.World_2:HUD_C_27.WidgetTree.LapCounter or HorizontalBox /Engine/Transient.World_2:HUD_C_36.WidgetTree.LapCounter
[2017.04.27-16.09.35:919][168]LogUObjectHash:Warning: Ambiguous search, could be HorizontalBox /Engine/Transient.World_2:HUD_C_27.WidgetTree.LapCounter or HorizontalBox /Engine/Transient.World_2:HUD_C_37.WidgetTree.LapCounter
[2017.04.27-16.09.35:919][168]LogUObjectHash:Warning: Ambiguous search, could be HorizontalBox /Engine/Transient.World_2:HUD_C_27.WidgetTree.LapCounter or HorizontalBox /Engine/Transient.World_2:HUD_C_38.WidgetTree.LapCounter
[2017.04.27-16.09.35:919][168]LogUObjectHash:Warning: Ambiguous search, could be HorizontalBoxSlot /Engine/Transient.World_2:HUD_C_38.WidgetTree.LapCounter.HorizontalBoxSlot_5 or HorizontalBoxSlot /Engine/Transient.World_2:HUD_C_37.WidgetTree.LapCounter.HorizontalBoxSlot_5
[2017.04.27-16.09.35:919][168]LogUObjectHash:Warning: Ambiguous search, could be HorizontalBoxSlot /Engine/Transient.World_2:HUD_C_38.WidgetTree.LapCounter.HorizontalBoxSlot_5 or HorizontalBoxSlot /Engine/Transient.World_2:HUD_C_36.WidgetTree.LapCounter.HorizontalBoxSlot_5
[2017.04.27-16.09.35:919][168]LogUObjectHash:Warning: Ambiguous search, could be HorizontalBoxSlot /Engine/Transient.World_2:HUD_C_38.WidgetTree.LapCounter.HorizontalBoxSlot_5 or HorizontalBoxSlot /Game/Blueprints/UI/HUD.HUD:WidgetTree.LapCounter.HorizontalBoxSlot_5
[2017.04.27-16.09.35:919][168]LogProperty:Warning: Illegal TEXT reference to a private object in external package (HorizontalBoxSlot /Engine/Transient.World_2:HUD_C_38.WidgetTree.LapCounter.HorizontalBoxSlot_5) from referencer (Spacer /Engine/UMG/Editor/Transient.Spacer_50).  Import failed...
[2017.04.27-16.09.35:919][168]LogProperty:Warning: ObjectProperty /Script/UMG.Widget:Slot: unresolved reference to 'HorizontalBoxSlot'LapCounter.HorizontalBoxSlot_5''
[2017.04.27-16.15.14:493][237]BlueprintLog: New page: Compile HUD
[2017.04.27-16.15.15:607][281]Cmd: OBJ SAVEPACKAGE PACKAGE="/Game/Blueprints/UI/HUD" FILE="../../../../../../Users/nelso/OneDrive/Documents/Unreal Projects/Projecto3Dcars/Content/Blueprints/UI/HUD.uasset" SILENT=true
[2017.04.27-16.15.15:641][281]LogSavePackage: Save=22.23ms
[2017.04.27-16.15.15:641][281]LogSavePackage: Moving '../../../../../../Users/nelso/OneDrive/Documents/Unreal Projects/Projecto3Dcars/Saved/HUDBB17B26249A739A60921F7917C535A80.tmp' to '../../../../../../Users/nelso/OneDrive/Documents/Unreal Projects/Projecto3Dcars/Content/Blueprints/UI/HUD.uasset'
[2017.04.27-16.15.15:646][281]LogSavePackage:Display: Finished SavePackage ../../../../../../Users/nelso/OneDrive/Documents/Unreal Projects/Projecto3Dcars/Content/Blueprints/UI/HUD.uasset
[2017.04.27-16.17.07:514][144]BlueprintLog: New page: Compile HUD
[2017.04.27-16.17.08:159][163]Cmd: OBJ SAVEPACKAGE PACKAGE="/Game/Blueprints/UI/HUD" FILE="../../../../../../Users/nelso/OneDrive/Documents/Unreal Projects/Projecto3Dcars/Content/Blueprints/UI/HUD.uasset" SILENT=true
[2017.04.27-16.17.08:191][163]LogSavePackage: Save=27.06ms
[2017.04.27-16.17.08:191][163]LogSavePackage: Moving '../../../../../../Users/nelso/OneDrive/Documents/Unreal Projects/Projecto3Dcars/Saved/HUDBDAA6DBD44CD3A13A667E1A40652DA2D.tmp' to '../../../../../../Users/nelso/OneDrive/Documents/Unreal Projects/Projecto3Dcars/Content/Blueprints/UI/HUD.uasset'
[2017.04.27-16.17.08:195][163]LogSavePackage:Display: Finished SavePackage ../../../../../../Users/nelso/OneDrive/Documents/Unreal Projects/Projecto3Dcars/Content/Blueprints/UI/HUD.uasset
[2017.04.27-16.19.30:301][117]LogFileHelpers: Editor autosave (incl. sublevels) for '/Game/VehicleAdvBP/Maps/VehicleAdvExampleMap' took 0.033
[2017.04.27-16.19.30:303][117]OBJ SavePackage: Generating thumbnails for [0] asset(s) in package [/Game/Blueprints/UI/HUD] ([1] browsable assets)...
[2017.04.27-16.19.30:303][117]OBJ SavePackage: Finished generating thumbnails for package [/Game/Blueprints/UI/HUD]
[2017.04.27-16.19.30:357][117]LogSavePackage: Save=46.37ms
[2017.04.27-16.19.30:357][117]LogSavePackage: Moving '../../../../../../Users/nelso/OneDrive/Documents/Unreal Projects/Projecto3Dcars/Saved/HUD_Auto3C7ACE7154B8D080FFFF34985DCA4C22F.tmp' to '../../../../../../Users/nelso/OneDrive/Documents/Unreal Projects/Projecto3Dcars/Saved/Autosaves/Game/Blueprints/UI/HUD_Auto3.uasset'
[2017.04.27-16.19.30:358][117]LogSavePackage:Display: Finished SavePackage ../../../../../../Users/nelso/OneDrive/Documents/Unreal Projects/Projecto3Dcars/Saved/Autosaves/Game/Blueprints/UI/HUD_Auto3.uasset
[2017.04.27-16.19.30:358][117]LogFileHelpers: Auto-saving content packages took 0.057
[2017.04.27-16.19.31:891][179]BlueprintLog: New page: Compile HUD
[2017.04.27-16.19.32:765][208]Cmd: OBJ SAVEPACKAGE PACKAGE="/Game/Blueprints/UI/HUD" FILE="../../../../../../Users/nelso/OneDrive/Documents/Unreal Projects/Projecto3Dcars/Content/Blueprints/UI/HUD.uasset" SILENT=true
[2017.04.27-16.19.32:799][208]LogSavePackage: Save=28.84ms
[2017.04.27-16.19.32:799][208]LogSavePackage: Moving '../../../../../../Users/nelso/OneDrive/Documents/Unreal Projects/Projecto3Dcars/Saved/HUD8F2F753D414D8165437008B41F8937B1.tmp' to '../../../../../../Users/nelso/OneDrive/Documents/Unreal Projects/Projecto3Dcars/Content/Blueprints/UI/HUD.uasset'
[2017.04.27-16.19.32:802][208]LogSavePackage:Display: Finished SavePackage ../../../../../../Users/nelso/OneDrive/Documents/Unreal Projects/Projecto3Dcars/Content/Blueprints/UI/HUD.uasset
[2017.04.27-16.19.42:706][604]LogTemp: Repeting last play command: Selected Viewport
[2017.04.27-16.19.42:752][604]LogPlayLevel: PlayLevel: No blueprints needed recompiling
[2017.04.27-16.19.42:791][604]PIE: New page: PIE session: VehicleAdvExampleMap (Apr 27, 2017, 6:19:42 PM)
[2017.04.27-16.19.42:799][604]LogPlayLevel: Creating play world package: /Game/VehicleAdvBP/Maps/UEDPIE_0_VehicleAdvExampleMap
[2017.04.27-16.19.42:883][604]LogPlayLevel: PIE: StaticDuplicateObject took: (0.083166s)
[2017.04.27-16.19.42:884][604]LogAIModule: Creating AISystem for world VehicleAdvExampleMap
[2017.04.27-16.19.42:885][604]LogPlayLevel: PIE: World Init took: (0.002108s)
[2017.04.27-16.19.42:902][604]LogPlayLevel: PIE: Created PIE world by copying editor world from /Game/VehicleAdvBP/Maps/VehicleAdvExampleMap.VehicleAdvExampleMap to /Game/VehicleAdvBP/Maps/UEDPIE_0_VehicleAdvExampleMap.VehicleAdvExampleMap (0.102688s)
[2017.04.27-16.19.42:933][604]LogInit: XAudio2 using 'Altifalantes (Conexant SmartAudio HD)' : 2 channels at 48 kHz using 32 bits per sample (channel mask 0x3)
[2017.04.27-16.19.42:950][604]LogInit: FAudioDevice initialized.
[2017.04.27-16.19.43:161][604]LogLoad: Game class is 'VehicleAdvGameMode_C'
[2017.04.27-16.19.43:221][604]LogWorld: Bringing World /Game/VehicleAdvBP/Maps/UEDPIE_0_VehicleAdvExampleMap.VehicleAdvExampleMap up for play (max tick rate 60) at 2017.04.27-17.19.43
[2017.04.27-16.19.43:286][604]LogWorld: Bringing up level for play took: 0.106932
[2017.04.27-16.19.43:431][604]LogContentBrowser: Native class hierarchy updated for 'MovieSceneCapture' in 0.0011 seconds. Added 11 classes and 0 folders.
[2017.04.27-16.19.43:584][604]PIE: Info Play in editor start time for /Game/VehicleAdvBP/Maps/UEDPIE_0_VehicleAdvExampleMap 0.731
[2017.04.27-16.19.44:076][604]LogRenderer: Reallocating scene render targets to support 1292x756 NumSamples 1 (Frame:8).
[2017.04.27-16.19.59:269][267]PIE:Warning: Warning Attempting to move a fully simulated skeletal mesh VehicleMesh. Please use the Teleport flag
[2017.04.27-16.31.28:685][210]LogPlayLevel: PlayLevel: No blueprints needed recompiling
[2017.04.27-16.31.28:685][210]PIE: New page: PIE session: VehicleAdvExampleMap (Apr 27, 2017, 6:31:28 PM)
[2017.04.27-16.31.28:685][210]LogPlayLevel: Creating play world package: /Game/VehicleAdvBP/Maps/UEDPIE_0_VehicleAdvExampleMap
[2017.04.27-16.31.28:728][210]LogPlayLevel: PIE: StaticDuplicateObject took: (0.042578s)
[2017.04.27-16.31.28:730][210]LogAIModule: Creating AISystem for world VehicleAdvExampleMap
[2017.04.27-16.31.28:730][210]LogPlayLevel: PIE: World Init took: (0.002182s)
[2017.04.27-16.31.28:730][210]LogPlayLevel: PIE: Created PIE world by copying editor world from /Game/VehicleAdvBP/Maps/VehicleAdvExampleMap.VehicleAdvExampleMap to /Game/VehicleAdvBP/Maps/UEDPIE_0_VehicleAdvExampleMap.VehicleAdvExampleMap (0.045093s)
[2017.04.27-16.31.28:767][210]LogInit: XAudio2 using 'Altifalantes (Conexant SmartAudio HD)' : 2 channels at 48 kHz using 32 bits per sample (channel mask 0x3)
[2017.04.27-16.31.28:799][210]LogInit: FAudioDevice initialized.
[2017.04.27-16.31.28:849][210]LogLoad: Game class is 'VehicleAdvGameMode_C'
[2017.04.27-16.31.28:862][210]LogWorld: Bringing World /Game/VehicleAdvBP/Maps/UEDPIE_0_VehicleAdvExampleMap.VehicleAdvExampleMap up for play (max tick rate 60) at 2017.04.27-17.31.28
[2017.04.27-16.31.28:863][210]LogWorld: Bringing up level for play took: 0.009105
[2017.04.27-16.31.28:877][210]PIE: Info Play in editor start time for /Game/VehicleAdvBP/Maps/UEDPIE_0_VehicleAdvExampleMap 0.024
[2017.04.27-16.31.45:008][ 83]PIE:Warning: Warning Attempting to move a fully simulated skeletal mesh VehicleMesh. Please use the Teleport flag
[2017.04.27-16.32.24:800][261]LogBlueprintUserMessages: [myPlayerController_C_0] 2
[2017.04.27-16.32.37:469][970]PIE:Warning: Warning Attempting to move a fully simulated skeletal mesh VehicleMesh. Please use the Teleport flag
[2017.04.27-16.33.18:122][318]LogBlueprintUserMessages: [myPlayerController_C_0] 3
[2017.04.27-16.33.52:580][781]LogSavePackage: Save=984.56ms
[2017.04.27-16.33.52:580][781]LogSavePackage: Moving '../../../../../../Users/nelso/OneDrive/Documents/Unreal Projects/Projecto3Dcars/Saved/VehicleAdvExampleMap_Auto4DC2279AD4DE0B205E20C25BD31AA6187.tmp' to '../../../../../../Users/nelso/OneDrive/Documents/Unreal Projects/Projecto3Dcars/Saved/Autosaves/Game/VehicleAdvBP/Maps/VehicleAdvExampleMap_Auto4.umap'
[2017.04.27-16.33.52:582][781]LogSavePackage:Display: Finished SavePackage ../../../../../../Users/nelso/OneDrive/Documents/Unreal Projects/Projecto3Dcars/Saved/Autosaves/Game/VehicleAdvBP/Maps/VehicleAdvExampleMap_Auto4.umap
[2017.04.27-16.33.52:947][781]LogFileHelpers: Editor autosave (incl. sublevels) for '/Game/VehicleAdvBP/Maps/VehicleAdvExampleMap' took 2.578
[2017.04.27-16.33.52:947][781]LogFileHelpers: Editor autosave (incl. sublevels) for all levels took 2.578
[2017.04.27-16.38.07:264][696]LogSavePackage: Save=403.61ms
[2017.04.27-16.38.07:264][696]LogSavePackage: Moving '../../../../../../Users/nelso/OneDrive/Documents/Unreal Projects/Projecto3Dcars/Saved/VehicleAdvExampleMapC1738569482248435EBA259F657A5EFC.tmp' to '../../../../../../Users/nelso/OneDrive/Documents/Unreal Projects/Projecto3Dcars/Content/VehicleAdvBP/Maps/VehicleAdvExampleMap.umap'
[2017.04.27-16.38.07:278][696]LogSavePackage:Display: Finished SavePackage ../../../../../../Users/nelso/OneDrive/Documents/Unreal Projects/Projecto3Dcars/Content/VehicleAdvBP/Maps/VehicleAdvExampleMap.umap
[2017.04.27-16.38.08:928][696]LogSavePackage: Save=1308.99ms
[2017.04.27-16.38.08:928][696]LogSavePackage: Moving '../../../../../../Users/nelso/OneDrive/Documents/Unreal Projects/Projecto3Dcars/Saved/VehicleAdvExampleMap_BuiltData8E1F538C4C0EA86F5BF21CA124F44547.tmp' to '../../../../../../Users/nelso/OneDrive/Documents/Unreal Projects/Projecto3Dcars/Content/VehicleAdvBP/Maps/VehicleAdvExampleMap_BuiltData.uasset'
[2017.04.27-16.38.08:947][696]LogSavePackage:Display: Finished SavePackage ../../../../../../Users/nelso/OneDrive/Documents/Unreal Projects/Projecto3Dcars/Content/VehicleAdvBP/Maps/VehicleAdvExampleMap_BuiltData.uasset
[2017.04.27-16.38.11:762][772]Cmd: QUIT_EDITOR
[2017.04.27-16.38.13:013][772]LogWindowsTextInputMethodSystem:Display: IME system now deactivated.
[2017.04.27-16.38.13:143][772]LogExit: Preparing to exit.
[2017.04.27-16.38.14:160][772]LogDirectoryWatcher: A directory notification for 'C:/Users/nelso/OneDrive/Documents/Unreal Projects/Projecto3Dcars/Content/' was aborted.
[2017.04.27-16.38.14:539][772]LogExit: Editor shut down
[2017.04.27-16.38.14:548][772]LogExit: Transaction tracking system shut down
[2017.04.27-16.38.17:753][772]LogObj: Freed 0b from 0 cluster array pools.
[2017.04.27-16.38.17:755][772]LogExit: Object subsystem successfully closed.
[2017.04.27-16.38.18:493][772]LogD3D11RHI: Shutdown
[2017.04.27-16.38.18:493][772]LogD3D11RHI: CleanupD3DDevice
[2017.04.27-16.38.18:975][772]LogD3D11RHI: ~FD3D11DynamicRHI
[2017.04.27-16.38.21:070][772]LogModuleManager: Shutting down and abandoning module MovieSceneCapture (508)
[2017.04.27-16.38.21:070][772]LogModuleManager: Shutting down and abandoning module SequencerWidgets (506)
[2017.04.27-16.38.21:070][772]LogModuleManager: Shutting down and abandoning module BlueprintGraph (504)
[2017.04.27-16.38.21:081][772]LogModuleManager: Shutting down and abandoning module BlueprintProfiler (502)
[2017.04.27-16.38.21:096][772]LogModuleManager: Shutting down and abandoning module HierarchicalLODOutliner (500)
[2017.04.27-16.38.21:106][772]LogModuleManager: Shutting down and abandoning module CrashTracker (498)
[2017.04.27-16.38.21:106][772]LogModuleManager: Shutting down and abandoning module SceneOutliner (496)
[2017.04.27-16.38.21:106][772]LogModuleManager: Shutting down and abandoning module AddContentDialog (494)
[2017.04.27-16.38.21:126][772]LogDirectoryWatcher: A directory notification for 'C:/Program Files (x86)/Epic Games/UE_4.15/FeaturePacks/' was aborted.
[2017.04.27-16.38.21:163][772]LogModuleManager: Shutting down and abandoning module WidgetCarousel (493)
[2017.04.27-16.38.21:163][772]LogModuleManager: Shutting down and abandoning module EditorWidgets (490)
[2017.04.27-16.38.21:163][772]LogModuleManager: Shutting down and abandoning module CollectionManager (488)
[2017.04.27-16.38.21:174][772]LogDirectoryWatcher: A directory notification for 'C:/Users/nelso/OneDrive/Documents/Unreal Projects/Projecto3Dcars/Content/Collections/' was aborted.
[2017.04.27-16.38.21:174][772]LogDirectoryWatcher: A directory notification for 'C:/Users/nelso/OneDrive/Documents/Unreal Projects/Projecto3Dcars/Content/Developers/nelso/Collections/' was aborted.
[2017.04.27-16.38.21:174][772]LogDirectoryWatcher: A directory notification for 'C:/Users/nelso/OneDrive/Documents/Unreal Projects/Projecto3Dcars/Saved/Collections/' was aborted.
[2017.04.27-16.38.21:174][772]LogModuleManager: Shutting down and abandoning module StatsViewer (486)
[2017.04.27-16.38.21:182][772]LogModuleManager: Shutting down and abandoning module FoliageEdit (484)
[2017.04.27-16.38.21:182][772]LogModuleManager: Shutting down and abandoning module LandscapeEditor (482)
[2017.04.27-16.38.21:196][772]LogModuleManager: Shutting down and abandoning module SceneDepthPickerMode (480)
[2017.04.27-16.38.21:196][772]LogModuleManager: Shutting down and abandoning module ActorPickerMode (478)
[2017.04.27-16.38.21:196][772]LogModuleManager: Shutting down and abandoning module GeometryMode (476)
[2017.04.27-16.38.21:196][772]LogModuleManager: Shutting down and abandoning module TextureAlignMode (474)
[2017.04.27-16.38.21:196][772]LogModuleManager: Shutting down and abandoning module BspMode (472)
[2017.04.27-16.38.21:210][772]LogModuleManager: Shutting down and abandoning module HardwareSurvey (470)
[2017.04.27-16.38.21:221][772]LogModuleManager: Shutting down and abandoning module SequenceRecorderSections (468)
[2017.04.27-16.38.21:230][772]LogModuleManager: Shutting down and abandoning module AutomationWorker (466)
[2017.04.27-16.38.21:243][772]LogModuleManager: Shutting down and abandoning module MatineeToLevelSequence (464)
[2017.04.27-16.38.21:270][772]LogModuleManager: Shutting down and abandoning module LevelSequenceEditor (462)
[2017.04.27-16.38.21:304][772]LogModuleManager: Shutting down and abandoning module PlacementMode (461)
[2017.04.27-16.38.21:305][772]LogModuleManager: Shutting down and abandoning module WmfMediaFactory (458)
[2017.04.27-16.38.21:305][772]LogModuleManager: Shutting down and abandoning module WmfMediaEditor (456)
[2017.04.27-16.38.21:305][772]LogModuleManager: Shutting down and abandoning module MfMediaFactory (454)
[2017.04.27-16.38.21:305][772]LogModuleManager: Shutting down and abandoning module MfMediaEditor (452)
[2017.04.27-16.38.21:305][772]LogModuleManager: Shutting down and abandoning module AvfMediaFactory (450)
[2017.04.27-16.38.21:305][772]LogModuleManager: Shutting down and abandoning module AvfMediaEditor (448)
[2017.04.27-16.38.21:305][772]LogModuleManager: Shutting down and abandoning module AndroidMediaFactory (446)
[2017.04.27-16.38.21:317][772]LogModuleManager: Shutting down and abandoning module Media (445)
[2017.04.27-16.38.21:317][772]LogModuleManager: Shutting down and abandoning module AndroidMediaEditor (442)
[2017.04.27-16.38.21:317][772]LogModuleManager: Shutting down and abandoning module CharacterAI (440)
[2017.04.27-16.38.21:317][772]LogModuleManager: Shutting down and abandoning module AudioCapture (438)
[2017.04.27-16.38.21:317][772]LogModuleManager: Shutting down and abandoning module SequenceRecorder (437)
[2017.04.27-16.38.21:352][772]LogModuleManager: Shutting down and abandoning module SmartSnapping (434)
[2017.04.27-16.38.21:352][772]LogModuleManager: Shutting down and abandoning module SessionServices (432)
[2017.04.27-16.38.21:352][772]LogModuleManager: Shutting down and abandoning module ViewportSnapping (430)
[2017.04.27-16.38.21:352][772]LogModuleManager: Shutting down and abandoning module ViewportInteraction (428)
[2017.04.27-16.38.21:352][772]LogModuleManager: Shutting down and abandoning module LogVisualizer (426)
[2017.04.27-16.38.21:399][772]LogModuleManager: Shutting down and abandoning module IntroTutorials (424)
[2017.04.27-16.38.21:681][772]LogModuleManager: Shutting down and abandoning module GameProjectGeneration (423)
[2017.04.27-16.38.21:724][772]LogModuleManager: Shutting down and abandoning module EditorLiveStreaming (420)
[2017.04.27-16.38.21:724][772]LogModuleManager: Shutting down and abandoning module IOSPlatformEditor (418)
[2017.04.27-16.38.21:724][772]LogModuleManager: Shutting down and abandoning module HTML5PlatformEditor (416)
[2017.04.27-16.38.21:724][772]LogModuleManager: Shutting down and abandoning module AndroidPlatformEditor (414)
[2017.04.27-16.38.21:754][772]LogModuleManager: Shutting down and abandoning module AndroidDeviceDetection (413)
[2017.04.27-16.38.22:711][772]LogModuleManager: Shutting down and abandoning module IOSRuntimeSettings (410)
[2017.04.27-16.38.22:711][772]LogModuleManager: Shutting down and abandoning module AndroidRuntimeSettings (408)
[2017.04.27-16.38.22:711][772]LogModuleManager: Shutting down and abandoning module InputBindingEditor (406)
[2017.04.27-16.38.22:722][772]LogModuleManager: Shutting down and abandoning module NiagaraEditor (404)
[2017.04.27-16.38.22:800][772]LogModuleManager: Shutting down and abandoning module MergeActors (402)
[2017.04.27-16.38.22:806][772]LogModuleManager: Shutting down and abandoning module SizeMap (400)
[2017.04.27-16.38.22:819][772]LogModuleManager: Shutting down and abandoning module TreeMap (398)
[2017.04.27-16.38.22:914][772]LogModuleManager: Shutting down and abandoning module ReferenceViewer (396)
[2017.04.27-16.38.22:914][772]LogModuleManager: Shutting down and abandoning module LocalizationDashboard (394)
[2017.04.27-16.38.22:920][772]LogModuleManager: Shutting down and abandoning module LocalizationService (393)
[2017.04.27-16.38.22:935][772]LogModuleManager: Shutting down and abandoning module HardwareTargeting (390)
[2017.04.27-16.38.22:950][772]LogModuleManager: Shutting down and abandoning module DeviceProfileEditor (388)
[2017.04.27-16.38.22:962][772]LogModuleManager: Shutting down and abandoning module UndoHistory (386)
[2017.04.27-16.38.22:975][772]LogModuleManager: Shutting down and abandoning module UserFeedback (384)
[2017.04.27-16.38.22:975][772]LogModuleManager: Shutting down and abandoning module XmlParser (382)
[2017.04.27-16.38.22:988][772]LogModuleManager: Shutting down and abandoning module Blutility (380)
[2017.04.27-16.38.22:988][772]LogModuleManager: Shutting down and abandoning module ProjectSettingsViewer (378)
[2017.04.27-16.38.22:988][772]LogModuleManager: Shutting down and abandoning module ProjectTargetPlatformEditor (377)
[2017.04.27-16.38.22:989][772]LogModuleManager: Shutting down and abandoning module EditorSettingsViewer (374)
[2017.04.27-16.38.22:989][772]LogModuleManager: Shutting down and abandoning module SettingsEditor (372)
[2017.04.27-16.38.23:027][772]LogModuleManager: Shutting down and abandoning module ProjectLauncher (370)
[2017.04.27-16.38.23:043][772]LogModuleManager: Shutting down and abandoning module SessionFrontend (368)
[2017.04.27-16.38.23:055][772]LogModuleManager: Shutting down and abandoning module ProfilerClient (366)
[2017.04.27-16.38.23:065][772]LogModuleManager: Shutting down and abandoning module DeviceManager (364)
[2017.04.27-16.38.23:082][772]LogModuleManager: Shutting down and abandoning module TargetDeviceServices (363)
[2017.04.27-16.38.23:127][772]LogModuleManager: Shutting down and abandoning module AutomationController (360)
[2017.04.27-16.38.23:146][772]LogModuleManager: Shutting down and abandoning module AutomationWindow (358)
[2017.04.27-16.38.23:161][772]LogModuleManager: Shutting down and abandoning module Layers (356)
[2017.04.27-16.38.23:170][772]LogModuleManager: Shutting down and abandoning module ComponentVisualizers (354)
[2017.04.27-16.38.23:170][772]LogModuleManager: Shutting down and abandoning module DetailCustomizations (352)
[2017.04.27-16.38.23:179][772]LogModuleManager: Shutting down and abandoning module PackagesDialog (350)
[2017.04.27-16.38.23:179][772]LogModuleManager: Shutting down and abandoning module Persona (348)
[2017.04.27-16.38.23:204][772]LogModuleManager: Shutting down and abandoning module AnimGraph (347)
[2017.04.27-16.38.23:204][772]LogModuleManager: Shutting down and abandoning module Kismet (344)
[2017.04.27-16.38.23:241][772]LogModuleManager: Shutting down and abandoning module GraphEditor (342)
[2017.04.27-16.38.23:260][772]LogModuleManager: Shutting down and abandoning module ClassViewer (340)
[2017.04.27-16.38.23:274][772]LogModuleManager: Shutting down and abandoning module Toolbox (338)
[2017.04.27-16.38.23:281][772]LogModuleManager: Shutting down and abandoning module ModuleUI (336)
[2017.04.27-16.38.23:297][772]LogModuleManager: Shutting down and abandoning module MovieSceneTools (334)
[2017.04.27-16.38.23:314][772]LogModuleManager: Shutting down and abandoning module OutputLog (332)
[2017.04.27-16.38.23:322][772]LogModuleManager: Shutting down and abandoning module GammaUI (330)
[2017.04.27-16.38.23:331][772]LogModuleManager: Shutting down and abandoning module Documentation (328)
[2017.04.27-16.38.23:331][772]LogModuleManager: Shutting down and abandoning module Niagara (326)
[2017.04.27-16.38.23:331][772]LogModuleManager: Shutting down and abandoning module StreamingPauseRendering (324)
[2017.04.27-16.38.23:347][772]LogModuleManager: Shutting down and abandoning module AnalyticsET (322)
[2017.04.27-16.38.23:347][772]LogModuleManager: Shutting down and abandoning module PortalServices (320)
[2017.04.27-16.38.23:347][772]LogModuleManager: Shutting down and abandoning module PortalRpc (318)
[2017.04.27-16.38.23:347][772]LogModuleManager: Shutting down and abandoning module MessagingRpc (316)
[2017.04.27-16.38.23:347][772]LogModuleManager: Shutting down and abandoning module AIModule (314)
[2017.04.27-16.38.23:396][772]LogModuleManager: Shutting down and abandoning module GameplayDebugger (313)
[2017.04.27-16.38.23:403][772]LogModuleManager: Shutting down and abandoning module AITestSuite (311)
[2017.04.27-16.38.23:403][772]LogModuleManager: Shutting down and abandoning module ProfilerService (308)
[2017.04.27-16.38.23:436][772]LogModuleManager: Shutting down and abandoning module TaskGraph (306)
[2017.04.27-16.38.23:463][772]LogModuleManager: Shutting down and abandoning module SteamVRController (304)
[2017.04.27-16.38.23:463][772]LogModuleManager: Shutting down and abandoning module SteamVR (302)
[2017.04.27-16.38.23:463][772]LogModuleManager: Shutting down and abandoning module ProceduralMeshComponentEditor (300)
[2017.04.27-16.38.23:464][772]LogModuleManager: Shutting down and abandoning module ProceduralMeshComponent (298)
[2017.04.27-16.38.23:477][772]LogModuleManager: Shutting down and abandoning module OculusLibrary (296)
[2017.04.27-16.38.23:477][772]LogModuleManager: Shutting down and abandoning module OculusInput (294)
[2017.04.27-16.38.23:477][772]LogModuleManager: Shutting down and abandoning module MobilePatchingUtils (292)
[2017.04.27-16.38.23:477][772]LogModuleManager: Shutting down and abandoning module CustomMeshComponent (290)
[2017.04.27-16.38.23:477][772]LogModuleManager: Shutting down and abandoning module CableComponent (288)
[2017.04.27-16.38.23:484][772]LogModuleManager: Shutting down and abandoning module ArchVisCharacter (286)
[2017.04.27-16.38.23:484][772]LogModuleManager: Shutting down and abandoning module MediaPlayerEditor (282)
[2017.04.27-16.38.23:528][772]LogModuleManager: Shutting down and abandoning module RawInput (280)
[2017.04.27-16.38.23:529][772]LogModuleManager: Shutting down and abandoning module HTML5Networking (278)
[2017.04.27-16.38.23:529][772]LogModuleManager: Shutting down and abandoning module AlembicImporter (276)
[2017.04.27-16.38.23:542][772]LogModuleManager: Shutting down and abandoning module AlembicLibrary (275)
[2017.04.27-16.38.23:542][772]LogModuleManager: Shutting down and abandoning module GeometryCache (274)
[2017.04.27-16.38.23:557][772]LogModuleManager: Shutting down and abandoning module GeometryCacheEd (273)
[2017.04.27-16.38.23:557][772]LogModuleManager: Shutting down and abandoning module SuperSearchEditor (268)
[2017.04.27-16.38.23:557][772]LogModuleManager: Shutting down and abandoning module SuperSearch (267)
[2017.04.27-16.38.23:557][772]LogModuleManager: Shutting down and abandoning module SpeedTreeImporter (264)
[2017.04.27-16.38.23:557][772]LogModuleManager: Shutting down and abandoning module PluginBrowser (262)
[2017.04.27-16.38.23:583][772]LogModuleManager: Shutting down and abandoning module MobileLauncherProfileWizard (260)
[2017.04.27-16.38.23:597][772]LogModuleManager: Shutting down and abandoning module EpicSurvey (258)
[2017.04.27-16.38.23:609][772]LogModuleManager: Shutting down and abandoning module VisualStudioSourceCodeAccess (256)
[2017.04.27-16.38.23:622][772]LogModuleManager: Shutting down and abandoning module DesktopPlatform (255)
[2017.04.27-16.38.23:646][772]LogModuleManager: Shutting down and abandoning module UObjectPlugin (252)
[2017.04.27-16.38.23:646][772]LogModuleManager: Shutting down and abandoning module SubversionSourceControl (250)
[2017.04.27-16.38.23:661][772]LogModuleManager: Shutting down and abandoning module PerforceSourceControl (248)
[2017.04.27-16.38.23:671][772]LogModuleManager: Shutting down and abandoning module GitSourceControl (246)
[2017.04.27-16.38.23:682][772]LogModuleManager: Shutting down and abandoning module SourceControl (245)
[2017.04.27-16.38.23:705][772]LogModuleManager: Shutting down and abandoning module LightPropagationVolumeEditor (242)
[2017.04.27-16.38.23:705][772]LogModuleManager: Shutting down and abandoning module PaperTiledImporter (240)
[2017.04.27-16.38.23:705][772]LogModuleManager: Shutting down and abandoning module PaperSpriteSheetImporter (238)
[2017.04.27-16.38.23:705][772]LogModuleManager: Shutting down and abandoning module Paper2DEditor (236)
[2017.04.27-16.38.23:743][772]LogModuleManager: Shutting down and abandoning module MeshPaint (235)
[2017.04.27-16.38.23:743][772]LogModuleManager: Shutting down and abandoning module LevelEditor (233)
[2017.04.27-16.38.23:817][772]LogModuleManager: Shutting down and abandoning module PixelInspectorModule (232)
[2017.04.27-16.38.23:833][772]LogModuleManager: Shutting down and abandoning module MainFrame (230)
[2017.04.27-16.38.23:833][772]LogModuleManager: Shutting down and abandoning module HotReload (229)
[2017.04.27-16.38.23:866][772]LogModuleManager: Shutting down and abandoning module ContentBrowser (225)
[2017.04.27-16.38.23:868][772]LogModuleManager: Shutting down and abandoning module PhysXVehiclesEditor (222)
[2017.04.27-16.38.23:879][772]LogModuleManager: Shutting down and abandoning module PhysXVehicles (220)
[2017.04.27-16.38.23:879][772]LogModuleManager: Shutting down and abandoning module LocationServicesBPLibrary (218)
[2017.04.27-16.38.23:879][772]LogModuleManager: Shutting down and abandoning module UdpMessaging (216)
[2017.04.27-16.38.23:979][772]LogModuleManager: Shutting down and abandoning module TcpMessaging (214)
[2017.04.27-16.38.24:080][772]LogModuleManager: Shutting down and abandoning module GameplayTagsEditor (212)
[2017.04.27-16.38.24:155][772]LogModuleManager: Shutting down and abandoning module FacialAnimationEditor (210)
[2017.04.27-16.38.24:452][772]LogModuleManager: Shutting down and abandoning module FacialAnimation (208)
[2017.04.27-16.38.24:452][772]LogModuleManager: Shutting down and abandoning module LightPropagationVolumeRuntime (206)
[2017.04.27-16.38.24:452][772]LogModuleManager: Shutting down and abandoning module Paper2D (204)
[2017.04.27-16.38.24:484][772]LogModuleManager: Shutting down and abandoning module WindowsMoviePlayer (202)
[2017.04.27-16.38.24:513][772]LogModuleManager: Shutting down and abandoning module WmfMedia (200)
[2017.04.27-16.38.24:526][772]LogModuleManager: Shutting down and abandoning module MfMedia (198)
[2017.04.27-16.38.24:526][772]LogModuleManager: Shutting down and abandoning module MediaAssets (196)
[2017.04.27-16.38.24:526][772]LogModuleManager: Shutting down and abandoning module GameLiveStreaming (194)
[2017.04.27-16.38.24:553][772]LogModuleManager: Shutting down and abandoning module VREditor (192)
[2017.04.27-16.38.24:587][772]LogModuleManager: Shutting down and abandoning module GameplayTasksEditor (190)
[2017.04.27-16.38.24:587][772]LogModuleManager: Shutting down and abandoning module BehaviorTreeEditor (188)
[2017.04.27-16.38.24:610][772]LogModuleManager: Shutting down and abandoning module FunctionalTesting (186)
[2017.04.27-16.38.24:610][772]LogModuleManager: Shutting down and abandoning module CollisionAnalyzer (184)
[2017.04.27-16.38.24:617][772]LogModuleManager: Shutting down and abandoning module UMG (182)
[2017.04.27-16.38.24:617][772]LogModuleManager: Shutting down and abandoning module UMGEditor (181)
[2017.04.27-16.38.24:628][772]LogModuleManager: Shutting down and abandoning module Sequencer (180)
[2017.04.27-16.38.24:628][772]LogModuleManager: Shutting down and abandoning module AssetTools (178)
[2017.04.27-16.38.24:696][772]LogModuleManager: Shutting down and abandoning module MessageLog (177)
[2017.04.27-16.38.24:696][772]LogModuleManager: Shutting down and abandoning module WorkspaceMenuStructure (176)
[2017.04.27-16.38.24:696][772]LogModuleManager: Shutting down and abandoning module SlateReflector (170)
[2017.04.27-16.38.24:742][772]LogModuleManager: Shutting down and abandoning module Slate (168)
[2017.04.27-16.38.24:742][772]LogModuleManager: Shutting down and abandoning module EditorStyle (166)
[2017.04.27-16.38.24:769][772]LogModuleManager: Shutting down and abandoning module SourceCodeAccess (164)
[2017.04.27-16.38.24:781][772]LogModuleManager: Shutting down and abandoning module HeadMountedDisplay (162)
[2017.04.27-16.38.24:781][772]LogModuleManager: Shutting down and abandoning module XAudio2 (160)
[2017.04.27-16.38.24:781][772]LogModuleManager: Shutting down and abandoning module Networking (158)
[2017.04.27-16.38.24:781][772]LogModuleManager: Shutting down and abandoning module Core (154)
[2017.04.27-16.38.24:781][772]LogModuleManager: Shutting down and abandoning module AssetRegistry (152)
[2017.04.27-16.38.24:905][772]LogDirectoryWatcher: A directory notification for '../../../Engine/Content/' was aborted.
[2017.04.27-16.38.24:905][772]LogDirectoryWatcher: A directory notification for '../../../../../../Users/nelso/OneDrive/Documents/Unreal Projects/Projecto3Dcars/Content/' was aborted.
[2017.04.27-16.38.24:905][772]LogDirectoryWatcher: A directory notification for '../../../Engine/Plugins/2D/Paper2D/Content/' was aborted.
[2017.04.27-16.38.24:918][772]LogModuleManager: Shutting down and abandoning module DirectoryWatcher (151)
[2017.04.27-16.38.24:925][772]LogModuleManager: Shutting down and abandoning module KismetCompiler (148)
[2017.04.27-16.38.24:925][772]LogModuleManager: Shutting down and abandoning module PhysXFormats (146)
[2017.04.27-16.38.24:925][772]LogModuleManager: Shutting down and abandoning module MeshUtilities (144)
[2017.04.27-16.38.24:937][772]LogModuleManager: Shutting down and abandoning module SimplygonSwarm (143)
[2017.04.27-16.38.24:952][772]LogModuleManager: Shutting down and abandoning module SimplygonMeshReduction (141)
[2017.04.27-16.38.24:952][772]LogModuleManager: Shutting down and abandoning module QuadricMeshReduction (139)
[2017.04.27-16.38.24:961][772]LogModuleManager: Shutting down and abandoning module PropertyEditor (137)
[2017.04.27-16.38.24:987][772]LogModuleManager: Shutting down and abandoning module DerivedDataCache (134)
[2017.04.27-16.38.25:007][772]LogDerivedDataCache: Shutdown
[2017.04.27-16.38.25:007][772]LogModuleManager: Shutting down and abandoning module TargetPlatform (132)
[2017.04.27-16.38.25:013][772]LogModuleManager: Shutting down and abandoning module VulkanShaderFormat (131)
[2017.04.27-16.38.25:027][772]LogModuleManager: Shutting down and abandoning module ShaderFormatOpenGL (129)
[2017.04.27-16.38.25:039][772]LogModuleManager: Shutting down and abandoning module ShaderFormatD3D (127)
[2017.04.27-16.38.25:046][772]LogModuleManager: Shutting down and abandoning module MetalShaderFormat (125)
[2017.04.27-16.38.25:060][772]LogModuleManager: Shutting down and abandoning module TextureFormatUncompressed (123)
[2017.04.27-16.38.25:060][772]LogModuleManager: Shutting down and abandoning module TextureFormatPVR (121)
[2017.04.27-16.38.25:060][772]LogModuleManager: Shutting down and abandoning module TextureFormatDXT (119)
[2017.04.27-16.38.25:069][772]LogModuleManager: Shutting down and abandoning module TextureFormatIntelISPCTexComp (117)
[2017.04.27-16.38.25:106][772]LogModuleManager: Shutting down and abandoning module TextureFormatASTC (115)
[2017.04.27-16.38.25:106][772]LogModuleManager: Shutting down and abandoning module ImageWrapper (114)
[2017.04.27-16.38.25:106][772]LogModuleManager: Shutting down and abandoning module TextureFormatAndroid (111)
[2017.04.27-16.38.25:106][772]LogModuleManager: Shutting down and abandoning module AudioFormatOpus (109)
[2017.04.27-16.38.25:114][772]LogModuleManager: Shutting down and abandoning module AudioFormatOgg (107)
[2017.04.27-16.38.25:122][772]LogModuleManager: Shutting down and abandoning module AudioFormatADPCM (105)
[2017.04.27-16.38.25:128][772]LogModuleManager: Shutting down and abandoning module LinuxTargetPlatform (103)
[2017.04.27-16.38.25:129][772]LogModuleManager: Shutting down and abandoning module LinuxServerTargetPlatform (101)
[2017.04.27-16.38.25:129][772]LogModuleManager: Shutting down and abandoning module LinuxNoEditorTargetPlatform (99)
[2017.04.27-16.38.25:129][772]LogModuleManager: Shutting down and abandoning module LinuxClientTargetPlatform (97)
[2017.04.27-16.38.25:129][772]LogModuleManager: Shutting down and abandoning module TVOSTargetPlatform (95)
[2017.04.27-16.38.25:129][772]LogModuleManager: Shutting down and abandoning module Messaging (93)
[2017.04.27-16.38.25:129][772]LogModuleManager: Shutting down and abandoning module IOSTargetPlatform (91)
[2017.04.27-16.38.25:129][772]LogModuleManager: Shutting down and abandoning module HTML5TargetPlatform (89)
[2017.04.27-16.38.25:129][772]LogModuleManager: Shutting down and abandoning module Android_PVRTCTargetPlatform (87)
[2017.04.27-16.38.25:129][772]LogModuleManager: Shutting down and abandoning module Android_MultiTargetPlatform (85)
[2017.04.27-16.38.25:129][772]LogModuleManager: Shutting down and abandoning module Android_ETC2TargetPlatform (83)
[2017.04.27-16.38.25:129][772]LogModuleManager: Shutting down and abandoning module Android_ETC1TargetPlatform (81)
[2017.04.27-16.38.25:144][772]LogModuleManager: Shutting down and abandoning module Android_DXTTargetPlatform (79)
[2017.04.27-16.38.25:144][772]LogModuleManager: Shutting down and abandoning module Android_ATCTargetPlatform (77)
[2017.04.27-16.38.25:144][772]LogModuleManager: Shutting down and abandoning module Android_ASTCTargetPlatform (75)
[2017.04.27-16.38.25:144][772]LogModuleManager: Shutting down and abandoning module AndroidTargetPlatform (73)
[2017.04.27-16.38.25:144][772]LogModuleManager: Shutting down and abandoning module WindowsTargetPlatform (71)
[2017.04.27-16.38.25:144][772]LogModuleManager: Shutting down and abandoning module WindowsServerTargetPlatform (69)
[2017.04.27-16.38.25:145][772]LogModuleManager: Shutting down and abandoning module WindowsNoEditorTargetPlatform (67)
[2017.04.27-16.38.25:155][772]LogModuleManager: Shutting down and abandoning module WindowsClientTargetPlatform (65)
[2017.04.27-16.38.25:155][772]LogModuleManager: Shutting down and abandoning module MacTargetPlatform (63)
[2017.04.27-16.38.25:155][772]LogModuleManager: Shutting down and abandoning module MacServerTargetPlatform (61)
[2017.04.27-16.38.25:168][772]LogModuleManager: Shutting down and abandoning module MacNoEditorTargetPlatform (59)
[2017.04.27-16.38.25:168][772]LogModuleManager: Shutting down and abandoning module MacClientTargetPlatform (57)
[2017.04.27-16.38.25:168][772]LogModuleManager: Shutting down and abandoning module AllDesktopTargetPlatform (55)
[2017.04.27-16.38.25:168][772]LogModuleManager: Shutting down and abandoning module InputCore (52)
[2017.04.27-16.38.25:168][772]LogModuleManager: Shutting down and abandoning module Settings (50)
[2017.04.27-16.38.25:168][772]LogModuleManager: Shutting down and abandoning module OculusRift (48)
[2017.04.27-16.38.25:187][772]LogModuleManager: Shutting down and abandoning module GearVR (46)
[2017.04.27-16.38.25:187][772]LogModuleManager: Shutting down and abandoning module ExampleDeviceProfileSelector (44)
[2017.04.27-16.38.25:187][772]LogModuleManager: Shutting down and abandoning module OnlineBlueprintSupport (42)
[2017.04.27-16.38.25:187][772]LogModuleManager: Shutting down and abandoning module OnlineSubsystem (38)
[2017.04.27-16.38.25:187][772]LogOnline:Display: Unloading online subsystem: NULL
[2017.04.27-16.38.25:245][772]LogModuleManager: Shutting down and abandoning module XMPP (37)
[2017.04.27-16.38.25:258][772]LogModuleManager: Shutting down and abandoning module HTTP (35)
[2017.04.27-16.38.25:266][772]LogHttp:Display: Http module shutting down, but needs to wait on 1 outstanding Http requests:
[2017.04.27-16.38.25:266][772]LogHttp:Display: 	verb=[POST] url=[https://datarouter.ol.epicgames.com/datarouter/api/v1/public/data?SessionID=%7B52B6EB8E-4802-575E-9470-94A1A550F6A5%7D&AppID=UEEditor.Rocket.Release&AppVersion=4.15.1-3348071%2B%2B%2BUE4%2BRelease-4.15&UserID=1dae0a3042bd3e231ef317884ef14df6%7C037fdcebcd72403e895e7893d1ff0e5c%7C41472952-92bc-4579-84a7-815f00ef22b8&AppEnvironment=datacollector-binary&UploadType=eteventstream] status=Processing
[2017.04.27-16.38.25:291][772]LogModuleManager: Shutting down and abandoning module SSL (34)
[2017.04.27-16.38.25:316][772]LogModuleManager: Shutting down and abandoning module AudioEditor (30)
[2017.04.27-16.38.25:354][772]LogModuleManager: Shutting down and abandoning module TextureCompressor (28)
[2017.04.27-16.38.25:559][772]LogModuleManager: Shutting down and abandoning module ShaderCore (26)
[2017.04.27-16.38.25:560][772]LogModuleManager: Shutting down and abandoning module Landscape (24)
[2017.04.27-16.38.25:560][772]LogModuleManager: Shutting down and abandoning module SlateRHIRenderer (22)
[2017.04.27-16.38.25:607][772]LogModuleManager: Shutting down and abandoning module OpenGLDrv (20)
[2017.04.27-16.38.25:625][772]LogModuleManager: Shutting down and abandoning module D3D11RHI (18)
[2017.04.27-16.38.25:625][772]LogModuleManager: Shutting down and abandoning module AnimGraphRuntime (16)
[2017.04.27-16.38.25:634][772]LogModuleManager: Shutting down and abandoning module Renderer (14)
[2017.04.27-16.38.25:634][772]LogModuleManager: Shutting down and abandoning module Engine (12)
[2017.04.27-16.38.25:634][772]LogModuleManager: Shutting down and abandoning module CoreUObject (10)
[2017.04.27-16.38.25:634][772]LogModuleManager: Shutting down and abandoning module NetworkFile (8)
[2017.04.27-16.38.25:642][772]LogModuleManager: Shutting down and abandoning module StreamingFile (6)
[2017.04.27-16.38.25:670][772]LogModuleManager: Shutting down and abandoning module SandboxFile (4)
[2017.04.27-16.38.25:703][772]LogModuleManager: Shutting down and abandoning module PakFile (2)
[2017.04.27-16.38.25:793][772]LogExit: Exiting.
[2017.04.27-16.38.25:857][772]Log file closed, 04/27/17 17:38:25
