Log file open, 05/03/17 11:51:19
LogInit:Display: Running engine for game: Projecto3Dcars
LogPlatformFile: Not using cached read wrapper
LogInit:Display: RandInit(-1562653909) SRandInit(-1562653909).
LogTaskGraph: Started task graph with 5 named threads and 8 total threads with 1 sets of task threads.
LogStats: Stats thread started at 0.099316
LogInit: Using libcurl 7.47.1
LogInit:  - built for x86_64-pc-win32
LogInit:  - supports SSL with OpenSSL/1.0.2g
LogInit:  - supports HTTP deflate (compression) using libz 1.2.8
LogInit:  - other features:
LogInit:      CURL_VERSION_SSL
LogInit:      CURL_VERSION_LIBZ
LogInit:      CURL_VERSION_IPV6
LogInit:      CURL_VERSION_ASYNCHDNS
LogInit:      CURL_VERSION_LARGEFILE
LogInit:      CURL_VERSION_IDN
LogInit:  CurlRequestOptions (configurable via config and command line):
LogInit:  - bVerifyPeer = false  - Libcurl will NOT verify peer certificate
LogInit:  - bUseHttpProxy = false  - Libcurl will NOT use HTTP proxy
LogInit:  - bDontReuseConnections = false  - Libcurl will reuse connections
LogInit:  - CertBundlePath = nullptr  - Libcurl will use whatever was configured at build time.
LogInit: Build: ++UE4+Release-4.15-CL-3416026
LogInit: Engine Version: 4.15.2-3416026+++UE4+Release-4.15
LogInit: Compatible Engine Version: 4.15.0-3299760+++UE4+Release-4.15
LogInit: Net CL: 3299760
LogDevObjectVersion: Number of dev versions registered: 14
LogDevObjectVersion:   Dev-Blueprints (B0D832E4-1F89-4F0D-ACCF-7EB736FD4AA2): 8
LogDevObjectVersion:   Dev-Build (E1C64328-A22C-4D53-A36C-8E866417BD8C): 0
LogDevObjectVersion:   Dev-Core (375EC13C-06E4-48FB-B500-84F0262A717E): 2
LogDevObjectVersion:   Dev-Editor (E4B068ED-F494-42E9-A231-DA0B2E46BB41): 14
LogDevObjectVersion:   Dev-Framework (CFFC743F-43B0-4480-9391-14DF171D2073): 22
LogDevObjectVersion:   Dev-Mobile (B02B49B5-BB20-44E9-A304-32B752E40360): 0
LogDevObjectVersion:   Dev-Networking (A4E4105C-59A1-49B5-A7C5-40C4547EDFEE): 0
LogDevObjectVersion:   Dev-Online (39C831C9-5AE6-47DC-9A44-9C173E1C8E7C): 0
LogDevObjectVersion:   Dev-Physics (78F01B33-EBEA-4F98-B9B4-84EACCB95AA2): 0
LogDevObjectVersion:   Dev-Platform (6631380F-2D4D-43E0-8009-CF276956A95A): 0
LogDevObjectVersion:   Dev-Rendering (12F88B9F-8875-4AFC-A67C-D90C383ABD29): 12
LogDevObjectVersion:   Dev-Sequencer (7B5AE74C-D270-4C10-A958-57980B212A5A): 3
LogDevObjectVersion:   Dev-VR (D7296918-1DD6-4BDD-9DE2-64A83CC13884): 0
LogDevObjectVersion:   Dev-LoadTimes (C2A15278-BFE7-4AFE-6C17-90FF531DF755): 1
LogInit: Compiled (64-bit): May  1 2017 13:11:28
LogInit: Compiled with Visual C++: 19.00.23026.00
LogInit: Build Configuration: Development
LogInit: Branch Name: ++UE4+Release-4.15
LogInit: Command line: -EpicPortal 
LogInit: Base directory: C:/Program Files (x86)/Epic Games/UE_4.15/Engine/Binaries/Win64/
LogInit: Installed Engine Build: 1
LogInit: Presizing for max 8388607 objects, including 0 objects not considered by GC, pre-allocating 0 bytes for permanent pool.
LogInit: Object subsystem initialized
[2017.05.03-10.51.21:338][  0]LogInit: Selected Device Profile: [Windows]
[2017.05.03-10.51.21:338][  0]LogInit: Applying CVar settings loaded from the selected device profile: [Windows]
[2017.05.03-10.51.21:465][  0]LogInit: Computer: DESKTOP-ADB3IOJ
[2017.05.03-10.51.21:465][  0]LogInit: User: nelso
[2017.05.03-10.51.21:465][  0]LogInit: CPU Page size=65536, Cores=4
[2017.05.03-10.51.21:465][  0]LogInit: High frequency timer resolution =2.250002 MHz
[2017.05.03-10.51.21:465][  0]LogMemory: Memory total: Physical=7.9GB (8GB approx)
[2017.05.03-10.51.21:465][  0]LogMemory: Platform Memory Stats for Windows
[2017.05.03-10.51.21:465][  0]LogMemory: Process Physical Memory: 263.70 MB used, 263.70 MB peak
[2017.05.03-10.51.21:465][  0]LogMemory: Process Virtual Memory: 262.14 MB used, 262.14 MB peak
[2017.05.03-10.51.21:465][  0]LogMemory: Physical Memory: 6143.09 MB used,  1945.01 MB free, 8088.11 MB total
[2017.05.03-10.51.21:465][  0]LogMemory: Virtual Memory: 644.36 MB used,  1945.01 MB free, 134217728.00 MB total
[2017.05.03-10.51.21:560][  0]LogTextLocalizationManager: No translations for ('pt-PT') exist, falling back to 'en' for localization and internationalization data.
[2017.05.03-10.51.22:380][  0]LogD3D11RHI: D3D11 adapters:
[2017.05.03-10.51.23:190][  0]LogD3D11RHI:    0. 'NVIDIA GeForce GTX 950M' (Feature Level 11_0)
[2017.05.03-10.51.23:190][  0]LogD3D11RHI:       4065/0/4044 MB DedicatedVideo/DedicatedSystem/SharedSystem, Outputs:1, VendorId:0x10de
[2017.05.03-10.51.23:199][  0]LogD3D11RHI:    1. 'Intel(R) HD Graphics 530' (Feature Level 11_0)
[2017.05.03-10.51.23:199][  0]LogD3D11RHI:       128/0/4044 MB DedicatedVideo/DedicatedSystem/SharedSystem, Outputs:0, VendorId:0x8086
[2017.05.03-10.51.23:201][  0]LogD3D11RHI:    2. 'Microsoft Basic Render Driver' (Feature Level 11_0)
[2017.05.03-10.51.23:201][  0]LogD3D11RHI:       0/0/4044 MB DedicatedVideo/DedicatedSystem/SharedSystem, Outputs:0, VendorId:0x1414
[2017.05.03-10.51.23:201][  0]LogD3D11RHI: Chosen D3D11 Adapter: 0
[2017.05.03-10.51.23:209][  0]LogD3D11RHI: Creating new Direct3DDevice
[2017.05.03-10.51.23:209][  0]LogD3D11RHI:     GPU DeviceId: 0x139a (for the marketing name, search the web for "GPU Device Id")
[2017.05.03-10.51.23:209][  0]LogWindows: EnumDisplayDevices:
[2017.05.03-10.51.23:209][  0]LogWindows:    0. 'Intel(R) HD Graphics 530' (P:1 D:1)
[2017.05.03-10.51.23:210][  0]LogWindows:    1. 'Intel(R) HD Graphics 530' (P:0 D:0)
[2017.05.03-10.51.23:210][  0]LogWindows:    2. 'Intel(R) HD Graphics 530' (P:0 D:0)
[2017.05.03-10.51.23:210][  0]LogWindows: DebugString: PrimaryIsNotTheChoosenAdapter PrimaryIsNotTheChoosenAdapter PrimaryIsNotTheChoosenAdapter FoundDriverCount:0 
[2017.05.03-10.51.23:210][  0]LogD3D11RHI:     Adapter Name: NVIDIA GeForce GTX 950M
[2017.05.03-10.51.23:210][  0]LogD3D11RHI:   Driver Version: Unknown (internal:Unknown, unified:Unknown)
[2017.05.03-10.51.23:210][  0]LogD3D11RHI:      Driver Date: Unknown
[2017.05.03-10.51.23:210][  0]LogRHI: Texture pool is 1361 MB (70% of 1945 MB)
[2017.05.03-10.51.23:869][  0]LogD3D11RHI: [Aftermath] Aftermath enabled and primed
[2017.05.03-10.51.23:870][  0]LogD3D11RHI: Async texture creation enabled
[2017.05.03-10.51.24:984][  0]LogD3D11RHI: GPU Timing Frequency: 1000.000000 (Debug: 2 1)
[2017.05.03-10.51.24:987][  0]LogShaderCompilers: Guid format shader working directory is -34 characters bigger than the processId version (../../../../../../Users/nelso/OneDrive/Documents/Unreal Projects/Projecto3Dcars/Intermediate/Shaders/WorkingDirectory/13508/).
[2017.05.03-10.51.24:987][  0]LogShaderCompilers: Cleaned the shader compiler working directory 'C:/Users/nelso/AppData/Local/Temp/UnrealShaderWorkingDir/C8C08BFF4DB41F596F82599AC0B2A003/'.
[2017.05.03-10.51.24:987][  0]LogShaderCompilers:Display: Using Local Shader Compiler.
[2017.05.03-10.51.27:509][  0]LogTemp:Display: Loaded TP AllDesktopTargetPlatform
[2017.05.03-10.51.27:736][  0]LogTemp:Display: Loaded TP MacClientTargetPlatform
[2017.05.03-10.51.27:889][  0]LogTemp:Display: Loaded TP MacNoEditorTargetPlatform
[2017.05.03-10.51.28:100][  0]LogTemp:Display: Loaded TP MacServerTargetPlatform
[2017.05.03-10.51.28:322][  0]LogTemp:Display: Loaded TP MacTargetPlatform
[2017.05.03-10.51.28:429][  0]LogTemp:Display: Loaded TP WindowsClientTargetPlatform
[2017.05.03-10.51.28:616][  0]LogTemp:Display: Loaded TP WindowsNoEditorTargetPlatform
[2017.05.03-10.51.28:763][  0]LogTemp:Display: Loaded TP WindowsServerTargetPlatform
[2017.05.03-10.51.28:855][  0]LogTemp:Display: Loaded TP WindowsTargetPlatform
[2017.05.03-10.51.28:926][  0]LogTemp:Display: Loaded TP AndroidTargetPlatform
[2017.05.03-10.51.28:989][  0]LogTemp:Display: Loaded TP Android_ASTCTargetPlatform
[2017.05.03-10.51.29:055][  0]LogTemp:Display: Loaded TP Android_ATCTargetPlatform
[2017.05.03-10.51.29:134][  0]LogTemp:Display: Loaded TP Android_DXTTargetPlatform
[2017.05.03-10.51.29:197][  0]LogTemp:Display: Loaded TP Android_ETC1TargetPlatform
[2017.05.03-10.51.29:259][  0]LogTemp:Display: Loaded TP Android_ETC2TargetPlatform
[2017.05.03-10.51.29:395][  0]LogTemp:Display: Loaded TP Android_MultiTargetPlatform
[2017.05.03-10.51.29:395][  0]LogTemp:Display: Loaded TP Android_PVRTCTargetPlatform
[2017.05.03-10.51.29:450][  0]LogTemp:Display: Loaded TP HTML5TargetPlatform
[2017.05.03-10.51.29:564][  0]LogTemp:Display: Loaded TP IOSTargetPlatform
[2017.05.03-10.51.29:608][  0]LogTemp:Display: Loaded TP TVOSTargetPlatform
[2017.05.03-10.51.29:672][  0]LogTemp:Display: Loaded TP LinuxClientTargetPlatform
[2017.05.03-10.51.29:735][  0]LogTemp:Display: Loaded TP LinuxNoEditorTargetPlatform
[2017.05.03-10.51.29:797][  0]LogTemp:Display: Loaded TP LinuxServerTargetPlatform
[2017.05.03-10.51.29:895][  0]LogTemp:Display: Loaded TP LinuxTargetPlatform
[2017.05.03-10.51.29:895][  0]LogTargetPlatformManager:Display: Building Assets For Windows
[2017.05.03-10.51.30:667][  0]LogDerivedDataCache:Display: Max Cache Size: 512 MB
[2017.05.03-10.51.30:786][  0]LogDerivedDataCache: Loaded boot cache 0.12s 52MB C:/Users/nelso/AppData/Local/UnrealEngine/4.15/DerivedDataCache/Boot.ddc.
[2017.05.03-10.51.30:786][  0]LogDerivedDataCache:Display: Loaded Boot cache: C:/Users/nelso/AppData/Local/UnrealEngine/4.15/DerivedDataCache/Boot.ddc
[2017.05.03-10.51.30:786][  0]LogDerivedDataCache: FDerivedDataBackendGraph:  Pak pak cache file ../../../../../../Users/nelso/OneDrive/Documents/Unreal Projects/Projecto3Dcars/DerivedDataCache/DDC.ddp not found, will not use a pak cache.
[2017.05.03-10.51.30:786][  0]LogDerivedDataCache: Unable to find inner node Pak for hierarchical cache Hierarchy.
[2017.05.03-10.51.30:786][  0]LogDerivedDataCache: FDerivedDataBackendGraph:  CompressedPak pak cache file ../../../../../../Users/nelso/OneDrive/Documents/Unreal Projects/Projecto3Dcars/DerivedDataCache/Compressed.ddp not found, will not use a pak cache.
[2017.05.03-10.51.30:786][  0]LogDerivedDataCache: Unable to find inner node CompressedPak for hierarchical cache Hierarchy.
[2017.05.03-10.51.30:811][  0]LogDerivedDataCache:Display: Pak cache opened for reading ../../../Engine/DerivedDataCache/Compressed.ddp.
[2017.05.03-10.51.30:825][  0]LogDerivedDataCache: Using Local data cache path C:/Users/nelso/AppData/Local/UnrealEngine/Common/DerivedDataCache: Writable
[2017.05.03-10.51.30:866][  0]LogSlate: Using Freetype 2.6.0
[2017.05.03-10.51.30:867][  0]LogSlate: SlateFontCache - WITH_FREETYPE: 1, WITH_HARFBUZZ: 1
[2017.05.03-10.51.30:867][  0]LogSlate: SlateFontCache - WITH_FREETYPE: 1, WITH_HARFBUZZ: 1
[2017.05.03-10.51.31:326][  0]LogInit: Selected Device Profile: [Windows]
[2017.05.03-10.51.31:330][  0]LogContentStreaming: Texture pool size is 0.00 MB
[2017.05.03-10.51.31:651][  0]LogMeshUtilities: Using QuadricMeshReduction for automatic static mesh reduction
[2017.05.03-10.51.31:713][  0]LogSimplygon: Simplygon DLL not present - disabling.
[2017.05.03-10.51.31:797][  0]LogMeshUtilities: Using SimplygonSwarm for distributed automatic mesh merging
[2017.05.03-10.51.31:797][  0]LogMeshUtilities: No automatic skeletal mesh reduction module available
[2017.05.03-10.51.31:797][  0]LogMeshUtilities: No automatic mesh merging module available
[2017.05.03-10.51.32:589][  0]LogNetVersion: GetLocalNetworkVersion: CL: 3299760, ProjectName: projecto3dcars, ProjectVersion: , EngineNetworkVersion: 2, GameNetworkVersion: 0, NetworkChecksum: 2483648698
[2017.05.03-10.51.32:638][  0]LogAssetRegistry: FAssetRegistry took 0.0216 seconds to start up
[2017.05.03-10.51.32:828][  0]LogPackageLocalizationCache: Processed 3 localized package path(s) for 1 prioritized culture(s) in 0.161384 seconds
[2017.05.03-10.51.32:833][  0]LogUObjectArray: 32493 objects as part of root set at end of initial load.
[2017.05.03-10.51.32:833][  0]LogUObjectAllocator: 7077024 out of 0 bytes used by permanent object pool.
[2017.05.03-10.51.32:833][  0]LogUObjectArray: CloseDisregardForGC: 0/0 objects in disregard for GC pool
[2017.05.03-10.51.32:914][  0]LogInit: WinSock: version 1.1 (2.2), MaxSocks=32767, MaxUdp=65467
[2017.05.03-10.51.35:038][  0]LogTcpMessaging: Initializing TcpMessaging bridge
[2017.05.03-10.51.35:084][  0]LogUdpMessaging: Initializing bridge on interface 0.0.0.0:0 to multicast group 230.0.0.1:6666.
[2017.05.03-10.51.35:699][  0]LogMaterial: Uniform references updated for custom material expression Custom.
[2017.05.03-10.51.36:328][  0]SourceControl: Info Source control is disabled
[2017.05.03-10.51.36:329][  0]SourceControl: Info Source control is disabled
[2017.05.03-10.51.36:403][  0]SourceControl: Info Source control is disabled
[2017.05.03-10.51.36:462][  0]SourceControl: Info Source control is disabled
[2017.05.03-10.51.38:457][  0]LogEngine: Initializing Engine...
[2017.05.03-10.51.38:457][  0]LogHMD: Failed to initialize OpenVR with code 110
[2017.05.03-10.51.38:580][  0]LogStats: UGameplayTagsManager::ConstructGameplayTagTree: Construct from data asset -  0.000 s
[2017.05.03-10.51.38:580][  0]LogStats: UGameplayTagsManager::ConstructGameplayTagTree: GameplayTagTreeChangedEvent.Broadcast -  0.000 s
[2017.05.03-10.51.38:739][  0]LogAIModule: Creating AISystem for world Untitled
[2017.05.03-10.51.38:747][  0]LogInit: XAudio2 using 'Altifalantes (Conexant SmartAudio HD)' : 2 channels at 48 kHz using 32 bits per sample (channel mask 0x3)
[2017.05.03-10.51.38:776][  0]LogInit: FAudioDevice initialized.
[2017.05.03-10.51.38:812][  0]LogDerivedDataCache: Saved boot cache 0.04s 52MB C:/Users/nelso/AppData/Local/UnrealEngine/4.15/DerivedDataCache/Boot.ddc.
[2017.05.03-10.51.38:821][  0]LogInit: Texture streaming: Enabled
[2017.05.03-10.51.38:938][  0]LogEngineSessionManager: EngineSessionManager initialized
[2017.05.03-10.51.39:822][  0]LogInit: Transaction tracking system initialized
[2017.05.03-10.51.40:238][  0]BlueprintLog: New page: Editor Load
[2017.05.03-10.51.41:371][  0]LocalizationService: Info Localization service is disabled
[2017.05.03-10.51.43:511][  0]LogConsoleResponse:Display: 
[2017.05.03-10.51.43:903][  0]LogCook:Display: Max memory allowance for cook 16384mb min free memory 0mb
[2017.05.03-10.51.43:903][  0]LogCook:Display: Mobile HDR setting 1
[2017.05.03-10.51.44:556][  0]LogFileCache: Scanning file cache for directory 'C:/Users/nelso/OneDrive/Documents/Unreal Projects/Projecto3Dcars/Content/' took 0.05s
[2017.05.03-10.51.45:223][  0]SourceControl: Info Source control is disabled
[2017.05.03-10.51.45:223][  0]Cmd: MAP LOAD FILE="../../../../../../Users/nelso/OneDrive/Documents/Unreal Projects/Projecto3Dcars/Content/VehicleAdvBP/Maps/VehicleAdvExampleMap.umap" TEMPLATE=0 SHOWPROGRESS=1 FEATURELEVEL=3
[2017.05.03-10.51.45:224][  0]LightingResults: New page: Lighting Build
[2017.05.03-10.51.45:275][  0]MapCheck: New page: Map Check
[2017.05.03-10.51.45:275][  0]LightingResults: New page: Lighting Build
[2017.05.03-10.51.53:612][  0]LogAIModule: Creating AISystem for world VehicleAdvExampleMap
[2017.05.03-10.51.55:025][  0]LogEditorServer: Finished looking for orphan Actors (0.000 secs)
[2017.05.03-10.51.55:065][  0]Cmd: MAP CHECKDEP NOCLEARLOG
[2017.05.03-10.51.55:124][  0]MapCheck: Info Map check complete: 0 Error(s), 0 Warning(s), took 58.742ms to complete.
[2017.05.03-10.51.55:124][  0]LogFileHelpers: Loading map 'VehicleAdvExampleMap' took 9.901
[2017.05.03-10.51.56:556][  0]LogCollectionManager: Loaded 0 collections in 0.018099 seconds
[2017.05.03-10.51.56:799][  0]LogFileCache: Scanning file cache for directory 'C:/Users/nelso/OneDrive/Documents/Unreal Projects/Projecto3Dcars/Saved/Collections/' took 0.01s
[2017.05.03-10.51.56:799][  0]LogFileCache: Scanning file cache for directory 'C:/Users/nelso/OneDrive/Documents/Unreal Projects/Projecto3Dcars/Content/Developers/nelso/Collections/' took 0.01s
[2017.05.03-10.51.56:799][  0]LogFileCache: Scanning file cache for directory 'C:/Users/nelso/OneDrive/Documents/Unreal Projects/Projecto3Dcars/Content/Collections/' took 0.01s
[2017.05.03-10.51.56:799][  0]LogCollectionManager: Rebuilt the GUID cache for 0 collections in 0.000003 seconds
[2017.05.03-10.51.56:832][  0]LogContentBrowser: Native class hierarchy populated in 0.0151 seconds. Added 2247 classes and 456 folders.
[2017.05.03-10.51.57:023][  0]LogContentBrowser: Native class hierarchy updated for 'WidgetCarousel' in 0.0006 seconds. Added 0 classes and 0 folders.
[2017.05.03-10.51.59:042][  0]LogContentBrowser: Native class hierarchy updated for 'AddContentDialog' in 0.0008 seconds. Added 0 classes and 0 folders.
[2017.05.03-10.51.59:198][  0]LogContentBrowser: Native class hierarchy updated for 'SceneOutliner' in 0.0006 seconds. Added 1 classes and 2 folders.
[2017.05.03-10.52.00:706][  0]LogCrashTracker: Crashtracker disabled due to settings.
[2017.05.03-10.52.00:984][  0]LogUObjectGlobals:Warning: Failed to find object 'Class None.'
[2017.05.03-10.52.01:092][  0]LogContentBrowser: Native class hierarchy updated for 'HierarchicalLODOutliner' in 0.0007 seconds. Added 1 classes and 2 folders.
[2017.05.03-10.52.01:092][  0]LogLoad: (Engine Initialization) Total time: 45.62 seconds
[2017.05.03-10.52.01:092][  0]LogLoad: (Engine Initialization) Total Blueprint compile time: 1.21 seconds
[2017.05.03-10.52.01:092][  0]LogExternalProfiler: Found external profiler: VSPerf
[2017.05.03-10.52.01:092][  0]LogExternalProfiler: Using external profiler: VSPerf
[2017.05.03-10.52.01:432][  0]LogOcInput: OculusInput pre-init called
[2017.05.03-10.52.01:453][  0]LogRawInputWindows:Warning: Found device 0 devices
[2017.05.03-10.52.01:453][  0]LogRawInputWindows:Warning: Found device 0 devices
[2017.05.03-10.52.01:453][  0]LogRawInputWindows:Warning: Device was registered succesfully but not connected (Usage:4 UsagePage:1
[2017.05.03-10.52.01:720][  0]LogContentStreaming: Texture pool size now 1000 MB
[2017.05.03-10.52.01:782][  0]LogSlate: Took 0.000547 seconds to synchronously load lazily loaded font '../../../Engine/Content/Slate/Fonts/Roboto-Regular.ttf' (155K)
[2017.05.03-10.52.01:793][  0]LogSlate: Took 0.000706 seconds to synchronously load lazily loaded font '../../../Engine/Content/Slate/Fonts/Roboto-Bold.ttf' (160K)
[2017.05.03-10.52.01:924][  0]LogSlate: Took 0.035428 seconds to synchronously load lazily loaded font '../../../Engine/Content/Editor/Slate/Fonts/FontAwesome.ttf' (139K)
[2017.05.03-10.52.02:923][  0]LogRenderer: Reallocating scene render targets to support 936x456 NumSamples 1 (Frame:2).
[2017.05.03-10.52.04:974][  2]LogSlate: Took 0.020951 seconds to synchronously load lazily loaded font '../../../Engine/Content/Slate/Fonts/Roboto-Light.ttf' (159K)
[2017.05.03-10.52.05:172][  3]LogAssetRegistry: Asset discovery search completed in 32.5558 seconds
[2017.05.03-10.52.05:172][  3]LogCollectionManager: Rebuilt the object cache for 0 collections in 0.000007 seconds (found 0 objects)
[2017.05.03-10.52.05:172][  3]LogCollectionManager: Fixed up redirectors for 0 collections in 0.000046 seconds (updated 0 objects)
[2017.05.03-10.52.10:364][  5]LogSlate: Took 0.000386 seconds to synchronously load lazily loaded font '../../../Engine/Content/Slate/Fonts/Roboto-Light.ttf' (159K)
[2017.05.03-10.52.25:227][ 92]LogTemp: Repeting last play command: New Editor Window (PIE)
[2017.05.03-10.52.25:308][ 92]LogPlayLevel: PlayLevel: No blueprints needed recompiling
[2017.05.03-10.52.25:362][ 92]PIE: New page: PIE session: VehicleAdvExampleMap (May 3, 2017, 12:52:25 PM)
[2017.05.03-10.52.25:391][ 92]LogPlayLevel: Creating play world package: /Game/VehicleAdvBP/Maps/UEDPIE_0_VehicleAdvExampleMap
[2017.05.03-10.52.25:490][ 92]LogPlayLevel: PIE: StaticDuplicateObject took: (0.098924s)
[2017.05.03-10.52.25:491][ 92]LogAIModule: Creating AISystem for world VehicleAdvExampleMap
[2017.05.03-10.52.25:491][ 92]LogPlayLevel: PIE: World Init took: (0.000820s)
[2017.05.03-10.52.25:491][ 92]LogPlayLevel: PIE: Created PIE world by copying editor world from /Game/VehicleAdvBP/Maps/VehicleAdvExampleMap.VehicleAdvExampleMap to /Game/VehicleAdvBP/Maps/UEDPIE_0_VehicleAdvExampleMap.VehicleAdvExampleMap (0.103556s)
[2017.05.03-10.52.25:559][ 92]LogInit: XAudio2 using 'Altifalantes (Conexant SmartAudio HD)' : 2 channels at 48 kHz using 32 bits per sample (channel mask 0x3)
[2017.05.03-10.52.25:577][ 92]LogInit: FAudioDevice initialized.
[2017.05.03-10.52.25:816][ 92]LogLoad: Game class is 'VehicleAdvGameMode_C'
[2017.05.03-10.52.25:921][ 92]LogWorld: Bringing World /Game/VehicleAdvBP/Maps/UEDPIE_0_VehicleAdvExampleMap.VehicleAdvExampleMap up for play (max tick rate 60) at 2017.05.03-11.52.25
[2017.05.03-10.52.25:995][ 92]LogWorld: Bringing up level for play took: 0.086103
[2017.05.03-10.52.26:277][ 92]LogContentBrowser: Native class hierarchy updated for 'MovieSceneCapture' in 0.0014 seconds. Added 11 classes and 0 folders.
[2017.05.03-10.52.26:471][ 92]PIE: Info Play in editor start time for /Game/VehicleAdvBP/Maps/UEDPIE_0_VehicleAdvExampleMap 0.471
[2017.05.03-10.52.26:975][ 92]LogRenderer: Reallocating scene render targets to support 1292x756 NumSamples 1 (Frame:5).
[2017.05.03-10.52.39:187][470]LogSlate: Took 0.000195 seconds to synchronously load lazily loaded font '../../../Engine/Content/Slate/Fonts/Roboto-Light.ttf' (159K)
[2017.05.03-10.52.39:892][470]LogSlate: Took 0.000161 seconds to synchronously load lazily loaded font '../../../Engine/Content/Slate/Fonts/Roboto-Regular.ttf' (155K)
[2017.05.03-10.52.40:667][470]LogContentBrowser: Native class hierarchy updated for 'BlueprintGraph' in 0.0013 seconds. Added 112 classes and 0 folders.
[2017.05.03-10.52.44:629][470]LogSlate: Took 0.022888 seconds to synchronously load lazily loaded font '../../../Engine/Content/Editor/Slate/Fonts/Roboto-BoldCondensed.ttf' (158K)
[2017.05.03-10.53.18:679][142]LogTemp: Repeting last play command: New Editor Window (PIE)
[2017.05.03-10.53.18:701][142]LogPlayLevel: PlayLevel: No blueprints needed recompiling
[2017.05.03-10.53.18:701][142]PIE: New page: PIE session: VehicleAdvExampleMap (May 3, 2017, 12:53:18 PM)
[2017.05.03-10.53.18:701][142]LogPlayLevel: Creating play world package: /Game/VehicleAdvBP/Maps/UEDPIE_0_VehicleAdvExampleMap
[2017.05.03-10.53.18:741][142]LogPlayLevel: PIE: StaticDuplicateObject took: (0.039713s)
[2017.05.03-10.53.18:742][142]LogAIModule: Creating AISystem for world VehicleAdvExampleMap
[2017.05.03-10.53.18:742][142]LogPlayLevel: PIE: World Init took: (0.001144s)
[2017.05.03-10.53.18:742][142]LogPlayLevel: PIE: Created PIE world by copying editor world from /Game/VehicleAdvBP/Maps/VehicleAdvExampleMap.VehicleAdvExampleMap to /Game/VehicleAdvBP/Maps/UEDPIE_0_VehicleAdvExampleMap.VehicleAdvExampleMap (0.041160s)
[2017.05.03-10.53.18:884][142]LogInit: XAudio2 using 'Altifalantes (Conexant SmartAudio HD)' : 2 channels at 48 kHz using 32 bits per sample (channel mask 0x3)
[2017.05.03-10.53.18:902][142]LogInit: FAudioDevice initialized.
[2017.05.03-10.53.18:952][142]LogLoad: Game class is 'VehicleAdvGameMode_C'
[2017.05.03-10.53.18:966][142]LogWorld: Bringing World /Game/VehicleAdvBP/Maps/UEDPIE_0_VehicleAdvExampleMap.VehicleAdvExampleMap up for play (max tick rate 60) at 2017.05.03-11.53.18
[2017.05.03-10.53.18:967][142]LogWorld: Bringing up level for play took: 0.008015
[2017.05.03-10.53.18:975][142]PIE: Info Play in editor start time for /Game/VehicleAdvBP/Maps/UEDPIE_0_VehicleAdvExampleMap 0.975
[2017.05.03-10.54.11:589][548]LogSlate: Took 0.040918 seconds to synchronously load lazily loaded font '../../../Engine/Content/Editor/Slate/Fonts/Roboto-Italic.ttf' (157K)
[2017.05.03-10.56.40:133][949]LogEditorViewport: Clicking on Actor (LMB): Tracker_C (Tracker)
[2017.05.03-10.56.50:124][218]LogTemp: Repeting last play command: New Editor Window (PIE)
[2017.05.03-10.56.50:154][218]LogPlayLevel: PlayLevel: No blueprints needed recompiling
[2017.05.03-10.56.50:154][218]PIE: New page: PIE session: VehicleAdvExampleMap (May 3, 2017, 12:56:50 PM)
[2017.05.03-10.56.50:154][218]LogPlayLevel: Creating play world package: /Game/VehicleAdvBP/Maps/UEDPIE_0_VehicleAdvExampleMap
[2017.05.03-10.56.50:189][218]LogPlayLevel: PIE: StaticDuplicateObject took: (0.035121s)
[2017.05.03-10.56.50:190][218]LogAIModule: Creating AISystem for world VehicleAdvExampleMap
[2017.05.03-10.56.50:190][218]LogPlayLevel: PIE: World Init took: (0.000822s)
[2017.05.03-10.56.50:190][218]LogPlayLevel: PIE: Created PIE world by copying editor world from /Game/VehicleAdvBP/Maps/VehicleAdvExampleMap.VehicleAdvExampleMap to /Game/VehicleAdvBP/Maps/UEDPIE_0_VehicleAdvExampleMap.VehicleAdvExampleMap (0.036246s)
[2017.05.03-10.56.50:332][218]LogInit: XAudio2 using 'Altifalantes (Conexant SmartAudio HD)' : 2 channels at 48 kHz using 32 bits per sample (channel mask 0x3)
[2017.05.03-10.56.50:361][218]LogInit: FAudioDevice initialized.
[2017.05.03-10.56.50:414][218]LogLoad: Game class is 'VehicleAdvGameMode_C'
[2017.05.03-10.56.50:430][218]LogWorld: Bringing World /Game/VehicleAdvBP/Maps/UEDPIE_0_VehicleAdvExampleMap.VehicleAdvExampleMap up for play (max tick rate 60) at 2017.05.03-11.56.50
[2017.05.03-10.56.50:431][218]LogWorld: Bringing up level for play took: 0.007951
[2017.05.03-10.56.50:471][218]PIE: Info Play in editor start time for /Game/VehicleAdvBP/Maps/UEDPIE_0_VehicleAdvExampleMap 0.472
[2017.05.03-10.57.16:794][751]PIE:Warning: Warning Attempting to move a fully simulated skeletal mesh VehicleMesh. Please use the Teleport flag
[2017.05.03-10.57.16:812][751]LogPawn:Error: DisableInput can only be specified on a Pawn for its Controller
[2017.05.03-10.57.41:288][198]LogBlueprintUserMessages: [myPlayerController_C_0] 2
[2017.05.03-11.02.04:557][713]BlueprintLog: New page: Compile myPlayerController
[2017.05.03-11.02.05:806][713]BlueprintEditorCompileResults: Info 'SaveGameReference' is already a 'My Save Game', you don't need  Cast To MySaveGame .
[2017.05.03-11.02.07:736][742]LogSavePackage: Save=386.33ms
[2017.05.03-11.02.07:737][742]LogSavePackage: Moving '../../../../../../Users/nelso/OneDrive/Documents/Unreal Projects/Projecto3Dcars/Saved/myPlayerController024C6EB848A2330E0E16D9A033F85C92.tmp' to '../../../../../../Users/nelso/OneDrive/Documents/Unreal Projects/Projecto3Dcars/Content/Blueprints/myPlayerController.uasset'
[2017.05.03-11.02.07:762][742]LogSavePackage:Display: Finished SavePackage ../../../../../../Users/nelso/OneDrive/Documents/Unreal Projects/Projecto3Dcars/Content/Blueprints/myPlayerController.uasset
[2017.05.03-11.02.09:565][847]LogTemp: Repeting last play command: New Editor Window (PIE)
[2017.05.03-11.02.09:584][847]LogPlayLevel: PlayLevel: No blueprints needed recompiling
[2017.05.03-11.02.09:584][847]PIE: New page: PIE session: VehicleAdvExampleMap (May 3, 2017, 1:02:09 PM)
[2017.05.03-11.02.09:584][847]LogPlayLevel: Creating play world package: /Game/VehicleAdvBP/Maps/UEDPIE_0_VehicleAdvExampleMap
[2017.05.03-11.02.09:615][847]LogPlayLevel: PIE: StaticDuplicateObject took: (0.031268s)
[2017.05.03-11.02.09:616][847]LogAIModule: Creating AISystem for world VehicleAdvExampleMap
[2017.05.03-11.02.09:616][847]LogPlayLevel: PIE: World Init took: (0.000962s)
[2017.05.03-11.02.09:616][847]LogPlayLevel: PIE: Created PIE world by copying editor world from /Game/VehicleAdvBP/Maps/VehicleAdvExampleMap.VehicleAdvExampleMap to /Game/VehicleAdvBP/Maps/UEDPIE_0_VehicleAdvExampleMap.VehicleAdvExampleMap (0.032580s)
[2017.05.03-11.02.09:653][847]LogInit: XAudio2 using 'Altifalantes (Conexant SmartAudio HD)' : 2 channels at 48 kHz using 32 bits per sample (channel mask 0x3)
[2017.05.03-11.02.09:672][847]LogInit: FAudioDevice initialized.
[2017.05.03-11.02.09:729][847]LogLoad: Game class is 'VehicleAdvGameMode_C'
[2017.05.03-11.02.09:742][847]LogWorld: Bringing World /Game/VehicleAdvBP/Maps/UEDPIE_0_VehicleAdvExampleMap.VehicleAdvExampleMap up for play (max tick rate 60) at 2017.05.03-12.02.09
[2017.05.03-11.02.09:742][847]LogWorld: Bringing up level for play took: 0.006931
[2017.05.03-11.02.09:757][847]PIE: Info Play in editor start time for /Game/VehicleAdvBP/Maps/UEDPIE_0_VehicleAdvExampleMap -0.243
[2017.05.03-11.02.17:646][209]LogSavePackage: Save=529.74ms
[2017.05.03-11.02.17:646][209]LogSavePackage: Moving '../../../../../../Users/nelso/OneDrive/Documents/Unreal Projects/Projecto3Dcars/Saved/VehicleAdvExampleMapFDBF83CB4CB54517916144BE164280D1.tmp' to '../../../../../../Users/nelso/OneDrive/Documents/Unreal Projects/Projecto3Dcars/Content/VehicleAdvBP/Maps/VehicleAdvExampleMap.umap'
[2017.05.03-11.02.17:678][209]LogSavePackage:Display: Finished SavePackage ../../../../../../Users/nelso/OneDrive/Documents/Unreal Projects/Projecto3Dcars/Content/VehicleAdvBP/Maps/VehicleAdvExampleMap.umap
[2017.05.03-11.02.19:639][209]LogSavePackage: Save=1543.22ms
[2017.05.03-11.02.19:639][209]LogSavePackage: Moving '../../../../../../Users/nelso/OneDrive/Documents/Unreal Projects/Projecto3Dcars/Saved/VehicleAdvExampleMap_BuiltDataB404F04447453CDDEA9E749B875CB75F.tmp' to '../../../../../../Users/nelso/OneDrive/Documents/Unreal Projects/Projecto3Dcars/Content/VehicleAdvBP/Maps/VehicleAdvExampleMap_BuiltData.uasset'
[2017.05.03-11.02.19:647][209]LogSavePackage:Display: Finished SavePackage ../../../../../../Users/nelso/OneDrive/Documents/Unreal Projects/Projecto3Dcars/Content/VehicleAdvBP/Maps/VehicleAdvExampleMap_BuiltData.uasset
[2017.05.03-11.04.49:519][324]LogTemp: Repeting last play command: New Editor Window (PIE)
[2017.05.03-11.04.49:547][324]BlueprintLog: New page: Pre-Play auto-recompile
[2017.05.03-11.04.49:548][324]LogPlayLevel: [PlayLevel] Compiling HUD before play...
[2017.05.03-11.04.49:745][324]LogPlayLevel: PlayLevel: Blueprint regeneration took 197 ms (1 blueprints)
[2017.05.03-11.04.49:745][324]PIE: New page: PIE session: VehicleAdvExampleMap (May 3, 2017, 1:04:49 PM)
[2017.05.03-11.04.49:745][324]LogPlayLevel: Creating play world package: /Game/VehicleAdvBP/Maps/UEDPIE_0_VehicleAdvExampleMap
[2017.05.03-11.04.49:780][324]LogPlayLevel: PIE: StaticDuplicateObject took: (0.034712s)
[2017.05.03-11.04.49:781][324]LogAIModule: Creating AISystem for world VehicleAdvExampleMap
[2017.05.03-11.04.49:781][324]LogPlayLevel: PIE: World Init took: (0.001038s)
[2017.05.03-11.04.49:782][324]LogPlayLevel: PIE: Created PIE world by copying editor world from /Game/VehicleAdvBP/Maps/VehicleAdvExampleMap.VehicleAdvExampleMap to /Game/VehicleAdvBP/Maps/UEDPIE_0_VehicleAdvExampleMap.VehicleAdvExampleMap (0.036125s)
[2017.05.03-11.04.49:802][324]LogInit: XAudio2 using 'Altifalantes (Conexant SmartAudio HD)' : 2 channels at 48 kHz using 32 bits per sample (channel mask 0x3)
[2017.05.03-11.04.49:821][324]LogInit: FAudioDevice initialized.
[2017.05.03-11.04.49:870][324]LogLoad: Game class is 'VehicleAdvGameMode_C'
[2017.05.03-11.04.49:879][324]LogWorld: Bringing World /Game/VehicleAdvBP/Maps/UEDPIE_0_VehicleAdvExampleMap.VehicleAdvExampleMap up for play (max tick rate 60) at 2017.05.03-12.04.49
[2017.05.03-11.04.49:880][324]LogWorld: Bringing up level for play took: 0.005912
[2017.05.03-11.04.49:890][324]PIE: Info Play in editor start time for /Game/VehicleAdvBP/Maps/UEDPIE_0_VehicleAdvExampleMap -0.11
[2017.05.03-11.05.11:555][594]BlueprintLog: New page: Compile HUD
[2017.05.03-11.05.12:630][643]Cmd: OBJ SAVEPACKAGE PACKAGE="/Game/Blueprints/UI/HUD" FILE="../../../../../../Users/nelso/OneDrive/Documents/Unreal Projects/Projecto3Dcars/Content/Blueprints/UI/HUD.uasset" SILENT=true
[2017.05.03-11.05.12:746][643]LogSavePackage: Save=74.82ms
[2017.05.03-11.05.12:746][643]LogSavePackage: Moving '../../../../../../Users/nelso/OneDrive/Documents/Unreal Projects/Projecto3Dcars/Saved/HUD74A900D44491D40CE1266BA8FDEE0F4B.tmp' to '../../../../../../Users/nelso/OneDrive/Documents/Unreal Projects/Projecto3Dcars/Content/Blueprints/UI/HUD.uasset'
[2017.05.03-11.05.12:785][643]LogSavePackage:Display: Finished SavePackage ../../../../../../Users/nelso/OneDrive/Documents/Unreal Projects/Projecto3Dcars/Content/Blueprints/UI/HUD.uasset
[2017.05.03-11.05.15:024][777]LogTemp: Repeting last play command: New Editor Window (PIE)
[2017.05.03-11.05.15:053][777]LogPlayLevel: PlayLevel: No blueprints needed recompiling
[2017.05.03-11.05.15:053][777]PIE: New page: PIE session: VehicleAdvExampleMap (May 3, 2017, 1:05:15 PM)
[2017.05.03-11.05.15:053][777]LogPlayLevel: Creating play world package: /Game/VehicleAdvBP/Maps/UEDPIE_0_VehicleAdvExampleMap
[2017.05.03-11.05.15:083][777]LogPlayLevel: PIE: StaticDuplicateObject took: (0.029540s)
[2017.05.03-11.05.15:083][777]LogAIModule: Creating AISystem for world VehicleAdvExampleMap
[2017.05.03-11.05.15:083][777]LogPlayLevel: PIE: World Init took: (0.000802s)
[2017.05.03-11.05.15:084][777]LogPlayLevel: PIE: Created PIE world by copying editor world from /Game/VehicleAdvBP/Maps/VehicleAdvExampleMap.VehicleAdvExampleMap to /Game/VehicleAdvBP/Maps/UEDPIE_0_VehicleAdvExampleMap.VehicleAdvExampleMap (0.030648s)
[2017.05.03-11.05.15:103][777]LogInit: XAudio2 using 'Altifalantes (Conexant SmartAudio HD)' : 2 channels at 48 kHz using 32 bits per sample (channel mask 0x3)
[2017.05.03-11.05.15:120][777]LogInit: FAudioDevice initialized.
[2017.05.03-11.05.15:169][777]LogLoad: Game class is 'VehicleAdvGameMode_C'
[2017.05.03-11.05.15:182][777]LogWorld: Bringing World /Game/VehicleAdvBP/Maps/UEDPIE_0_VehicleAdvExampleMap.VehicleAdvExampleMap up for play (max tick rate 60) at 2017.05.03-12.05.15
[2017.05.03-11.05.15:182][777]LogWorld: Bringing up level for play took: 0.006127
[2017.05.03-11.05.15:210][777]PIE: Info Play in editor start time for /Game/VehicleAdvBP/Maps/UEDPIE_0_VehicleAdvExampleMap -0.79
[2017.05.03-11.05.28:367][538]LogTemp: Repeting last play command: New Editor Window (PIE)
[2017.05.03-11.05.28:391][538]BlueprintLog: New page: Pre-Play auto-recompile
[2017.05.03-11.05.28:391][538]LogPlayLevel: [PlayLevel] Compiling HUD before play...
[2017.05.03-11.05.28:576][538]LogPlayLevel: PlayLevel: Blueprint regeneration took 184 ms (1 blueprints)
[2017.05.03-11.05.28:576][538]PIE: New page: PIE session: VehicleAdvExampleMap (May 3, 2017, 1:05:28 PM)
[2017.05.03-11.05.28:576][538]LogPlayLevel: Creating play world package: /Game/VehicleAdvBP/Maps/UEDPIE_0_VehicleAdvExampleMap
[2017.05.03-11.05.28:608][538]LogPlayLevel: PIE: StaticDuplicateObject took: (0.031858s)
[2017.05.03-11.05.28:609][538]LogAIModule: Creating AISystem for world VehicleAdvExampleMap
[2017.05.03-11.05.28:609][538]LogPlayLevel: PIE: World Init took: (0.000933s)
[2017.05.03-11.05.28:609][538]LogPlayLevel: PIE: Created PIE world by copying editor world from /Game/VehicleAdvBP/Maps/VehicleAdvExampleMap.VehicleAdvExampleMap to /Game/VehicleAdvBP/Maps/UEDPIE_0_VehicleAdvExampleMap.VehicleAdvExampleMap (0.033376s)
[2017.05.03-11.05.28:630][538]LogInit: XAudio2 using 'Altifalantes (Conexant SmartAudio HD)' : 2 channels at 48 kHz using 32 bits per sample (channel mask 0x3)
[2017.05.03-11.05.28:649][538]LogInit: FAudioDevice initialized.
[2017.05.03-11.05.28:694][538]LogLoad: Game class is 'VehicleAdvGameMode_C'
[2017.05.03-11.05.28:711][538]LogWorld: Bringing World /Game/VehicleAdvBP/Maps/UEDPIE_0_VehicleAdvExampleMap.VehicleAdvExampleMap up for play (max tick rate 60) at 2017.05.03-12.05.28
[2017.05.03-11.05.28:712][538]LogWorld: Bringing up level for play took: 0.008145
[2017.05.03-11.05.28:722][538]PIE: Info Play in editor start time for /Game/VehicleAdvBP/Maps/UEDPIE_0_VehicleAdvExampleMap 0.722
[2017.05.03-11.05.49:699][781]PIE:Warning: Warning Attempting to move a fully simulated skeletal mesh VehicleMesh. Please use the Teleport flag
[2017.05.03-11.05.49:700][781]LogPawn:Error: DisableInput can only be specified on a Pawn for its Controller
[2017.05.03-11.06.12:009][112]PIE:Warning: Warning Attempting to move a fully simulated skeletal mesh VehicleMesh. Please use the Teleport flag
[2017.05.03-11.06.12:010][112]LogPawn:Error: DisableInput can only be specified on a Pawn for its Controller
[2017.05.03-11.06.47:225][211]Cmd: OBJ SAVEPACKAGE PACKAGE="/Game/Blueprints/UI/HUD" FILE="../../../../../../Users/nelso/OneDrive/Documents/Unreal Projects/Projecto3Dcars/Content/Blueprints/UI/HUD.uasset" SILENT=true
[2017.05.03-11.06.47:323][211]LogSavePackage: Save=89.28ms
[2017.05.03-11.06.47:323][211]LogSavePackage: Moving '../../../../../../Users/nelso/OneDrive/Documents/Unreal Projects/Projecto3Dcars/Saved/HUDE0BAE58B45BAE75B936452946C2C7B1C.tmp' to '../../../../../../Users/nelso/OneDrive/Documents/Unreal Projects/Projecto3Dcars/Content/Blueprints/UI/HUD.uasset'
[2017.05.03-11.06.47:327][211]LogSavePackage:Display: Finished SavePackage ../../../../../../Users/nelso/OneDrive/Documents/Unreal Projects/Projecto3Dcars/Content/Blueprints/UI/HUD.uasset
[2017.05.03-11.06.47:910][246]LogTemp: Repeting last play command: New Editor Window (PIE)
[2017.05.03-11.06.47:925][246]LogPlayLevel: PlayLevel: No blueprints needed recompiling
[2017.05.03-11.06.47:925][246]PIE: New page: PIE session: VehicleAdvExampleMap (May 3, 2017, 1:06:47 PM)
[2017.05.03-11.06.47:925][246]LogPlayLevel: Creating play world package: /Game/VehicleAdvBP/Maps/UEDPIE_0_VehicleAdvExampleMap
[2017.05.03-11.06.47:955][246]LogPlayLevel: PIE: StaticDuplicateObject took: (0.029524s)
[2017.05.03-11.06.47:955][246]LogAIModule: Creating AISystem for world VehicleAdvExampleMap
[2017.05.03-11.06.47:955][246]LogPlayLevel: PIE: World Init took: (0.000728s)
[2017.05.03-11.06.47:956][246]LogPlayLevel: PIE: Created PIE world by copying editor world from /Game/VehicleAdvBP/Maps/VehicleAdvExampleMap.VehicleAdvExampleMap to /Game/VehicleAdvBP/Maps/UEDPIE_0_VehicleAdvExampleMap.VehicleAdvExampleMap (0.030592s)
[2017.05.03-11.06.47:975][246]LogInit: XAudio2 using 'Altifalantes (Conexant SmartAudio HD)' : 2 channels at 48 kHz using 32 bits per sample (channel mask 0x3)
[2017.05.03-11.06.47:994][246]LogInit: FAudioDevice initialized.
[2017.05.03-11.06.48:048][246]LogLoad: Game class is 'VehicleAdvGameMode_C'
[2017.05.03-11.06.48:068][246]LogWorld: Bringing World /Game/VehicleAdvBP/Maps/UEDPIE_0_VehicleAdvExampleMap.VehicleAdvExampleMap up for play (max tick rate 60) at 2017.05.03-12.06.48
[2017.05.03-11.06.48:069][246]LogWorld: Bringing up level for play took: 0.007310
[2017.05.03-11.06.48:080][246]PIE: Info Play in editor start time for /Game/VehicleAdvBP/Maps/UEDPIE_0_VehicleAdvExampleMap 0.08
[2017.05.03-11.07.29:282][702]LogBlueprintUserMessages: [myPlayerController_C_0] 2
[2017.05.03-11.07.37:131][163]Cmd: OBJ SAVEPACKAGE PACKAGE="/Game/Blueprints/UI/HUD" FILE="../../../../../../Users/nelso/OneDrive/Documents/Unreal Projects/Projecto3Dcars/Content/Blueprints/UI/HUD.uasset" SILENT=true
[2017.05.03-11.07.37:240][163]LogSavePackage: Save=99.89ms
[2017.05.03-11.07.37:240][163]LogSavePackage: Moving '../../../../../../Users/nelso/OneDrive/Documents/Unreal Projects/Projecto3Dcars/Saved/HUD7DE761CD4C2F7EA548043A9159426AAD.tmp' to '../../../../../../Users/nelso/OneDrive/Documents/Unreal Projects/Projecto3Dcars/Content/Blueprints/UI/HUD.uasset'
[2017.05.03-11.07.37:291][163]LogSavePackage:Display: Finished SavePackage ../../../../../../Users/nelso/OneDrive/Documents/Unreal Projects/Projecto3Dcars/Content/Blueprints/UI/HUD.uasset
[2017.05.03-11.18.35:099][465]LogTemp: Repeting last play command: New Editor Window (PIE)
[2017.05.03-11.18.35:145][465]LogPlayLevel: PlayLevel: No blueprints needed recompiling
[2017.05.03-11.18.35:146][465]PIE: New page: PIE session: VehicleAdvExampleMap (May 3, 2017, 1:18:35 PM)
[2017.05.03-11.18.35:146][465]LogPlayLevel: Creating play world package: /Game/VehicleAdvBP/Maps/UEDPIE_0_VehicleAdvExampleMap
[2017.05.03-11.18.35:176][465]LogPlayLevel: PIE: StaticDuplicateObject took: (0.030756s)
[2017.05.03-11.18.35:177][465]LogAIModule: Creating AISystem for world VehicleAdvExampleMap
[2017.05.03-11.18.35:177][465]LogPlayLevel: PIE: World Init took: (0.000843s)
[2017.05.03-11.18.35:178][465]LogPlayLevel: PIE: Created PIE world by copying editor world from /Game/VehicleAdvBP/Maps/VehicleAdvExampleMap.VehicleAdvExampleMap to /Game/VehicleAdvBP/Maps/UEDPIE_0_VehicleAdvExampleMap.VehicleAdvExampleMap (0.031981s)
[2017.05.03-11.18.35:199][465]LogInit: XAudio2 using 'Altifalantes (Conexant SmartAudio HD)' : 2 channels at 48 kHz using 32 bits per sample (channel mask 0x3)
[2017.05.03-11.18.35:225][465]LogInit: FAudioDevice initialized.
[2017.05.03-11.18.35:272][465]LogLoad: Game class is 'VehicleAdvGameMode_C'
[2017.05.03-11.18.35:283][465]LogWorld: Bringing World /Game/VehicleAdvBP/Maps/UEDPIE_0_VehicleAdvExampleMap.VehicleAdvExampleMap up for play (max tick rate 60) at 2017.05.03-12.18.35
[2017.05.03-11.18.35:284][465]LogWorld: Bringing up level for play took: 0.006153
[2017.05.03-11.18.35:297][465]PIE: Info Play in editor start time for /Game/VehicleAdvBP/Maps/UEDPIE_0_VehicleAdvExampleMap -0.703
[2017.05.03-11.18.44:275][946]LogSavePackage: Save=367.14ms
[2017.05.03-11.18.44:275][946]LogSavePackage: Moving '../../../../../../Users/nelso/OneDrive/Documents/Unreal Projects/Projecto3Dcars/Saved/VehicleAdvExampleMap920B7C304A8093F7B414BE920C857D6D.tmp' to '../../../../../../Users/nelso/OneDrive/Documents/Unreal Projects/Projecto3Dcars/Content/VehicleAdvBP/Maps/VehicleAdvExampleMap.umap'
[2017.05.03-11.18.44:308][946]LogSavePackage:Display: Finished SavePackage ../../../../../../Users/nelso/OneDrive/Documents/Unreal Projects/Projecto3Dcars/Content/VehicleAdvBP/Maps/VehicleAdvExampleMap.umap
[2017.05.03-11.18.46:543][946]LogSavePackage: Save=1166.00ms
[2017.05.03-11.18.46:543][946]LogSavePackage: Moving '../../../../../../Users/nelso/OneDrive/Documents/Unreal Projects/Projecto3Dcars/Saved/VehicleAdvExampleMap_BuiltDataC736650141E76BA68499CBB2E0E9283E.tmp' to '../../../../../../Users/nelso/OneDrive/Documents/Unreal Projects/Projecto3Dcars/Content/VehicleAdvBP/Maps/VehicleAdvExampleMap_BuiltData.uasset'
[2017.05.03-11.18.46:578][946]LogSavePackage:Display: Finished SavePackage ../../../../../../Users/nelso/OneDrive/Documents/Unreal Projects/Projecto3Dcars/Content/VehicleAdvBP/Maps/VehicleAdvExampleMap_BuiltData.uasset
[2017.05.03-11.18.49:409][ 74]LogActorComponent: UnregisterComponent: (/Engine/Transient.EditorFloorComp) Not registered. Aborting.
[2017.05.03-11.18.50:136][ 75]Cmd: QUIT_EDITOR
[2017.05.03-11.18.50:641][ 75]LogWindowsTextInputMethodSystem:Display: IME system now deactivated.
[2017.05.03-11.18.50:727][ 75]LogExit: Preparing to exit.
[2017.05.03-11.18.52:153][ 75]LogDirectoryWatcher: A directory notification for 'C:/Users/nelso/OneDrive/Documents/Unreal Projects/Projecto3Dcars/Content/' was aborted.
[2017.05.03-11.18.52:373][ 75]LogExit: Editor shut down
[2017.05.03-11.18.52:373][ 75]LogExit: Transaction tracking system shut down
[2017.05.03-11.18.54:007][ 75]LogObj: Freed 0b from 0 cluster array pools.
[2017.05.03-11.18.54:007][ 75]LogExit: Object subsystem successfully closed.
[2017.05.03-11.18.54:185][ 75]LogD3D11RHI: Shutdown
[2017.05.03-11.18.54:185][ 75]LogD3D11RHI: CleanupD3DDevice
[2017.05.03-11.18.54:547][ 75]LogD3D11RHI: ~FD3D11DynamicRHI
[2017.05.03-11.18.55:838][ 75]LogModuleManager: Shutting down and abandoning module SequencerWidgets (508)
[2017.05.03-11.18.55:838][ 75]LogModuleManager: Shutting down and abandoning module BlueprintGraph (506)
[2017.05.03-11.18.55:838][ 75]LogModuleManager: Shutting down and abandoning module BlueprintProfiler (504)
[2017.05.03-11.18.55:880][ 75]LogModuleManager: Shutting down and abandoning module MovieSceneCapture (502)
[2017.05.03-11.18.55:880][ 75]LogModuleManager: Shutting down and abandoning module HierarchicalLODOutliner (500)
[2017.05.03-11.18.55:910][ 75]LogModuleManager: Shutting down and abandoning module CrashTracker (498)
[2017.05.03-11.18.55:910][ 75]LogModuleManager: Shutting down and abandoning module SceneOutliner (496)
[2017.05.03-11.18.55:910][ 75]LogModuleManager: Shutting down and abandoning module AddContentDialog (494)
[2017.05.03-11.18.55:938][ 75]LogDirectoryWatcher: A directory notification for 'C:/Program Files (x86)/Epic Games/UE_4.15/FeaturePacks/' was aborted.
[2017.05.03-11.18.55:940][ 75]LogModuleManager: Shutting down and abandoning module WidgetCarousel (493)
[2017.05.03-11.18.55:940][ 75]LogModuleManager: Shutting down and abandoning module EditorWidgets (490)
[2017.05.03-11.18.55:940][ 75]LogModuleManager: Shutting down and abandoning module CollectionManager (488)
[2017.05.03-11.18.55:957][ 75]LogDirectoryWatcher: A directory notification for 'C:/Users/nelso/OneDrive/Documents/Unreal Projects/Projecto3Dcars/Content/Collections/' was aborted.
[2017.05.03-11.18.55:957][ 75]LogDirectoryWatcher: A directory notification for 'C:/Users/nelso/OneDrive/Documents/Unreal Projects/Projecto3Dcars/Content/Developers/nelso/Collections/' was aborted.
[2017.05.03-11.18.55:957][ 75]LogDirectoryWatcher: A directory notification for 'C:/Users/nelso/OneDrive/Documents/Unreal Projects/Projecto3Dcars/Saved/Collections/' was aborted.
[2017.05.03-11.18.55:957][ 75]LogModuleManager: Shutting down and abandoning module StatsViewer (486)
[2017.05.03-11.18.55:986][ 75]LogModuleManager: Shutting down and abandoning module FoliageEdit (484)
[2017.05.03-11.18.55:986][ 75]LogModuleManager: Shutting down and abandoning module LandscapeEditor (482)
[2017.05.03-11.18.56:001][ 75]LogModuleManager: Shutting down and abandoning module SceneDepthPickerMode (480)
[2017.05.03-11.18.56:001][ 75]LogModuleManager: Shutting down and abandoning module ActorPickerMode (478)
[2017.05.03-11.18.56:001][ 75]LogModuleManager: Shutting down and abandoning module GeometryMode (476)
[2017.05.03-11.18.56:001][ 75]LogModuleManager: Shutting down and abandoning module TextureAlignMode (474)
[2017.05.03-11.18.56:001][ 75]LogModuleManager: Shutting down and abandoning module BspMode (472)
[2017.05.03-11.18.56:017][ 75]LogModuleManager: Shutting down and abandoning module HardwareSurvey (470)
[2017.05.03-11.18.56:040][ 75]LogModuleManager: Shutting down and abandoning module SequenceRecorderSections (468)
[2017.05.03-11.18.56:061][ 75]LogModuleManager: Shutting down and abandoning module AutomationWorker (466)
[2017.05.03-11.18.56:112][ 75]LogModuleManager: Shutting down and abandoning module MatineeToLevelSequence (464)
[2017.05.03-11.18.56:155][ 75]LogModuleManager: Shutting down and abandoning module LevelSequenceEditor (462)
[2017.05.03-11.18.56:203][ 75]LogModuleManager: Shutting down and abandoning module PlacementMode (461)
[2017.05.03-11.18.56:203][ 75]LogModuleManager: Shutting down and abandoning module WmfMediaFactory (458)
[2017.05.03-11.18.56:203][ 75]LogModuleManager: Shutting down and abandoning module WmfMediaEditor (456)
[2017.05.03-11.18.56:203][ 75]LogModuleManager: Shutting down and abandoning module MfMediaFactory (454)
[2017.05.03-11.18.56:203][ 75]LogModuleManager: Shutting down and abandoning module MfMediaEditor (452)
[2017.05.03-11.18.56:203][ 75]LogModuleManager: Shutting down and abandoning module AvfMediaFactory (450)
[2017.05.03-11.18.56:203][ 75]LogModuleManager: Shutting down and abandoning module AvfMediaEditor (448)
[2017.05.03-11.18.56:203][ 75]LogModuleManager: Shutting down and abandoning module AndroidMediaFactory (446)
[2017.05.03-11.18.56:203][ 75]LogModuleManager: Shutting down and abandoning module Media (445)
[2017.05.03-11.18.56:203][ 75]LogModuleManager: Shutting down and abandoning module AndroidMediaEditor (442)
[2017.05.03-11.18.56:203][ 75]LogModuleManager: Shutting down and abandoning module CharacterAI (440)
[2017.05.03-11.18.56:203][ 75]LogModuleManager: Shutting down and abandoning module AudioCapture (438)
[2017.05.03-11.18.56:214][ 75]LogModuleManager: Shutting down and abandoning module SequenceRecorder (437)
[2017.05.03-11.18.56:258][ 75]LogModuleManager: Shutting down and abandoning module SmartSnapping (434)
[2017.05.03-11.18.56:258][ 75]LogModuleManager: Shutting down and abandoning module SessionServices (432)
[2017.05.03-11.18.56:258][ 75]LogModuleManager: Shutting down and abandoning module ViewportSnapping (430)
[2017.05.03-11.18.56:258][ 75]LogModuleManager: Shutting down and abandoning module ViewportInteraction (428)
[2017.05.03-11.18.56:258][ 75]LogModuleManager: Shutting down and abandoning module LogVisualizer (426)
[2017.05.03-11.18.56:302][ 75]LogModuleManager: Shutting down and abandoning module IntroTutorials (424)
[2017.05.03-11.18.56:307][ 75]LogModuleManager: Shutting down and abandoning module GameProjectGeneration (423)
[2017.05.03-11.18.56:372][ 75]LogModuleManager: Shutting down and abandoning module EditorLiveStreaming (420)
[2017.05.03-11.18.56:372][ 75]LogModuleManager: Shutting down and abandoning module IOSPlatformEditor (418)
[2017.05.03-11.18.56:372][ 75]LogModuleManager: Shutting down and abandoning module HTML5PlatformEditor (416)
[2017.05.03-11.18.56:372][ 75]LogModuleManager: Shutting down and abandoning module AndroidPlatformEditor (414)
[2017.05.03-11.18.56:393][ 75]LogModuleManager: Shutting down and abandoning module AndroidDeviceDetection (413)
[2017.05.03-11.18.57:402][ 75]LogModuleManager: Shutting down and abandoning module IOSRuntimeSettings (410)
[2017.05.03-11.18.57:402][ 75]LogModuleManager: Shutting down and abandoning module AndroidRuntimeSettings (408)
[2017.05.03-11.18.57:402][ 75]LogModuleManager: Shutting down and abandoning module InputBindingEditor (406)
[2017.05.03-11.18.57:418][ 75]LogModuleManager: Shutting down and abandoning module NiagaraEditor (404)
[2017.05.03-11.18.57:582][ 75]LogModuleManager: Shutting down and abandoning module MergeActors (402)
[2017.05.03-11.18.57:614][ 75]LogModuleManager: Shutting down and abandoning module SizeMap (400)
[2017.05.03-11.18.57:628][ 75]LogModuleManager: Shutting down and abandoning module TreeMap (398)
[2017.05.03-11.18.57:638][ 75]LogModuleManager: Shutting down and abandoning module ReferenceViewer (396)
[2017.05.03-11.18.57:638][ 75]LogModuleManager: Shutting down and abandoning module LocalizationDashboard (394)
[2017.05.03-11.18.57:658][ 75]LogModuleManager: Shutting down and abandoning module LocalizationService (393)
[2017.05.03-11.18.57:662][ 75]LogModuleManager: Shutting down and abandoning module HardwareTargeting (390)
[2017.05.03-11.18.57:674][ 75]LogModuleManager: Shutting down and abandoning module DeviceProfileEditor (388)
[2017.05.03-11.18.57:685][ 75]LogModuleManager: Shutting down and abandoning module UndoHistory (386)
[2017.05.03-11.18.57:715][ 75]LogModuleManager: Shutting down and abandoning module UserFeedback (384)
[2017.05.03-11.18.57:715][ 75]LogModuleManager: Shutting down and abandoning module XmlParser (382)
[2017.05.03-11.18.57:719][ 75]LogModuleManager: Shutting down and abandoning module Blutility (380)
[2017.05.03-11.18.57:738][ 75]LogModuleManager: Shutting down and abandoning module ProjectSettingsViewer (378)
[2017.05.03-11.18.57:738][ 75]LogModuleManager: Shutting down and abandoning module ProjectTargetPlatformEditor (377)
[2017.05.03-11.18.57:739][ 75]LogModuleManager: Shutting down and abandoning module EditorSettingsViewer (374)
[2017.05.03-11.18.57:739][ 75]LogModuleManager: Shutting down and abandoning module SettingsEditor (372)
[2017.05.03-11.18.57:760][ 75]LogModuleManager: Shutting down and abandoning module ProjectLauncher (370)
[2017.05.03-11.18.57:770][ 75]LogModuleManager: Shutting down and abandoning module SessionFrontend (368)
[2017.05.03-11.18.57:778][ 75]LogModuleManager: Shutting down and abandoning module ProfilerClient (366)
[2017.05.03-11.18.57:797][ 75]LogModuleManager: Shutting down and abandoning module DeviceManager (364)
[2017.05.03-11.18.57:817][ 75]LogModuleManager: Shutting down and abandoning module TargetDeviceServices (363)
[2017.05.03-11.18.57:860][ 75]LogModuleManager: Shutting down and abandoning module AutomationController (360)
[2017.05.03-11.18.57:877][ 75]LogModuleManager: Shutting down and abandoning module AutomationWindow (358)
[2017.05.03-11.18.57:900][ 75]LogModuleManager: Shutting down and abandoning module Layers (356)
[2017.05.03-11.18.57:934][ 75]LogModuleManager: Shutting down and abandoning module ComponentVisualizers (354)
[2017.05.03-11.18.57:934][ 75]LogModuleManager: Shutting down and abandoning module DetailCustomizations (352)
[2017.05.03-11.18.57:966][ 75]LogModuleManager: Shutting down and abandoning module PackagesDialog (350)
[2017.05.03-11.18.57:967][ 75]LogModuleManager: Shutting down and abandoning module Persona (348)
[2017.05.03-11.18.58:035][ 75]LogModuleManager: Shutting down and abandoning module AnimGraph (347)
[2017.05.03-11.18.58:035][ 75]LogModuleManager: Shutting down and abandoning module Kismet (344)
[2017.05.03-11.18.58:060][ 75]LogModuleManager: Shutting down and abandoning module GraphEditor (342)
[2017.05.03-11.18.58:061][ 75]LogModuleManager: Shutting down and abandoning module ClassViewer (340)
[2017.05.03-11.18.58:061][ 75]LogModuleManager: Shutting down and abandoning module Toolbox (338)
[2017.05.03-11.18.58:089][ 75]LogModuleManager: Shutting down and abandoning module ModuleUI (336)
[2017.05.03-11.18.58:096][ 75]LogModuleManager: Shutting down and abandoning module MovieSceneTools (334)
[2017.05.03-11.18.58:136][ 75]LogModuleManager: Shutting down and abandoning module OutputLog (332)
[2017.05.03-11.18.58:141][ 75]LogModuleManager: Shutting down and abandoning module GammaUI (330)
[2017.05.03-11.18.58:157][ 75]LogModuleManager: Shutting down and abandoning module Documentation (328)
[2017.05.03-11.18.58:157][ 75]LogModuleManager: Shutting down and abandoning module Niagara (326)
[2017.05.03-11.18.58:157][ 75]LogModuleManager: Shutting down and abandoning module StreamingPauseRendering (324)
[2017.05.03-11.18.58:157][ 75]LogModuleManager: Shutting down and abandoning module AnalyticsET (322)
[2017.05.03-11.18.58:157][ 75]LogModuleManager: Shutting down and abandoning module PortalServices (320)
[2017.05.03-11.18.58:157][ 75]LogModuleManager: Shutting down and abandoning module PortalRpc (318)
[2017.05.03-11.18.58:157][ 75]LogModuleManager: Shutting down and abandoning module MessagingRpc (316)
[2017.05.03-11.18.58:157][ 75]LogModuleManager: Shutting down and abandoning module AIModule (314)
[2017.05.03-11.18.58:157][ 75]LogModuleManager: Shutting down and abandoning module GameplayDebugger (313)
[2017.05.03-11.18.58:179][ 75]LogModuleManager: Shutting down and abandoning module AITestSuite (311)
[2017.05.03-11.18.58:179][ 75]LogModuleManager: Shutting down and abandoning module ProfilerService (308)
[2017.05.03-11.18.58:182][ 75]LogModuleManager: Shutting down and abandoning module TaskGraph (306)
[2017.05.03-11.18.58:238][ 75]LogModuleManager: Shutting down and abandoning module SteamVRController (304)
[2017.05.03-11.18.58:238][ 75]LogModuleManager: Shutting down and abandoning module SteamVR (302)
[2017.05.03-11.18.58:238][ 75]LogModuleManager: Shutting down and abandoning module ProceduralMeshComponentEditor (300)
[2017.05.03-11.18.58:238][ 75]LogModuleManager: Shutting down and abandoning module ProceduralMeshComponent (298)
[2017.05.03-11.18.58:264][ 75]LogModuleManager: Shutting down and abandoning module OculusLibrary (296)
[2017.05.03-11.18.58:264][ 75]LogModuleManager: Shutting down and abandoning module OculusInput (294)
[2017.05.03-11.18.58:264][ 75]LogModuleManager: Shutting down and abandoning module MobilePatchingUtils (292)
[2017.05.03-11.18.58:264][ 75]LogModuleManager: Shutting down and abandoning module CustomMeshComponent (290)
[2017.05.03-11.18.58:264][ 75]LogModuleManager: Shutting down and abandoning module CableComponent (288)
[2017.05.03-11.18.58:276][ 75]LogModuleManager: Shutting down and abandoning module ArchVisCharacter (286)
[2017.05.03-11.18.58:276][ 75]LogModuleManager: Shutting down and abandoning module MediaPlayerEditor (282)
[2017.05.03-11.18.58:351][ 75]LogModuleManager: Shutting down and abandoning module RawInput (280)
[2017.05.03-11.18.58:352][ 75]LogModuleManager: Shutting down and abandoning module HTML5Networking (278)
[2017.05.03-11.18.58:352][ 75]LogModuleManager: Shutting down and abandoning module AlembicImporter (276)
[2017.05.03-11.18.58:365][ 75]LogModuleManager: Shutting down and abandoning module AlembicLibrary (275)
[2017.05.03-11.18.58:365][ 75]LogModuleManager: Shutting down and abandoning module GeometryCache (274)
[2017.05.03-11.18.58:386][ 75]LogModuleManager: Shutting down and abandoning module GeometryCacheEd (273)
[2017.05.03-11.18.58:386][ 75]LogModuleManager: Shutting down and abandoning module SuperSearchEditor (268)
[2017.05.03-11.18.58:386][ 75]LogModuleManager: Shutting down and abandoning module SuperSearch (267)
[2017.05.03-11.18.58:386][ 75]LogModuleManager: Shutting down and abandoning module SpeedTreeImporter (264)
[2017.05.03-11.18.58:386][ 75]LogModuleManager: Shutting down and abandoning module PluginBrowser (262)
[2017.05.03-11.18.58:449][ 75]LogModuleManager: Shutting down and abandoning module MobileLauncherProfileWizard (260)
[2017.05.03-11.18.58:466][ 75]LogModuleManager: Shutting down and abandoning module EpicSurvey (258)
[2017.05.03-11.18.58:466][ 75]LogModuleManager: Shutting down and abandoning module VisualStudioSourceCodeAccess (256)
[2017.05.03-11.18.58:466][ 75]LogModuleManager: Shutting down and abandoning module DesktopPlatform (255)
[2017.05.03-11.18.58:466][ 75]LogModuleManager: Shutting down and abandoning module UObjectPlugin (252)
[2017.05.03-11.18.58:466][ 75]LogModuleManager: Shutting down and abandoning module SubversionSourceControl (250)
[2017.05.03-11.18.58:479][ 75]LogModuleManager: Shutting down and abandoning module PerforceSourceControl (248)
[2017.05.03-11.18.58:501][ 75]LogModuleManager: Shutting down and abandoning module GitSourceControl (246)
[2017.05.03-11.18.58:524][ 75]LogModuleManager: Shutting down and abandoning module SourceControl (245)
[2017.05.03-11.18.58:551][ 75]LogModuleManager: Shutting down and abandoning module LightPropagationVolumeEditor (242)
[2017.05.03-11.18.58:551][ 75]LogModuleManager: Shutting down and abandoning module PaperTiledImporter (240)
[2017.05.03-11.18.58:551][ 75]LogModuleManager: Shutting down and abandoning module PaperSpriteSheetImporter (238)
[2017.05.03-11.18.58:551][ 75]LogModuleManager: Shutting down and abandoning module Paper2DEditor (236)
[2017.05.03-11.18.58:614][ 75]LogModuleManager: Shutting down and abandoning module MeshPaint (235)
[2017.05.03-11.18.58:627][ 75]LogModuleManager: Shutting down and abandoning module LevelEditor (233)
[2017.05.03-11.18.58:667][ 75]LogModuleManager: Shutting down and abandoning module PixelInspectorModule (232)
[2017.05.03-11.18.58:735][ 75]LogModuleManager: Shutting down and abandoning module MainFrame (230)
[2017.05.03-11.18.58:735][ 75]LogModuleManager: Shutting down and abandoning module HotReload (229)
[2017.05.03-11.18.58:871][ 75]LogModuleManager: Shutting down and abandoning module ContentBrowser (225)
[2017.05.03-11.18.58:873][ 75]LogModuleManager: Shutting down and abandoning module PhysXVehiclesEditor (222)
[2017.05.03-11.18.58:909][ 75]LogModuleManager: Shutting down and abandoning module PhysXVehicles (220)
[2017.05.03-11.18.58:909][ 75]LogModuleManager: Shutting down and abandoning module LocationServicesBPLibrary (218)
[2017.05.03-11.18.58:909][ 75]LogModuleManager: Shutting down and abandoning module UdpMessaging (216)
[2017.05.03-11.18.59:009][ 75]LogModuleManager: Shutting down and abandoning module TcpMessaging (214)
[2017.05.03-11.18.59:170][ 75]LogModuleManager: Shutting down and abandoning module GameplayTagsEditor (212)
[2017.05.03-11.18.59:234][ 75]LogModuleManager: Shutting down and abandoning module FacialAnimationEditor (210)
[2017.05.03-11.18.59:262][ 75]LogModuleManager: Shutting down and abandoning module FacialAnimation (208)
[2017.05.03-11.18.59:262][ 75]LogModuleManager: Shutting down and abandoning module LightPropagationVolumeRuntime (206)
[2017.05.03-11.18.59:262][ 75]LogModuleManager: Shutting down and abandoning module Paper2D (204)
[2017.05.03-11.18.59:295][ 75]LogModuleManager: Shutting down and abandoning module WindowsMoviePlayer (202)
[2017.05.03-11.18.59:338][ 75]LogModuleManager: Shutting down and abandoning module WmfMedia (200)
[2017.05.03-11.18.59:370][ 75]LogModuleManager: Shutting down and abandoning module MfMedia (198)
[2017.05.03-11.18.59:370][ 75]LogModuleManager: Shutting down and abandoning module MediaAssets (196)
[2017.05.03-11.18.59:370][ 75]LogModuleManager: Shutting down and abandoning module GameLiveStreaming (194)
[2017.05.03-11.18.59:540][ 75]LogModuleManager: Shutting down and abandoning module VREditor (192)
[2017.05.03-11.18.59:540][ 75]LogModuleManager: Shutting down and abandoning module GameplayTasksEditor (190)
[2017.05.03-11.18.59:540][ 75]LogModuleManager: Shutting down and abandoning module BehaviorTreeEditor (188)
[2017.05.03-11.18.59:620][ 75]LogModuleManager: Shutting down and abandoning module FunctionalTesting (186)
[2017.05.03-11.18.59:620][ 75]LogModuleManager: Shutting down and abandoning module CollisionAnalyzer (184)
[2017.05.03-11.18.59:658][ 75]LogModuleManager: Shutting down and abandoning module UMG (182)
[2017.05.03-11.18.59:667][ 75]LogModuleManager: Shutting down and abandoning module UMGEditor (181)
[2017.05.03-11.18.59:667][ 75]LogModuleManager: Shutting down and abandoning module Sequencer (180)
[2017.05.03-11.18.59:667][ 75]LogModuleManager: Shutting down and abandoning module AssetTools (178)
[2017.05.03-11.18.59:768][ 75]LogModuleManager: Shutting down and abandoning module MessageLog (177)
[2017.05.03-11.18.59:768][ 75]LogModuleManager: Shutting down and abandoning module WorkspaceMenuStructure (176)
[2017.05.03-11.18.59:768][ 75]LogModuleManager: Shutting down and abandoning module SlateReflector (170)
[2017.05.03-11.18.59:834][ 75]LogModuleManager: Shutting down and abandoning module Slate (168)
[2017.05.03-11.18.59:834][ 75]LogModuleManager: Shutting down and abandoning module EditorStyle (166)
[2017.05.03-11.18.59:854][ 75]LogModuleManager: Shutting down and abandoning module SourceCodeAccess (164)
[2017.05.03-11.18.59:916][ 75]LogModuleManager: Shutting down and abandoning module HeadMountedDisplay (162)
[2017.05.03-11.18.59:916][ 75]LogModuleManager: Shutting down and abandoning module XAudio2 (160)
[2017.05.03-11.18.59:916][ 75]LogModuleManager: Shutting down and abandoning module Networking (158)
[2017.05.03-11.18.59:916][ 75]LogModuleManager: Shutting down and abandoning module Core (154)
[2017.05.03-11.18.59:916][ 75]LogModuleManager: Shutting down and abandoning module AssetRegistry (152)
[2017.05.03-11.19.00:158][ 75]LogDirectoryWatcher: A directory notification for '../../../Engine/Content/' was aborted.
[2017.05.03-11.19.00:158][ 75]LogDirectoryWatcher: A directory notification for '../../../../../../Users/nelso/OneDrive/Documents/Unreal Projects/Projecto3Dcars/Content/' was aborted.
[2017.05.03-11.19.00:158][ 75]LogDirectoryWatcher: A directory notification for '../../../Engine/Plugins/2D/Paper2D/Content/' was aborted.
[2017.05.03-11.19.00:193][ 75]LogModuleManager: Shutting down and abandoning module DirectoryWatcher (151)
[2017.05.03-11.19.00:194][ 75]LogModuleManager: Shutting down and abandoning module KismetCompiler (148)
[2017.05.03-11.19.00:194][ 75]LogModuleManager: Shutting down and abandoning module PhysXFormats (146)
[2017.05.03-11.19.00:194][ 75]LogModuleManager: Shutting down and abandoning module MeshUtilities (144)
[2017.05.03-11.19.00:251][ 75]LogModuleManager: Shutting down and abandoning module SimplygonSwarm (143)
[2017.05.03-11.19.00:259][ 75]LogModuleManager: Shutting down and abandoning module SimplygonMeshReduction (141)
[2017.05.03-11.19.00:259][ 75]LogModuleManager: Shutting down and abandoning module QuadricMeshReduction (139)
[2017.05.03-11.19.00:276][ 75]LogModuleManager: Shutting down and abandoning module PropertyEditor (137)
[2017.05.03-11.19.00:309][ 75]LogModuleManager: Shutting down and abandoning module DerivedDataCache (134)
[2017.05.03-11.19.00:400][ 75]LogDerivedDataCache: Shutdown
[2017.05.03-11.19.00:400][ 75]LogModuleManager: Shutting down and abandoning module TargetPlatform (132)
[2017.05.03-11.19.00:400][ 75]LogModuleManager: Shutting down and abandoning module VulkanShaderFormat (131)
[2017.05.03-11.19.00:419][ 75]LogModuleManager: Shutting down and abandoning module ShaderFormatOpenGL (129)
[2017.05.03-11.19.00:428][ 75]LogModuleManager: Shutting down and abandoning module ShaderFormatD3D (127)
[2017.05.03-11.19.00:444][ 75]LogModuleManager: Shutting down and abandoning module MetalShaderFormat (125)
[2017.05.03-11.19.00:456][ 75]LogModuleManager: Shutting down and abandoning module TextureFormatUncompressed (123)
[2017.05.03-11.19.00:456][ 75]LogModuleManager: Shutting down and abandoning module TextureFormatPVR (121)
[2017.05.03-11.19.00:456][ 75]LogModuleManager: Shutting down and abandoning module TextureFormatDXT (119)
[2017.05.03-11.19.00:464][ 75]LogModuleManager: Shutting down and abandoning module TextureFormatIntelISPCTexComp (117)
[2017.05.03-11.19.00:496][ 75]LogModuleManager: Shutting down and abandoning module TextureFormatASTC (115)
[2017.05.03-11.19.00:496][ 75]LogModuleManager: Shutting down and abandoning module ImageWrapper (114)
[2017.05.03-11.19.00:496][ 75]LogModuleManager: Shutting down and abandoning module TextureFormatAndroid (111)
[2017.05.03-11.19.00:496][ 75]LogModuleManager: Shutting down and abandoning module AudioFormatOpus (109)
[2017.05.03-11.19.00:509][ 75]LogModuleManager: Shutting down and abandoning module AudioFormatOgg (107)
[2017.05.03-11.19.00:509][ 75]LogModuleManager: Shutting down and abandoning module AudioFormatADPCM (105)
[2017.05.03-11.19.00:509][ 75]LogModuleManager: Shutting down and abandoning module LinuxTargetPlatform (103)
[2017.05.03-11.19.00:509][ 75]LogModuleManager: Shutting down and abandoning module LinuxServerTargetPlatform (101)
[2017.05.03-11.19.00:509][ 75]LogModuleManager: Shutting down and abandoning module LinuxNoEditorTargetPlatform (99)
[2017.05.03-11.19.00:509][ 75]LogModuleManager: Shutting down and abandoning module LinuxClientTargetPlatform (97)
[2017.05.03-11.19.00:509][ 75]LogModuleManager: Shutting down and abandoning module TVOSTargetPlatform (95)
[2017.05.03-11.19.00:509][ 75]LogModuleManager: Shutting down and abandoning module Messaging (93)
[2017.05.03-11.19.00:509][ 75]LogModuleManager: Shutting down and abandoning module IOSTargetPlatform (91)
[2017.05.03-11.19.00:509][ 75]LogModuleManager: Shutting down and abandoning module HTML5TargetPlatform (89)
[2017.05.03-11.19.00:509][ 75]LogModuleManager: Shutting down and abandoning module Android_PVRTCTargetPlatform (87)
[2017.05.03-11.19.00:509][ 75]LogModuleManager: Shutting down and abandoning module Android_MultiTargetPlatform (85)
[2017.05.03-11.19.00:509][ 75]LogModuleManager: Shutting down and abandoning module Android_ETC2TargetPlatform (83)
[2017.05.03-11.19.00:509][ 75]LogModuleManager: Shutting down and abandoning module Android_ETC1TargetPlatform (81)
[2017.05.03-11.19.00:509][ 75]LogModuleManager: Shutting down and abandoning module Android_DXTTargetPlatform (79)
[2017.05.03-11.19.00:509][ 75]LogModuleManager: Shutting down and abandoning module Android_ATCTargetPlatform (77)
[2017.05.03-11.19.00:509][ 75]LogModuleManager: Shutting down and abandoning module Android_ASTCTargetPlatform (75)
[2017.05.03-11.19.00:509][ 75]LogModuleManager: Shutting down and abandoning module AndroidTargetPlatform (73)
[2017.05.03-11.19.00:509][ 75]LogModuleManager: Shutting down and abandoning module WindowsTargetPlatform (71)
[2017.05.03-11.19.00:509][ 75]LogModuleManager: Shutting down and abandoning module WindowsServerTargetPlatform (69)
[2017.05.03-11.19.00:509][ 75]LogModuleManager: Shutting down and abandoning module WindowsNoEditorTargetPlatform (67)
[2017.05.03-11.19.00:509][ 75]LogModuleManager: Shutting down and abandoning module WindowsClientTargetPlatform (65)
[2017.05.03-11.19.00:509][ 75]LogModuleManager: Shutting down and abandoning module MacTargetPlatform (63)
[2017.05.03-11.19.00:509][ 75]LogModuleManager: Shutting down and abandoning module MacServerTargetPlatform (61)
[2017.05.03-11.19.00:509][ 75]LogModuleManager: Shutting down and abandoning module MacNoEditorTargetPlatform (59)
[2017.05.03-11.19.00:509][ 75]LogModuleManager: Shutting down and abandoning module MacClientTargetPlatform (57)
[2017.05.03-11.19.00:509][ 75]LogModuleManager: Shutting down and abandoning module AllDesktopTargetPlatform (55)
[2017.05.03-11.19.00:509][ 75]LogModuleManager: Shutting down and abandoning module InputCore (52)
[2017.05.03-11.19.00:509][ 75]LogModuleManager: Shutting down and abandoning module Settings (50)
[2017.05.03-11.19.00:509][ 75]LogModuleManager: Shutting down and abandoning module OculusRift (48)
[2017.05.03-11.19.00:530][ 75]LogModuleManager: Shutting down and abandoning module GearVR (46)
[2017.05.03-11.19.00:531][ 75]LogModuleManager: Shutting down and abandoning module ExampleDeviceProfileSelector (44)
[2017.05.03-11.19.00:531][ 75]LogModuleManager: Shutting down and abandoning module OnlineBlueprintSupport (42)
[2017.05.03-11.19.00:531][ 75]LogModuleManager: Shutting down and abandoning module OnlineSubsystem (38)
[2017.05.03-11.19.00:531][ 75]LogOnline:Display: Unloading online subsystem: NULL
[2017.05.03-11.19.00:576][ 75]LogModuleManager: Shutting down and abandoning module XMPP (37)
[2017.05.03-11.19.00:667][ 75]LogModuleManager: Shutting down and abandoning module HTTP (35)
[2017.05.03-11.19.00:680][ 75]LogHttp:Display: Http module shutting down, but needs to wait on 1 outstanding Http requests:
[2017.05.03-11.19.00:680][ 75]LogHttp:Display: 	verb=[POST] url=[https://datarouter.ol.epicgames.com/datarouter/api/v1/public/data?SessionID=%7B1FC14CDA-455C-A202-6FCC-CBB50BC12D61%7D&AppID=UEEditor.Rocket.Release&AppVersion=4.15.2-3416026%2B%2B%2BUE4%2BRelease-4.15&UserID=1dae0a3042bd3e231ef317884ef14df6%7C037fdcebcd72403e895e7893d1ff0e5c%7C41472952-92bc-4579-84a7-815f00ef22b8&AppEnvironment=datacollector-binary&UploadType=eteventstream] status=Processing
[2017.05.03-11.19.00:692][ 75]LogModuleManager: Shutting down and abandoning module SSL (34)
[2017.05.03-11.19.00:715][ 75]LogModuleManager: Shutting down and abandoning module AudioEditor (30)
[2017.05.03-11.19.00:775][ 75]LogModuleManager: Shutting down and abandoning module TextureCompressor (28)
[2017.05.03-11.19.00:817][ 75]LogModuleManager: Shutting down and abandoning module ShaderCore (26)
[2017.05.03-11.19.00:817][ 75]LogModuleManager: Shutting down and abandoning module Landscape (24)
[2017.05.03-11.19.00:817][ 75]LogModuleManager: Shutting down and abandoning module SlateRHIRenderer (22)
[2017.05.03-11.19.00:839][ 75]LogModuleManager: Shutting down and abandoning module OpenGLDrv (20)
[2017.05.03-11.19.00:854][ 75]LogModuleManager: Shutting down and abandoning module D3D11RHI (18)
[2017.05.03-11.19.00:854][ 75]LogModuleManager: Shutting down and abandoning module AnimGraphRuntime (16)
[2017.05.03-11.19.00:878][ 75]LogModuleManager: Shutting down and abandoning module Renderer (14)
[2017.05.03-11.19.00:878][ 75]LogModuleManager: Shutting down and abandoning module Engine (12)
[2017.05.03-11.19.00:878][ 75]LogModuleManager: Shutting down and abandoning module CoreUObject (10)
[2017.05.03-11.19.00:878][ 75]LogModuleManager: Shutting down and abandoning module NetworkFile (8)
[2017.05.03-11.19.00:900][ 75]LogModuleManager: Shutting down and abandoning module StreamingFile (6)
[2017.05.03-11.19.00:921][ 75]LogModuleManager: Shutting down and abandoning module SandboxFile (4)
[2017.05.03-11.19.00:921][ 75]LogModuleManager: Shutting down and abandoning module PakFile (2)
[2017.05.03-11.19.00:953][ 75]LogExit: Exiting.
[2017.05.03-11.19.00:998][ 75]Log file closed, 05/03/17 12:19:00
